#
# There is insufficient memory for the Java Runtime Environment to continue.
# Native memory allocation (malloc) failed to allocate 131088 bytes. Error detail: Chunk::new
# Possible reasons:
#   The system is out of physical RAM or swap space
#   This process is running with CompressedOops enabled, and the Java Heap may be blocking the growth of the native heap
# Possible solutions:
#   Reduce memory load on the system
#   Increase physical memory or swap space
#   Check if swap backing store is full
#   Decrease Java heap size (-Xmx/-Xms)
#   Decrease number of Java threads
#   Decrease Java thread stack sizes (-Xss)
#   Set larger code cache with -XX:ReservedCodeCacheSize=
#   JVM is running with Unscaled Compressed Oops mode in which the Java heap is
#     placed in the first 4GB address space. The Java Heap base address is the
#     maximum limit for the native heap growth. Please use -XX:HeapBaseMinAddress
#     to set the Java Heap base and to place the Java Heap above 4GB virtual address.
# This output file may be truncated or incomplete.
#
#  Out of Memory Error (arena.cpp:168), pid=24920, tid=15796
#
# JRE version: OpenJDK Runtime Environment Temurin-21.0.6+7 (21.0.6+7) (build 21.0.6+7-LTS)
# Java VM: OpenJDK 64-Bit Server VM Temurin-21.0.6+7 (21.0.6+7-LTS, mixed mode, sharing, tiered, compressed oops, compressed class ptrs, parallel gc, windows-amd64)
# No core dump will be written. Minidumps are not enabled by default on client versions of Windows
#

---------------  S U M M A R Y ------------

Command Line: --add-modules=ALL-SYSTEM --add-opens=java.base/java.util=ALL-UNNAMED --add-opens=java.base/java.lang=ALL-UNNAMED --add-opens=java.base/sun.nio.fs=ALL-UNNAMED -Declipse.application=org.eclipse.jdt.ls.core.id1 -Dosgi.bundles.defaultStartLevel=4 -Declipse.product=org.eclipse.jdt.ls.core.product -Djava.import.generatesMetadataFilesAtProjectRoot=false -DDetectVMInstallationsJob.disabled=true -Dfile.encoding=utf8 -XX:+UseParallelGC -XX:GCTimeRatio=4 -XX:AdaptiveSizePolicyWeight=90 -Dsun.zip.disableMemoryMapping=true -Xmx1G -Xms100m -Xlog:disable -javaagent:c:\Users\retti\.cursor\extensions\redhat.java-1.41.1-win32-x64\lombok\lombok-1.18.36.jar -XX:+HeapDumpOnOutOfMemoryError -XX:HeapDumpPath=c:\Users\retti\AppData\Roaming\Cursor\User\workspaceStorage\3c3ab49b42226e0c40f278b0320f8791\redhat.java -Daether.dependencyCollector.impl=bf c:\Users\retti\.cursor\extensions\redhat.java-1.41.1-win32-x64\server\plugins\org.eclipse.equinox.launcher_1.7.0.v20250331-1702.jar -configuration c:\Users\retti\AppData\Roaming\Cursor\User\globalStorage\redhat.java\1.41.1\config_win -data c:\Users\retti\AppData\Roaming\Cursor\User\workspaceStorage\3c3ab49b42226e0c40f278b0320f8791\redhat.java\jdt_ws --pipe=\\.\pipe\lsp-c13051208791df12239ff1a7a552f7aa-sock

Host: Intel(R) Core(TM) i3-1005G1 CPU @ 1.20GHz, 4 cores, 7G,  Windows 11 , 64 bit Build 22621 (10.0.22621.5262)
Time: Thu May  8 06:47:19 2025 Central Daylight Time elapsed time: 13.412636 seconds (0d 0h 0m 13s)

---------------  T H R E A D  ---------------

Current thread (0x000001bef32566a0):  JavaThread "C2 CompilerThread0" daemon [_thread_in_native, id=15796, stack(0x0000006798000000,0x0000006798100000) (1024K)]


Current CompileTask:
C2:13412 4440   !   4       org.eclipse.osgi.internal.loader.classpath.ClasspathManager::findClassImpl (343 bytes)

Stack: [0x0000006798000000,0x0000006798100000]
Native frames: (J=compiled Java code, j=interpreted, Vv=VM code, C=native code)
V  [jvm.dll+0x6cdee9]
V  [jvm.dll+0x8a83d1]
V  [jvm.dll+0x8aa8fe]
V  [jvm.dll+0x8aafe3]
V  [jvm.dll+0x27f706]
V  [jvm.dll+0xc500d]
V  [jvm.dll+0xc5543]
V  [jvm.dll+0xd28d4]
V  [jvm.dll+0x1e180c]
V  [jvm.dll+0x1e2bc2]
V  [jvm.dll+0x718285]
V  [jvm.dll+0x1dfd46]
V  [jvm.dll+0x247b42]
V  [jvm.dll+0x246fcf]
V  [jvm.dll+0x1c75ee]
V  [jvm.dll+0x25685a]
V  [jvm.dll+0x254dfa]
V  [jvm.dll+0x3f0256]
V  [jvm.dll+0x851f8b]
V  [jvm.dll+0x6cc5ed]
C  [ucrtbase.dll+0x29333]
C  [KERNEL32.DLL+0x1259d]
C  [ntdll.dll+0x5af58]


---------------  P R O C E S S  ---------------

Threads class SMR info:
_java_thread_list=0x000001befa311da0, length=25, elements={
0x000001bedef20130, 0x000001bef324b660, 0x000001bef324df70, 0x000001bef324f210,
0x000001bef3250b10, 0x000001bef3251b50, 0x000001bef32557f0, 0x000001bef32566a0,
0x000001bef32ca2d0, 0x000001bef80344d0, 0x000001bef82ad230, 0x000001bef8683e50,
0x000001bef882fed0, 0x000001bef8ad96b0, 0x000001bef8ada8f0, 0x000001bef90d6a00,
0x000001bef924b470, 0x000001bef8f654b0, 0x000001bef8f65b40, 0x000001bef8f64e20,
0x000001bef8f661d0, 0x000001bef8f64100, 0x000001bef8f64790, 0x000001bef8f66860,
0x000001bef8f66ef0
}

Java Threads: ( => current thread )
  0x000001bedef20130 JavaThread "main"                              [_thread_blocked, id=24260, stack(0x0000006797600000,0x0000006797700000) (1024K)]
  0x000001bef324b660 JavaThread "Reference Handler"          daemon [_thread_blocked, id=5448, stack(0x0000006797a00000,0x0000006797b00000) (1024K)]
  0x000001bef324df70 JavaThread "Finalizer"                  daemon [_thread_blocked, id=16376, stack(0x0000006797b00000,0x0000006797c00000) (1024K)]
  0x000001bef324f210 JavaThread "Signal Dispatcher"          daemon [_thread_blocked, id=17540, stack(0x0000006797c00000,0x0000006797d00000) (1024K)]
  0x000001bef3250b10 JavaThread "Attach Listener"            daemon [_thread_blocked, id=13028, stack(0x0000006797d00000,0x0000006797e00000) (1024K)]
  0x000001bef3251b50 JavaThread "Service Thread"             daemon [_thread_blocked, id=20848, stack(0x0000006797e00000,0x0000006797f00000) (1024K)]
  0x000001bef32557f0 JavaThread "Monitor Deflation Thread"   daemon [_thread_blocked, id=9848, stack(0x0000006797f00000,0x0000006798000000) (1024K)]
=>0x000001bef32566a0 JavaThread "C2 CompilerThread0"         daemon [_thread_in_native, id=15796, stack(0x0000006798000000,0x0000006798100000) (1024K)]
  0x000001bef32ca2d0 JavaThread "C1 CompilerThread0"         daemon [_thread_blocked, id=22108, stack(0x0000006798100000,0x0000006798200000) (1024K)]
  0x000001bef80344d0 JavaThread "Common-Cleaner"             daemon [_thread_blocked, id=13832, stack(0x0000006798200000,0x0000006798300000) (1024K)]
  0x000001bef82ad230 JavaThread "Notification Thread"        daemon [_thread_blocked, id=1268, stack(0x0000006798400000,0x0000006798500000) (1024K)]
  0x000001bef8683e50 JavaThread "Active Thread: Equinox Container: b1d45646-befb-4965-9087-2b604b787467"        [_thread_blocked, id=3204, stack(0x0000006798300000,0x0000006798400000) (1024K)]
  0x000001bef882fed0 JavaThread "Refresh Thread: Equinox Container: b1d45646-befb-4965-9087-2b604b787467" daemon [_thread_blocked, id=1148, stack(0x0000006798900000,0x0000006798a00000) (1024K)]
  0x000001bef8ad96b0 JavaThread "Framework Event Dispatcher: Equinox Container: b1d45646-befb-4965-9087-2b604b787467" daemon [_thread_blocked, id=3288, stack(0x0000006798a00000,0x0000006798b00000) (1024K)]
  0x000001bef8ada8f0 JavaThread "Start Level: Equinox Container: b1d45646-befb-4965-9087-2b604b787467" daemon [_thread_blocked, id=15020, stack(0x0000006798b00000,0x0000006798c00000) (1024K)]
  0x000001bef90d6a00 JavaThread "Bundle File Closer"         daemon [_thread_blocked, id=2664, stack(0x0000006798800000,0x0000006798900000) (1024K)]
  0x000001bef924b470 JavaThread "SCR Component Actor"        daemon [_thread_blocked, id=20260, stack(0x0000006798c00000,0x0000006798d00000) (1024K)]
  0x000001bef8f654b0 JavaThread "SCR Component Registry"     daemon [_thread_blocked, id=6404, stack(0x0000006798d00000,0x0000006798e00000) (1024K)]
  0x000001bef8f65b40 JavaThread "Worker-JM"                         [_thread_blocked, id=9812, stack(0x0000006798e00000,0x0000006798f00000) (1024K)]
  0x000001bef8f64e20 JavaThread "JNA Cleaner"                daemon [_thread_blocked, id=19612, stack(0x0000006798f00000,0x0000006799000000) (1024K)]
  0x000001bef8f661d0 JavaThread "Worker-0: Repository registry initialization"        [_thread_blocked, id=7660, stack(0x0000006799000000,0x0000006799100000) (1024K)]
  0x000001bef8f64100 JavaThread "Worker-1: Updating Maven Dependencies"        [_thread_blocked, id=13940, stack(0x0000006799100000,0x0000006799200000) (1024K)]
  0x000001bef8f64790 JavaThread "Worker-2"                          [_thread_blocked, id=14052, stack(0x0000006799200000,0x0000006799300000) (1024K)]
  0x000001bef8f66860 JavaThread "Worker-3"                          [_thread_blocked, id=21140, stack(0x0000006799300000,0x0000006799400000) (1024K)]
  0x000001bef8f66ef0 JavaThread "Java indexing"              daemon [_thread_new, id=18616, stack(0x0000000000000000,0x0000000000000000) (0B)]
Total: 25

Other Threads:
  0x000001bedefde470 VMThread "VM Thread"                           [id=23224, stack(0x0000006797900000,0x0000006797a00000) (1024K)] _threads_hazard_ptr=0x000001befa311da0
  0x000001bedef8a130 WatcherThread "VM Periodic Task Thread"        [id=5428, stack(0x0000006797800000,0x0000006797900000) (1024K)]
  0x000001bedef3d350 WorkerThread "GC Thread#0"                     [id=14772, stack(0x0000006797700000,0x0000006797800000) (1024K)]
  0x000001bef8275e20 WorkerThread "GC Thread#1"                     [id=22572, stack(0x0000006798500000,0x0000006798600000) (1024K)]
  0x000001bef84cd790 WorkerThread "GC Thread#2"                     [id=2096, stack(0x0000006798600000,0x0000006798700000) (1024K)]
  0x000001bef85bbae0 WorkerThread "GC Thread#3"                     [id=8484, stack(0x0000006798700000,0x0000006798800000) (1024K)]
Total: 6

Threads with active compile tasks:
C2 CompilerThread0  13451 4440   !   4       org.eclipse.osgi.internal.loader.classpath.ClasspathManager::findClassImpl (343 bytes)
Total: 1

VM state: not at safepoint (normal execution)

VM Mutex/Monitor currently owned by a thread:  ([mutex/lock_event])
[0x00007ff8257ae480] Heap_lock - owner thread: 0x000001bef8f64100

Heap address: 0x00000000c0000000, size: 1024 MB, Compressed Oops mode: 32-bit

CDS archive(s) mapped at: [0x000001be80000000-0x000001be80ba0000-0x000001be80ba0000), size 12189696, SharedBaseAddress: 0x000001be80000000, ArchiveRelocationMode: 1.
Compressed class space mapped at: 0x000001be81000000-0x000001bec1000000, reserved size: 1073741824
Narrow klass base: 0x000001be80000000, Narrow klass shift: 0, Narrow klass range: 0x100000000

GC Precious Log:
 CardTable entry size: 512
 CPUs: 4 total, 4 available
 Memory: 7987M
 Large Page Support: Disabled
 NUMA Support: Disabled
 Compressed Oops: Enabled (32-bit)
 Alignments: Space 512K, Generation 512K, Heap 2M
 Heap Min Capacity: 100M
 Heap Initial Capacity: 100M
 Heap Max Capacity: 1G
 Pre-touch: Disabled
 Parallel Workers: 4

Heap:
 PSYoungGen      total 24576K, used 24539K [0x00000000eab00000, 0x00000000ec880000, 0x0000000100000000)
  eden space 23040K, 99% used [0x00000000eab00000,0x00000000ec17fff0,0x00000000ec180000)
  from space 1536K, 97% used [0x00000000ec700000,0x00000000ec876da0,0x00000000ec880000)
  to   space 2048K, 0% used [0x00000000ec480000,0x00000000ec480000,0x00000000ec680000)
 ParOldGen       total 68608K, used 13954K [0x00000000c0000000, 0x00000000c4300000, 0x00000000eab00000)
  object space 68608K, 20% used [0x00000000c0000000,0x00000000c0da0a90,0x00000000c4300000)
 Metaspace       used 30090K, committed 30976K, reserved 1114112K
  class space    used 2964K, committed 3328K, reserved 1048576K

Card table byte_map: [0x000001bede8c0000,0x000001bedead0000] _byte_map_base: 0x000001bede2c0000

Marking Bits: (ParMarkBitMap*) 0x00007ff8257b3260
 Begin Bits: [0x000001bef1110000, 0x000001bef2110000)
 End Bits:   [0x000001bef2110000, 0x000001bef3110000)

Polling page: 0x000001bedcde0000

Metaspace:

Usage:
  Non-class:     26.49 MB used.
      Class:      2.90 MB used.
       Both:     29.38 MB used.

Virtual space:
  Non-class space:       64.00 MB reserved,      27.00 MB ( 42%) committed,  1 nodes.
      Class space:        1.00 GB reserved,       3.25 MB ( <1%) committed,  1 nodes.
             Both:        1.06 GB reserved,      30.25 MB (  3%) committed. 

Chunk freelists:
   Non-Class:  4.75 MB
       Class:  12.77 MB
        Both:  17.52 MB

MaxMetaspaceSize: unlimited
CompressedClassSpaceSize: 1.00 GB
Initial GC threshold: 21.00 MB
Current GC threshold: 35.00 MB
CDS: on
 - commit_granule_bytes: 65536.
 - commit_granule_words: 8192.
 - virtual_space_node_default_size: 8388608.
 - enlarge_chunks_in_place: 1.
 - use_allocation_guard: 0.


Internal statistics:

num_allocs_failed_limit: 3.
num_arena_births: 698.
num_arena_deaths: 14.
num_vsnodes_births: 2.
num_vsnodes_deaths: 0.
num_space_committed: 484.
num_space_uncommitted: 0.
num_chunks_returned_to_freelist: 17.
num_chunks_taken_from_freelist: 1935.
num_chunk_merges: 9.
num_chunk_splits: 1241.
num_chunks_enlarged: 779.
num_inconsistent_stats: 0.

CodeHeap 'non-profiled nmethods': size=120000Kb used=2059Kb max_used=2059Kb free=117940Kb
 bounds [0x000001bee9be0000, 0x000001bee9e50000, 0x000001bef1110000]
CodeHeap 'profiled nmethods': size=120000Kb used=9445Kb max_used=9445Kb free=110554Kb
 bounds [0x000001bee2110000, 0x000001bee2a50000, 0x000001bee9640000]
CodeHeap 'non-nmethods': size=5760Kb used=1344Kb max_used=1387Kb free=4415Kb
 bounds [0x000001bee9640000, 0x000001bee98b0000, 0x000001bee9be0000]
 total_blobs=5061 nmethods=4436 adapters=531
 compilation: enabled
              stopped_count=0, restarted_count=0
 full_count=0

Compilation events (20 events):
Event: 12.927 Thread 0x000001bef32ca2d0 4435       1       java.util.zip.ZipFile$ZipFileInputStream::size (5 bytes)
Event: 12.927 Thread 0x000001bef32ca2d0 nmethod 4435 0x000001bee9dd7f10 code [0x000001bee9dd80a0, 0x000001bee9dd8168]
Event: 12.927 Thread 0x000001bef32ca2d0 4436       3       java.io.BufferedReader::readLine (7 bytes)
Event: 12.927 Thread 0x000001bef32ca2d0 nmethod 4436 0x000001bee2a46910 code [0x000001bee2a46ac0, 0x000001bee2a46c28]
Event: 12.927 Thread 0x000001bef32ca2d0 4437   !   3       java.io.BufferedReader::readLine (72 bytes)
Event: 12.928 Thread 0x000001bef32ca2d0 nmethod 4437 0x000001bee2a46d10 code [0x000001bee2a46fa0, 0x000001bee2a47db8]
Event: 12.933 Thread 0x000001bef32ca2d0 4438       3       org.eclipse.sisu.space.asm.ClassReader::readUnsignedShort (26 bytes)
Event: 12.933 Thread 0x000001bef32ca2d0 nmethod 4438 0x000001bee2a48290 code [0x000001bee2a48440, 0x000001bee2a485b0]
Event: 12.936 Thread 0x000001bef32ca2d0 4441       3       jdk.internal.org.objectweb.asm.MethodWriter::visitTryCatchBlock (67 bytes)
Event: 12.936 Thread 0x000001bef32ca2d0 nmethod 4441 0x000001bee2a48690 code [0x000001bee2a48860, 0x000001bee2a48d00]
Event: 12.936 Thread 0x000001bef32ca2d0 4442       3       jdk.internal.org.objectweb.asm.Handler::<init> (32 bytes)
Event: 12.936 Thread 0x000001bef32ca2d0 nmethod 4442 0x000001bee2a48f10 code [0x000001bee2a490c0, 0x000001bee2a49280]
Event: 12.936 Thread 0x000001bef32ca2d0 4443       3       java.lang.Class::forName (41 bytes)
Event: 12.936 Thread 0x000001bef32ca2d0 nmethod 4443 0x000001bee2a49310 code [0x000001bee2a494c0, 0x000001bee2a496b8]
Event: 13.004 Thread 0x000001bef32566a0 nmethod 4280 0x000001bee9dd8210 code [0x000001bee9dd87e0, 0x000001bee9ddb7a8]
Event: 13.004 Thread 0x000001bef32566a0 4439       4       org.eclipse.osgi.internal.loader.classpath.ClasspathEntry::findEntry (56 bytes)
Event: 13.100 Thread 0x000001bef32566a0 nmethod 4439 0x000001bee9dde190 code [0x000001bee9dde560, 0x000001bee9ddff40]
Event: 13.100 Thread 0x000001bef32566a0 4433   !   4       org.eclipse.osgi.storage.bundlefile.CloseableBundleFile::getEntry (28 bytes)
Event: 13.118 Thread 0x000001bef32566a0 nmethod 4433 0x000001bee9de1390 code [0x000001bee9de1660, 0x000001bee9de22e8]
Event: 13.118 Thread 0x000001bef32566a0 4440   !   4       org.eclipse.osgi.internal.loader.classpath.ClasspathManager::findClassImpl (343 bytes)

GC Heap History (20 events):
Event: 3.385 GC heap before
{Heap before GC invocations=2 (full 0):
 PSYoungGen      total 29696K, used 28805K [0x00000000eab00000, 0x00000000ecc00000, 0x0000000100000000)
  eden space 25600K, 100% used [0x00000000eab00000,0x00000000ec400000,0x00000000ec400000)
  from space 4096K, 78% used [0x00000000ec400000,0x00000000ec7217f0,0x00000000ec800000)
  to   space 4096K, 0% used [0x00000000ec800000,0x00000000ec800000,0x00000000ecc00000)
 ParOldGen       total 68608K, used 8K [0x00000000c0000000, 0x00000000c4300000, 0x00000000eab00000)
  object space 68608K, 0% used [0x00000000c0000000,0x00000000c0002000,0x00000000c4300000)
 Metaspace       used 7938K, committed 8256K, reserved 1114112K
  class space    used 775K, committed 960K, reserved 1048576K
}
Event: 3.392 GC heap after
{Heap after GC invocations=2 (full 0):
 PSYoungGen      total 29696K, used 4069K [0x00000000eab00000, 0x00000000ecc00000, 0x0000000100000000)
  eden space 25600K, 0% used [0x00000000eab00000,0x00000000eab00000,0x00000000ec400000)
  from space 4096K, 99% used [0x00000000ec800000,0x00000000ecbf97f0,0x00000000ecc00000)
  to   space 4096K, 0% used [0x00000000ec400000,0x00000000ec400000,0x00000000ec800000)
 ParOldGen       total 68608K, used 1706K [0x00000000c0000000, 0x00000000c4300000, 0x00000000eab00000)
  object space 68608K, 2% used [0x00000000c0000000,0x00000000c01aab48,0x00000000c4300000)
 Metaspace       used 7938K, committed 8256K, reserved 1114112K
  class space    used 775K, committed 960K, reserved 1048576K
}
Event: 4.470 GC heap before
{Heap before GC invocations=3 (full 0):
 PSYoungGen      total 29696K, used 29669K [0x00000000eab00000, 0x00000000ecc00000, 0x0000000100000000)
  eden space 25600K, 100% used [0x00000000eab00000,0x00000000ec400000,0x00000000ec400000)
  from space 4096K, 99% used [0x00000000ec800000,0x00000000ecbf97f0,0x00000000ecc00000)
  to   space 4096K, 0% used [0x00000000ec400000,0x00000000ec400000,0x00000000ec800000)
 ParOldGen       total 68608K, used 1706K [0x00000000c0000000, 0x00000000c4300000, 0x00000000eab00000)
  object space 68608K, 2% used [0x00000000c0000000,0x00000000c01aab48,0x00000000c4300000)
 Metaspace       used 9228K, committed 9536K, reserved 1114112K
  class space    used 923K, committed 1088K, reserved 1048576K
}
Event: 4.475 GC heap after
{Heap after GC invocations=3 (full 0):
 PSYoungGen      total 29696K, used 4083K [0x00000000eab00000, 0x00000000ecc00000, 0x0000000100000000)
  eden space 25600K, 0% used [0x00000000eab00000,0x00000000eab00000,0x00000000ec400000)
  from space 4096K, 99% used [0x00000000ec400000,0x00000000ec7fcea0,0x00000000ec800000)
  to   space 4096K, 0% used [0x00000000ec800000,0x00000000ec800000,0x00000000ecc00000)
 ParOldGen       total 68608K, used 5780K [0x00000000c0000000, 0x00000000c4300000, 0x00000000eab00000)
  object space 68608K, 8% used [0x00000000c0000000,0x00000000c05a5390,0x00000000c4300000)
 Metaspace       used 9228K, committed 9536K, reserved 1114112K
  class space    used 923K, committed 1088K, reserved 1048576K
}
Event: 6.586 GC heap before
{Heap before GC invocations=4 (full 0):
 PSYoungGen      total 29696K, used 29683K [0x00000000eab00000, 0x00000000ecc00000, 0x0000000100000000)
  eden space 25600K, 100% used [0x00000000eab00000,0x00000000ec400000,0x00000000ec400000)
  from space 4096K, 99% used [0x00000000ec400000,0x00000000ec7fcea0,0x00000000ec800000)
  to   space 4096K, 0% used [0x00000000ec800000,0x00000000ec800000,0x00000000ecc00000)
 ParOldGen       total 68608K, used 5780K [0x00000000c0000000, 0x00000000c4300000, 0x00000000eab00000)
  object space 68608K, 8% used [0x00000000c0000000,0x00000000c05a5390,0x00000000c4300000)
 Metaspace       used 12234K, committed 12672K, reserved 1114112K
  class space    used 1208K, committed 1408K, reserved 1048576K
}
Event: 6.592 GC heap after
{Heap after GC invocations=4 (full 0):
 PSYoungGen      total 29696K, used 4071K [0x00000000eab00000, 0x00000000ecc00000, 0x0000000100000000)
  eden space 25600K, 0% used [0x00000000eab00000,0x00000000eab00000,0x00000000ec400000)
  from space 4096K, 99% used [0x00000000ec800000,0x00000000ecbf9f98,0x00000000ecc00000)
  to   space 4096K, 0% used [0x00000000ec400000,0x00000000ec400000,0x00000000ec800000)
 ParOldGen       total 68608K, used 6626K [0x00000000c0000000, 0x00000000c4300000, 0x00000000eab00000)
  object space 68608K, 9% used [0x00000000c0000000,0x00000000c06789b8,0x00000000c4300000)
 Metaspace       used 12234K, committed 12672K, reserved 1114112K
  class space    used 1208K, committed 1408K, reserved 1048576K
}
Event: 8.174 GC heap before
{Heap before GC invocations=5 (full 0):
 PSYoungGen      total 29696K, used 29671K [0x00000000eab00000, 0x00000000ecc00000, 0x0000000100000000)
  eden space 25600K, 100% used [0x00000000eab00000,0x00000000ec400000,0x00000000ec400000)
  from space 4096K, 99% used [0x00000000ec800000,0x00000000ecbf9f98,0x00000000ecc00000)
  to   space 4096K, 0% used [0x00000000ec400000,0x00000000ec400000,0x00000000ec800000)
 ParOldGen       total 68608K, used 6626K [0x00000000c0000000, 0x00000000c4300000, 0x00000000eab00000)
  object space 68608K, 9% used [0x00000000c0000000,0x00000000c06789b8,0x00000000c4300000)
 Metaspace       used 16148K, committed 16832K, reserved 1114112K
  class space    used 1585K, committed 1856K, reserved 1048576K
}
Event: 8.179 GC heap after
{Heap after GC invocations=5 (full 0):
 PSYoungGen      total 29184K, used 4082K [0x00000000eab00000, 0x00000000ece80000, 0x0000000100000000)
  eden space 25088K, 0% used [0x00000000eab00000,0x00000000eab00000,0x00000000ec380000)
  from space 4096K, 99% used [0x00000000ec400000,0x00000000ec7fc8c0,0x00000000ec800000)
  to   space 5632K, 0% used [0x00000000ec900000,0x00000000ec900000,0x00000000ece80000)
 ParOldGen       total 68608K, used 7997K [0x00000000c0000000, 0x00000000c4300000, 0x00000000eab00000)
  object space 68608K, 11% used [0x00000000c0000000,0x00000000c07cf540,0x00000000c4300000)
 Metaspace       used 16148K, committed 16832K, reserved 1114112K
  class space    used 1585K, committed 1856K, reserved 1048576K
}
Event: 10.004 GC heap before
{Heap before GC invocations=6 (full 0):
 PSYoungGen      total 29184K, used 29170K [0x00000000eab00000, 0x00000000ece80000, 0x0000000100000000)
  eden space 25088K, 100% used [0x00000000eab00000,0x00000000ec380000,0x00000000ec380000)
  from space 4096K, 99% used [0x00000000ec400000,0x00000000ec7fc8c0,0x00000000ec800000)
  to   space 5632K, 0% used [0x00000000ec900000,0x00000000ec900000,0x00000000ece80000)
 ParOldGen       total 68608K, used 7997K [0x00000000c0000000, 0x00000000c4300000, 0x00000000eab00000)
  object space 68608K, 11% used [0x00000000c0000000,0x00000000c07cf540,0x00000000c4300000)
 Metaspace       used 18786K, committed 19648K, reserved 1114112K
  class space    used 1885K, committed 2240K, reserved 1048576K
}
Event: 10.013 GC heap after
{Heap after GC invocations=6 (full 0):
 PSYoungGen      total 29696K, used 5057K [0x00000000eab00000, 0x00000000ece00000, 0x0000000100000000)
  eden space 24576K, 0% used [0x00000000eab00000,0x00000000eab00000,0x00000000ec300000)
  from space 5120K, 98% used [0x00000000ec900000,0x00000000ecdf0548,0x00000000ece00000)
  to   space 5632K, 0% used [0x00000000ec300000,0x00000000ec300000,0x00000000ec880000)
 ParOldGen       total 68608K, used 8005K [0x00000000c0000000, 0x00000000c4300000, 0x00000000eab00000)
  object space 68608K, 11% used [0x00000000c0000000,0x00000000c07d1540,0x00000000c4300000)
 Metaspace       used 18786K, committed 19648K, reserved 1114112K
  class space    used 1885K, committed 2240K, reserved 1048576K
}
Event: 10.668 GC heap before
{Heap before GC invocations=7 (full 0):
 PSYoungGen      total 29696K, used 20848K [0x00000000eab00000, 0x00000000ece00000, 0x0000000100000000)
  eden space 24576K, 64% used [0x00000000eab00000,0x00000000eba6be18,0x00000000ec300000)
  from space 5120K, 98% used [0x00000000ec900000,0x00000000ecdf0548,0x00000000ece00000)
  to   space 5632K, 0% used [0x00000000ec300000,0x00000000ec300000,0x00000000ec880000)
 ParOldGen       total 68608K, used 8005K [0x00000000c0000000, 0x00000000c4300000, 0x00000000eab00000)
  object space 68608K, 11% used [0x00000000c0000000,0x00000000c07d1540,0x00000000c4300000)
 Metaspace       used 20715K, committed 21504K, reserved 1114112K
  class space    used 2084K, committed 2432K, reserved 1048576K
}
Event: 10.673 GC heap after
{Heap after GC invocations=7 (full 0):
 PSYoungGen      total 29184K, used 4455K [0x00000000eab00000, 0x00000000ecd00000, 0x0000000100000000)
  eden space 24576K, 0% used [0x00000000eab00000,0x00000000eab00000,0x00000000ec300000)
  from space 4608K, 96% used [0x00000000ec300000,0x00000000ec759ca0,0x00000000ec780000)
  to   space 5120K, 0% used [0x00000000ec800000,0x00000000ec800000,0x00000000ecd00000)
 ParOldGen       total 68608K, used 9077K [0x00000000c0000000, 0x00000000c4300000, 0x00000000eab00000)
  object space 68608K, 13% used [0x00000000c0000000,0x00000000c08dd540,0x00000000c4300000)
 Metaspace       used 20715K, committed 21504K, reserved 1114112K
  class space    used 2084K, committed 2432K, reserved 1048576K
}
Event: 10.673 GC heap before
{Heap before GC invocations=8 (full 1):
 PSYoungGen      total 29184K, used 4455K [0x00000000eab00000, 0x00000000ecd00000, 0x0000000100000000)
  eden space 24576K, 0% used [0x00000000eab00000,0x00000000eab00000,0x00000000ec300000)
  from space 4608K, 96% used [0x00000000ec300000,0x00000000ec759ca0,0x00000000ec780000)
  to   space 5120K, 0% used [0x00000000ec800000,0x00000000ec800000,0x00000000ecd00000)
 ParOldGen       total 68608K, used 9077K [0x00000000c0000000, 0x00000000c4300000, 0x00000000eab00000)
  object space 68608K, 13% used [0x00000000c0000000,0x00000000c08dd540,0x00000000c4300000)
 Metaspace       used 20715K, committed 21504K, reserved 1114112K
  class space    used 2084K, committed 2432K, reserved 1048576K
}
Event: 10.718 GC heap after
{Heap after GC invocations=8 (full 1):
 PSYoungGen      total 29184K, used 0K [0x00000000eab00000, 0x00000000ecd00000, 0x0000000100000000)
  eden space 24576K, 0% used [0x00000000eab00000,0x00000000eab00000,0x00000000ec300000)
  from space 4608K, 0% used [0x00000000ec300000,0x00000000ec300000,0x00000000ec780000)
  to   space 5120K, 0% used [0x00000000ec800000,0x00000000ec800000,0x00000000ecd00000)
 ParOldGen       total 68608K, used 12904K [0x00000000c0000000, 0x00000000c4300000, 0x00000000eab00000)
  object space 68608K, 18% used [0x00000000c0000000,0x00000000c0c9a2b0,0x00000000c4300000)
 Metaspace       used 20702K, committed 21504K, reserved 1114112K
  class space    used 2080K, committed 2432K, reserved 1048576K
}
Event: 11.420 GC heap before
{Heap before GC invocations=9 (full 1):
 PSYoungGen      total 29184K, used 24576K [0x00000000eab00000, 0x00000000ecd00000, 0x0000000100000000)
  eden space 24576K, 100% used [0x00000000eab00000,0x00000000ec300000,0x00000000ec300000)
  from space 4608K, 0% used [0x00000000ec300000,0x00000000ec300000,0x00000000ec780000)
  to   space 5120K, 0% used [0x00000000ec800000,0x00000000ec800000,0x00000000ecd00000)
 ParOldGen       total 68608K, used 12904K [0x00000000c0000000, 0x00000000c4300000, 0x00000000eab00000)
  object space 68608K, 18% used [0x00000000c0000000,0x00000000c0c9a2b0,0x00000000c4300000)
 Metaspace       used 23352K, committed 24192K, reserved 1114112K
  class space    used 2243K, committed 2560K, reserved 1048576K
}
Event: 11.421 GC heap after
{Heap after GC invocations=9 (full 1):
 PSYoungGen      total 24576K, used 357K [0x00000000eab00000, 0x00000000ec880000, 0x0000000100000000)
  eden space 24064K, 0% used [0x00000000eab00000,0x00000000eab00000,0x00000000ec280000)
  from space 512K, 69% used [0x00000000ec800000,0x00000000ec8595a8,0x00000000ec880000)
  to   space 2048K, 0% used [0x00000000ec480000,0x00000000ec480000,0x00000000ec680000)
 ParOldGen       total 68608K, used 12912K [0x00000000c0000000, 0x00000000c4300000, 0x00000000eab00000)
  object space 68608K, 18% used [0x00000000c0000000,0x00000000c0c9c2b0,0x00000000c4300000)
 Metaspace       used 23352K, committed 24192K, reserved 1114112K
  class space    used 2243K, committed 2560K, reserved 1048576K
}
Event: 11.943 GC heap before
{Heap before GC invocations=10 (full 1):
 PSYoungGen      total 24576K, used 24421K [0x00000000eab00000, 0x00000000ec880000, 0x0000000100000000)
  eden space 24064K, 100% used [0x00000000eab00000,0x00000000ec280000,0x00000000ec280000)
  from space 512K, 69% used [0x00000000ec800000,0x00000000ec8595a8,0x00000000ec880000)
  to   space 2048K, 0% used [0x00000000ec480000,0x00000000ec480000,0x00000000ec680000)
 ParOldGen       total 68608K, used 12912K [0x00000000c0000000, 0x00000000c4300000, 0x00000000eab00000)
  object space 68608K, 18% used [0x00000000c0000000,0x00000000c0c9c2b0,0x00000000c4300000)
 Metaspace       used 26654K, committed 27584K, reserved 1114112K
  class space    used 2568K, committed 2944K, reserved 1048576K
}
Event: 11.944 GC heap after
{Heap after GC invocations=10 (full 1):
 PSYoungGen      total 25600K, used 943K [0x00000000eab00000, 0x00000000ec880000, 0x0000000100000000)
  eden space 23552K, 0% used [0x00000000eab00000,0x00000000eab00000,0x00000000ec200000)
  from space 2048K, 46% used [0x00000000ec480000,0x00000000ec56be98,0x00000000ec680000)
  to   space 1536K, 0% used [0x00000000ec700000,0x00000000ec700000,0x00000000ec880000)
 ParOldGen       total 68608K, used 12920K [0x00000000c0000000, 0x00000000c4300000, 0x00000000eab00000)
  object space 68608K, 18% used [0x00000000c0000000,0x00000000c0c9e2b0,0x00000000c4300000)
 Metaspace       used 26654K, committed 27584K, reserved 1114112K
  class space    used 2568K, committed 2944K, reserved 1048576K
}
Event: 12.246 GC heap before
{Heap before GC invocations=11 (full 1):
 PSYoungGen      total 25600K, used 24495K [0x00000000eab00000, 0x00000000ec880000, 0x0000000100000000)
  eden space 23552K, 100% used [0x00000000eab00000,0x00000000ec200000,0x00000000ec200000)
  from space 2048K, 46% used [0x00000000ec480000,0x00000000ec56be98,0x00000000ec680000)
  to   space 1536K, 0% used [0x00000000ec700000,0x00000000ec700000,0x00000000ec880000)
 ParOldGen       total 68608K, used 12920K [0x00000000c0000000, 0x00000000c4300000, 0x00000000eab00000)
  object space 68608K, 18% used [0x00000000c0000000,0x00000000c0c9e2b0,0x00000000c4300000)
 Metaspace       used 28564K, committed 29440K, reserved 1114112K
  class space    used 2785K, committed 3136K, reserved 1048576K
}
Event: 12.248 GC heap after
{Heap after GC invocations=11 (full 1):
 PSYoungGen      total 24576K, used 1499K [0x00000000eab00000, 0x00000000ec880000, 0x0000000100000000)
  eden space 23040K, 0% used [0x00000000eab00000,0x00000000eab00000,0x00000000ec180000)
  from space 1536K, 97% used [0x00000000ec700000,0x00000000ec876da0,0x00000000ec880000)
  to   space 2048K, 0% used [0x00000000ec480000,0x00000000ec480000,0x00000000ec680000)
 ParOldGen       total 68608K, used 13954K [0x00000000c0000000, 0x00000000c4300000, 0x00000000eab00000)
  object space 68608K, 20% used [0x00000000c0000000,0x00000000c0da0a90,0x00000000c4300000)
 Metaspace       used 28564K, committed 29440K, reserved 1114112K
  class space    used 2785K, committed 3136K, reserved 1048576K
}

Dll operation events (10 events):
Event: 0.019 Loaded shared library c:\Users\retti\.cursor\extensions\redhat.java-1.41.1-win32-x64\jre\21.0.6-win32-x86_64\bin\java.dll
Event: 0.200 Loaded shared library c:\Users\retti\.cursor\extensions\redhat.java-1.41.1-win32-x64\jre\21.0.6-win32-x86_64\bin\zip.dll
Event: 0.235 Loaded shared library C:\Users\retti\.cursor\extensions\redhat.java-1.41.1-win32-x64\jre\21.0.6-win32-x86_64\bin\instrument.dll
Event: 0.241 Loaded shared library C:\Users\retti\.cursor\extensions\redhat.java-1.41.1-win32-x64\jre\21.0.6-win32-x86_64\bin\net.dll
Event: 0.243 Loaded shared library C:\Users\retti\.cursor\extensions\redhat.java-1.41.1-win32-x64\jre\21.0.6-win32-x86_64\bin\nio.dll
Event: 0.247 Loaded shared library C:\Users\retti\.cursor\extensions\redhat.java-1.41.1-win32-x64\jre\21.0.6-win32-x86_64\bin\zip.dll
Event: 0.280 Loaded shared library C:\Users\retti\.cursor\extensions\redhat.java-1.41.1-win32-x64\jre\21.0.6-win32-x86_64\bin\jimage.dll
Event: 0.404 Loaded shared library c:\Users\retti\.cursor\extensions\redhat.java-1.41.1-win32-x64\jre\21.0.6-win32-x86_64\bin\verify.dll
Event: 3.342 Loaded shared library C:\Users\retti\AppData\Roaming\Cursor\User\globalStorage\redhat.java\1.41.1\config_win\org.eclipse.equinox.launcher\org.eclipse.equinox.launcher.win32.win32.x86_64_1.2.1300.v20250331-1702\eclipse_11911.dll
Event: 8.414 Loaded shared library C:\Users\retti\AppData\Local\Temp\jna-824488032\jna16538498923419479049.dll

Deoptimization events (20 events):
Event: 12.558 Thread 0x000001bef8ada8f0 Uncommon trap: trap_request=0xffffff45 fr.pc=0x000001bee9d5e3e8 relative=0x0000000000000568
Event: 12.558 Thread 0x000001bef8ada8f0 Uncommon trap: reason=unstable_if action=reinterpret pc=0x000001bee9d5e3e8 method=java.lang.AbstractStringBuilder.isLatin1()Z @ 10 c2
Event: 12.558 Thread 0x000001bef8ada8f0 DEOPT PACKING pc=0x000001bee9d5e3e8 sp=0x0000006798bfe050
Event: 12.558 Thread 0x000001bef8ada8f0 DEOPT UNPACKING pc=0x000001bee9696da2 sp=0x0000006798bfdf50 mode 2
Event: 12.558 Thread 0x000001bef8ada8f0 Uncommon trap: trap_request=0xffffff45 fr.pc=0x000001bee9ccc92c relative=0x000000000000046c
Event: 12.558 Thread 0x000001bef8ada8f0 Uncommon trap: reason=unstable_if action=reinterpret pc=0x000001bee9ccc92c method=java.lang.AbstractStringBuilder.isLatin1()Z @ 10 c2
Event: 12.558 Thread 0x000001bef8ada8f0 DEOPT PACKING pc=0x000001bee9ccc92c sp=0x0000006798bfe1b0
Event: 12.558 Thread 0x000001bef8ada8f0 DEOPT UNPACKING pc=0x000001bee9696da2 sp=0x0000006798bfe118 mode 2
Event: 12.652 Thread 0x000001bef8f64100 Uncommon trap: trap_request=0xffffff45 fr.pc=0x000001bee9d0c1d4 relative=0x0000000000000134
Event: 12.652 Thread 0x000001bef8f64100 Uncommon trap: reason=unstable_if action=reinterpret pc=0x000001bee9d0c1d4 method=java.util.ArrayList.indexOfRange(Ljava/lang/Object;II)I @ 7 c2
Event: 12.652 Thread 0x000001bef8f64100 DEOPT PACKING pc=0x000001bee9d0c1d4 sp=0x00000067991fe010
Event: 12.652 Thread 0x000001bef8f64100 DEOPT UNPACKING pc=0x000001bee9696da2 sp=0x00000067991fded0 mode 2
Event: 12.669 Thread 0x000001bef8f64100 Uncommon trap: trap_request=0xffffff45 fr.pc=0x000001bee9cfe2b0 relative=0x0000000000000110
Event: 12.669 Thread 0x000001bef8f64100 Uncommon trap: reason=unstable_if action=reinterpret pc=0x000001bee9cfe2b0 method=java.util.ArrayList.indexOfRange(Ljava/lang/Object;II)I @ 7 c2
Event: 12.669 Thread 0x000001bef8f64100 DEOPT PACKING pc=0x000001bee9cfe2b0 sp=0x00000067991fdf70
Event: 12.669 Thread 0x000001bef8f64100 DEOPT UNPACKING pc=0x000001bee9696da2 sp=0x00000067991fdef0 mode 2
Event: 12.830 Thread 0x000001bef8f64100 Uncommon trap: trap_request=0xffffff45 fr.pc=0x000001bee9dc0e04 relative=0x0000000000001284
Event: 12.830 Thread 0x000001bef8f64100 Uncommon trap: reason=unstable_if action=reinterpret pc=0x000001bee9dc0e04 method=sun.nio.cs.StreamDecoder.lockedRead0()I @ 30 c2
Event: 12.830 Thread 0x000001bef8f64100 DEOPT PACKING pc=0x000001bee9dc0e04 sp=0x00000067991fdb30
Event: 12.830 Thread 0x000001bef8f64100 DEOPT UNPACKING pc=0x000001bee9696da2 sp=0x00000067991fd978 mode 2

Classes loaded (20 events):
Event: 12.263 Loading class java/lang/annotation/ElementType
Event: 12.263 Loading class java/lang/annotation/ElementType done
Event: 12.280 Loading class java/lang/reflect/ParameterizedType
Event: 12.281 Loading class java/lang/reflect/ParameterizedType done
Event: 12.284 Loading class java/lang/reflect/WildcardType
Event: 12.284 Loading class java/lang/reflect/WildcardType done
Event: 12.286 Loading class sun/reflect/generics/tree/TypeVariableSignature
Event: 12.338 Loading class sun/reflect/generics/tree/TypeVariableSignature done
Event: 12.541 Loading class java/lang/annotation/IncompleteAnnotationException
Event: 12.541 Loading class java/lang/annotation/IncompleteAnnotationException done
Event: 12.560 Loading class java/lang/ProcessEnvironment
Event: 12.560 Loading class java/lang/ProcessEnvironment done
Event: 12.754 Loading class java/lang/foreign/MemorySegment
Event: 12.754 Loading class java/lang/foreign/MemorySegment done
Event: 12.835 Loading class sun/reflect/generics/reflectiveObjects/TypeVariableImpl
Event: 12.835 Loading class sun/reflect/generics/reflectiveObjects/LazyReflectiveObjectGenerator
Event: 12.835 Loading class sun/reflect/generics/reflectiveObjects/LazyReflectiveObjectGenerator done
Event: 12.835 Loading class sun/reflect/generics/reflectiveObjects/TypeVariableImpl done
Event: 12.835 Loading class sun/reflect/generics/reflectiveObjects/ParameterizedTypeImpl
Event: 12.836 Loading class sun/reflect/generics/reflectiveObjects/ParameterizedTypeImpl done

Classes unloaded (7 events):
Event: 10.680 Thread 0x000001bedefde470 Unloading class 0x000001be81198c00 'java/lang/invoke/LambdaForm$MH+0x000001be81198c00'
Event: 10.680 Thread 0x000001bedefde470 Unloading class 0x000001be81198800 'java/lang/invoke/LambdaForm$MH+0x000001be81198800'
Event: 10.680 Thread 0x000001bedefde470 Unloading class 0x000001be81198400 'java/lang/invoke/LambdaForm$MH+0x000001be81198400'
Event: 10.680 Thread 0x000001bedefde470 Unloading class 0x000001be81198000 'java/lang/invoke/LambdaForm$MH+0x000001be81198000'
Event: 10.680 Thread 0x000001bedefde470 Unloading class 0x000001be81197c00 'java/lang/invoke/LambdaForm$BMH+0x000001be81197c00'
Event: 10.680 Thread 0x000001bedefde470 Unloading class 0x000001be81197800 'java/lang/invoke/LambdaForm$DMH+0x000001be81197800'
Event: 10.680 Thread 0x000001bedefde470 Unloading class 0x000001be81196400 'java/lang/invoke/LambdaForm$DMH+0x000001be81196400'

Classes redefined (0 events):
No events

Internal exceptions (20 events):
Event: 11.149 Thread 0x000001bef8ada8f0 Exception <a 'java/io/FileNotFoundException'{0x00000000ebd2cb78}> (0x00000000ebd2cb78) 
thrown [s\src\hotspot\share\prims\jni.cpp, line 520]
Event: 11.634 Thread 0x000001bef8f661d0 Exception <a 'java/lang/NoSuchMethodError'{0x00000000eb3729f8}: 'java.lang.Object java.lang.invoke.DirectMethodHandle$Holder.invokeStaticInit(java.lang.Object, java.lang.Object, java.lang.Object, java.lang.Object, java.lang.Object, java.lang.Object, java.lang.Object)'> (0x00000000eb3729f8) 
thrown [s\src\hotspot\share\interpreter\linkResolver.cpp, line 773]
Event: 11.644 Thread 0x000001bef8f661d0 Exception <a 'java/lang/NoSuchMethodError'{0x00000000eb377430}: 'java.lang.Object java.lang.invoke.Invokers$Holder.invoke_MT(java.lang.Object, java.lang.Object, java.lang.Object, java.lang.Object, java.lang.Object, java.lang.Object, java.lang.Object, java.lang.Object, java.lang.Object)'> (0x00000000eb377430) 
thrown [s\src\hotspot\share\interpreter\linkResolver.cpp, line 773]
Event: 11.666 Thread 0x000001bef8f661d0 Exception <a 'java/lang/NoSuchMethodError'{0x00000000eb3e66f8}: 'int java.lang.invoke.DirectMethodHandle$Holder.invokeVirtual(java.lang.Object, java.lang.Object, java.lang.Object)'> (0x00000000eb3e66f8) 
thrown [s\src\hotspot\share\interpreter\linkResolver.cpp, line 773]
Event: 11.667 Thread 0x000001bef8f661d0 Exception <a 'java/lang/NoSuchMethodError'{0x00000000eb3eeaa8}: 'int java.lang.invoke.DirectMethodHandle$Holder.invokeStaticInit(java.lang.Object, int, int)'> (0x00000000eb3eeaa8) 
thrown [s\src\hotspot\share\interpreter\linkResolver.cpp, line 773]
Event: 11.667 Thread 0x000001bef8f661d0 Exception <a 'java/lang/NoSuchMethodError'{0x00000000eb405f78}: 'int java.lang.invoke.DirectMethodHandle$Holder.invokeStaticInit(java.lang.Object, long, long)'> (0x00000000eb405f78) 
thrown [s\src\hotspot\share\interpreter\linkResolver.cpp, line 773]
Event: 11.668 Thread 0x000001bef8f661d0 Exception <a 'java/lang/NoSuchMethodError'{0x00000000eb41ca78}: 'int java.lang.invoke.DirectMethodHandle$Holder.invokeStaticInit(java.lang.Object, float, float)'> (0x00000000eb41ca78) 
thrown [s\src\hotspot\share\interpreter\linkResolver.cpp, line 773]
Event: 11.668 Thread 0x000001bef8f661d0 Exception <a 'java/lang/NoSuchMethodError'{0x00000000eb4233c8}: 'int java.lang.invoke.DirectMethodHandle$Holder.invokeStaticInit(java.lang.Object, double, double)'> (0x00000000eb4233c8) 
thrown [s\src\hotspot\share\interpreter\linkResolver.cpp, line 773]
Event: 11.668 Thread 0x000001bef8f661d0 Exception <a 'java/lang/NoSuchMethodError'{0x00000000eb42bbb0}: 'int java.lang.invoke.DirectMethodHandle$Holder.invokeStatic(java.lang.Object, long)'> (0x00000000eb42bbb0) 
thrown [s\src\hotspot\share\interpreter\linkResolver.cpp, line 773]
Event: 11.671 Thread 0x000001bef8f64100 Exception <a 'java/lang/NoSuchMethodError'{0x00000000eb460490}: 'int java.lang.invoke.Invokers$Holder.linkToTargetMethod(java.lang.Object, java.lang.Object)'> (0x00000000eb460490) 
thrown [s\src\hotspot\share\interpreter\linkResolver.cpp, line 773]
Event: 11.671 Thread 0x000001bef8f661d0 Exception <a 'java/lang/NoSuchMethodError'{0x00000000eb45b458}: 'int java.lang.invoke.Invokers$Holder.linkToTargetMethod(java.lang.Object, java.lang.Object)'> (0x00000000eb45b458) 
thrown [s\src\hotspot\share\interpreter\linkResolver.cpp, line 773]
Event: 11.678 Thread 0x000001bef8f661d0 Exception <a 'java/lang/NoSuchMethodError'{0x00000000eb491f40}: 'int java.lang.invoke.DirectMethodHandle$Holder.invokeSpecial(java.lang.Object, java.lang.Object, java.lang.Object, java.lang.Object)'> (0x00000000eb491f40) 
thrown [s\src\hotspot\share\interpreter\linkResolver.cpp, line 773]
Event: 11.680 Thread 0x000001bef8f661d0 Exception <a 'java/lang/NoSuchMethodError'{0x00000000eb4a9438}: 'java.lang.Object java.lang.invoke.DirectMethodHandle$Holder.invokeStatic(java.lang.Object, int, java.lang.Object, java.lang.Object)'> (0x00000000eb4a9438) 
thrown [s\src\hotspot\share\interpreter\linkResolver.cpp, line 773]
Event: 11.680 Thread 0x000001bef8f661d0 Exception <a 'java/lang/NoSuchMethodError'{0x00000000eb4ace78}: 'java.lang.Object java.lang.invoke.DelegatingMethodHandle$Holder.delegate(java.lang.Object, int, java.lang.Object, java.lang.Object)'> (0x00000000eb4ace78) 
thrown [s\src\hotspot\share\interpreter\linkResolver.cpp, line 773]
Event: 11.683 Thread 0x000001bef8f661d0 Exception <a 'java/lang/NoSuchMethodError'{0x00000000eb4c0c78}: 'int java.lang.invoke.Invokers$Holder.linkToTargetMethod(java.lang.Object, java.lang.Object, java.lang.Object)'> (0x00000000eb4c0c78) 
thrown [s\src\hotspot\share\interpreter\linkResolver.cpp, line 773]
Event: 11.744 Thread 0x000001bef8ada8f0 Implicit null exception at 0x000001bee9da6df5 to 0x000001bee9da6f08
Event: 11.797 Thread 0x000001bef8f64100 Exception <a 'java/lang/NoSuchMethodError'{0x00000000eba23918}: 'java.lang.Object java.lang.invoke.DirectMethodHandle$Holder.invokeSpecialIFC(java.lang.Object, java.lang.Object, java.lang.Object, java.lang.Object)'> (0x00000000eba23918) 
thrown [s\src\hotspot\share\interpreter\linkResolver.cpp, line 773]
Event: 12.131 Thread 0x000001bef8ada8f0 Exception <a 'java/io/FileNotFoundException'{0x00000000ebcfc048}> (0x00000000ebcfc048) 
thrown [s\src\hotspot\share\prims\jni.cpp, line 520]
Event: 12.168 Thread 0x000001bef8f64100 Exception <a 'java/lang/NoSuchMethodError'{0x00000000ebfc5468}: 'int java.lang.invoke.DirectMethodHandle$Holder.invokeStatic(java.lang.Object, java.lang.Object, java.lang.Object, java.lang.Object, java.lang.Object)'> (0x00000000ebfc5468) 
thrown [s\src\hotspot\share\interpreter\linkResolver.cpp, line 773]
Event: 12.542 Thread 0x000001bef8f64100 Exception <a 'java/lang/NoClassDefFoundError'{0x00000000eb569310}: javax/enterprise/inject/Typed> (0x00000000eb569310) 
thrown [s\src\hotspot\share\classfile\systemDictionary.cpp, line 301]

ZGC Phase Switch (0 events):
No events

VM Operations (20 events):
Event: 9.233 Executing VM operation: Cleanup done
Event: 9.375 Executing VM operation: HandshakeAllThreads (Deoptimize)
Event: 9.375 Executing VM operation: HandshakeAllThreads (Deoptimize) done
Event: 10.004 Executing VM operation: ParallelGCFailedAllocation (Allocation Failure)
Event: 10.013 Executing VM operation: ParallelGCFailedAllocation (Allocation Failure) done
Event: 10.668 Executing VM operation: CollectForMetadataAllocation (Metadata GC Threshold)
Event: 10.718 Executing VM operation: CollectForMetadataAllocation (Metadata GC Threshold) done
Event: 11.420 Executing VM operation: ParallelGCFailedAllocation (Allocation Failure)
Event: 11.421 Executing VM operation: ParallelGCFailedAllocation (Allocation Failure) done
Event: 11.679 Executing VM operation: HandshakeAllThreads (Deoptimize)
Event: 11.750 Executing VM operation: HandshakeAllThreads (Deoptimize) done
Event: 11.943 Executing VM operation: ParallelGCFailedAllocation (Allocation Failure)
Event: 11.944 Executing VM operation: ParallelGCFailedAllocation (Allocation Failure) done
Event: 12.213 Executing VM operation: ParallelGCFailedAllocation (Allocation Failure)
Event: 12.248 Executing VM operation: ParallelGCFailedAllocation (Allocation Failure) done
Event: 12.454 Executing VM operation: HandshakeAllThreads (Deoptimize)
Event: 12.463 Executing VM operation: HandshakeAllThreads (Deoptimize) done
Event: 12.531 Executing VM operation: HandshakeAllThreads (Deoptimize)
Event: 12.531 Executing VM operation: HandshakeAllThreads (Deoptimize) done
Event: 12.561 Executing VM operation: HandshakeAllThreads (Deoptimize)

Memory protections (0 events):
No events

Nmethod flushes (0 events):
No events

Events (20 events):
Event: 2.291 Thread 0x000001bef32ca2d0 Thread added: 0x000001bef8556df0
Event: 2.813 Thread 0x000001bef8556df0 Thread exited: 0x000001bef8556df0
Event: 2.831 Thread 0x000001bedef20130 Thread added: 0x000001bef8683e50
Event: 2.999 Thread 0x000001bef32ca2d0 Thread added: 0x000001bef86824b0
Event: 3.338 Thread 0x000001bedef20130 Thread added: 0x000001bef882fed0
Event: 3.422 Thread 0x000001bef882fed0 Thread added: 0x000001bef8ad96b0
Event: 3.431 Thread 0x000001bedef20130 Thread added: 0x000001bef8ada8f0
Event: 3.509 Thread 0x000001bef86824b0 Thread exited: 0x000001bef86824b0
Event: 3.820 Thread 0x000001bef32ca2d0 Thread added: 0x000001bef8b27b00
Event: 3.942 Thread 0x000001bef8b27b00 Thread exited: 0x000001bef8b27b00
Event: 4.245 Thread 0x000001bef8ada8f0 Thread added: 0x000001bef90d6a00
Event: 4.862 Thread 0x000001bef8ada8f0 Thread added: 0x000001bef924b470
Event: 5.244 Thread 0x000001bef8ada8f0 Thread added: 0x000001bef8f654b0
Event: 7.178 Thread 0x000001bef8ada8f0 Thread added: 0x000001bef8f65b40
Event: 8.490 Thread 0x000001bef8ada8f0 Thread added: 0x000001bef8f64e20
Event: 8.632 Thread 0x000001bef8ada8f0 Thread added: 0x000001bef8f661d0
Event: 8.737 Thread 0x000001bef8ada8f0 Thread added: 0x000001bef8f64100
Event: 11.618 Thread 0x000001bef8f661d0 Thread added: 0x000001bef8f64790
Event: 11.879 Thread 0x000001bef8f64790 Thread added: 0x000001bef8f66860
Event: 12.545 Thread 0x000001bef8ada8f0 Thread added: 0x000001bef8f66ef0


Dynamic libraries:
0x00007ff646cc0000 - 0x00007ff646cce000 	c:\Users\retti\.cursor\extensions\redhat.java-1.41.1-win32-x64\jre\21.0.6-win32-x86_64\bin\java.exe
0x00007ff8a18d0000 - 0x00007ff8a1ae7000 	C:\WINDOWS\SYSTEM32\ntdll.dll
0x00007ff8a0080000 - 0x00007ff8a0144000 	C:\WINDOWS\System32\KERNEL32.DLL
0x00007ff89f110000 - 0x00007ff89f4e3000 	C:\WINDOWS\System32\KERNELBASE.dll
0x00007ff89e9d0000 - 0x00007ff89eae1000 	C:\WINDOWS\System32\ucrtbase.dll
0x00007ff88e650000 - 0x00007ff88e668000 	c:\Users\retti\.cursor\extensions\redhat.java-1.41.1-win32-x64\jre\21.0.6-win32-x86_64\bin\jli.dll
0x00007ff8a01c0000 - 0x00007ff8a0371000 	C:\WINDOWS\System32\USER32.dll
0x00007ff89eb70000 - 0x00007ff89eb96000 	C:\WINDOWS\System32\win32u.dll
0x00007ff8a0510000 - 0x00007ff8a0539000 	C:\WINDOWS\System32\GDI32.dll
0x00007ff89efe0000 - 0x00007ff89f102000 	C:\WINDOWS\System32\gdi32full.dll
0x00007ff89ec90000 - 0x00007ff89ed2a000 	C:\WINDOWS\System32\msvcp_win.dll
0x00007ff87b7e0000 - 0x00007ff87b7fe000 	c:\Users\retti\.cursor\extensions\redhat.java-1.41.1-win32-x64\jre\21.0.6-win32-x86_64\bin\VCRUNTIME140.dll
0x00007ff88f4c0000 - 0x00007ff88f75b000 	C:\WINDOWS\WinSxS\amd64_microsoft.windows.common-controls_6595b64144ccf1df_6.0.22621.5262_none_2712bde373830908\COMCTL32.dll
0x00007ff8a0380000 - 0x00007ff8a0427000 	C:\WINDOWS\System32\msvcrt.dll
0x00007ff8a08c0000 - 0x00007ff8a08f1000 	C:\WINDOWS\System32\IMM32.DLL
0x00007ff88e7b0000 - 0x00007ff88e7bc000 	c:\Users\retti\.cursor\extensions\redhat.java-1.41.1-win32-x64\jre\21.0.6-win32-x86_64\bin\vcruntime140_1.dll
0x00007ff877a70000 - 0x00007ff877afd000 	c:\Users\retti\.cursor\extensions\redhat.java-1.41.1-win32-x64\jre\21.0.6-win32-x86_64\bin\msvcp140.dll
0x00007ff824b00000 - 0x00007ff825890000 	c:\Users\retti\.cursor\extensions\redhat.java-1.41.1-win32-x64\jre\21.0.6-win32-x86_64\bin\server\jvm.dll
0x00007ff89f900000 - 0x00007ff89f9b1000 	C:\WINDOWS\System32\ADVAPI32.dll
0x00007ff8a0a30000 - 0x00007ff8a0ad7000 	C:\WINDOWS\System32\sechost.dll
0x00007ff89eba0000 - 0x00007ff89ebc8000 	C:\WINDOWS\System32\bcrypt.dll
0x00007ff8a07a0000 - 0x00007ff8a08b4000 	C:\WINDOWS\System32\RPCRT4.dll
0x00007ff89fef0000 - 0x00007ff89ff61000 	C:\WINDOWS\System32\WS2_32.dll
0x00007ff89e8b0000 - 0x00007ff89e8fd000 	C:\WINDOWS\SYSTEM32\POWRPROF.dll
0x00007ff897cf0000 - 0x00007ff897d24000 	C:\WINDOWS\SYSTEM32\WINMM.dll
0x00007ff897b60000 - 0x00007ff897b6a000 	C:\WINDOWS\SYSTEM32\VERSION.dll
0x00007ff89e880000 - 0x00007ff89e893000 	C:\WINDOWS\SYSTEM32\UMPDC.dll
0x00007ff89da10000 - 0x00007ff89da28000 	C:\WINDOWS\SYSTEM32\kernel.appcore.dll
0x00007ff88e640000 - 0x00007ff88e64a000 	c:\Users\retti\.cursor\extensions\redhat.java-1.41.1-win32-x64\jre\21.0.6-win32-x86_64\bin\jimage.dll
0x00007ff89c5e0000 - 0x00007ff89c812000 	C:\WINDOWS\SYSTEM32\DBGHELP.DLL
0x00007ff8a1460000 - 0x00007ff8a17f3000 	C:\WINDOWS\System32\combase.dll
0x00007ff8a1380000 - 0x00007ff8a1457000 	C:\WINDOWS\System32\OLEAUT32.dll
0x00007ff887940000 - 0x00007ff887972000 	C:\WINDOWS\SYSTEM32\dbgcore.DLL
0x00007ff89eaf0000 - 0x00007ff89eb6b000 	C:\WINDOWS\System32\bcryptPrimitives.dll
0x00007ff88cba0000 - 0x00007ff88cbaf000 	c:\Users\retti\.cursor\extensions\redhat.java-1.41.1-win32-x64\jre\21.0.6-win32-x86_64\bin\instrument.dll
0x00007ff87b530000 - 0x00007ff87b54f000 	c:\Users\retti\.cursor\extensions\redhat.java-1.41.1-win32-x64\jre\21.0.6-win32-x86_64\bin\java.dll
0x00007ff8a0ae0000 - 0x00007ff8a137d000 	C:\WINDOWS\System32\SHELL32.dll
0x00007ff89ed30000 - 0x00007ff89ee6f000 	C:\WINDOWS\System32\wintypes.dll
0x00007ff89c910000 - 0x00007ff89d22d000 	C:\WINDOWS\SYSTEM32\windows.storage.dll
0x00007ff89ff70000 - 0x00007ff8a007b000 	C:\WINDOWS\System32\SHCORE.dll
0x00007ff8a0150000 - 0x00007ff8a01b6000 	C:\WINDOWS\System32\shlwapi.dll
0x00007ff89e900000 - 0x00007ff89e92b000 	C:\WINDOWS\SYSTEM32\profapi.dll
0x00007ff87b440000 - 0x00007ff87b458000 	c:\Users\retti\.cursor\extensions\redhat.java-1.41.1-win32-x64\jre\21.0.6-win32-x86_64\bin\zip.dll
0x00007ff88b7a0000 - 0x00007ff88b7b0000 	C:\Users\retti\.cursor\extensions\redhat.java-1.41.1-win32-x64\jre\21.0.6-win32-x86_64\bin\net.dll
0x00007ff897740000 - 0x00007ff89786c000 	C:\WINDOWS\SYSTEM32\WINHTTP.dll
0x00007ff89de90000 - 0x00007ff89defa000 	C:\WINDOWS\system32\mswsock.dll
0x00007ff87a500000 - 0x00007ff87a516000 	C:\Users\retti\.cursor\extensions\redhat.java-1.41.1-win32-x64\jre\21.0.6-win32-x86_64\bin\nio.dll
0x00007ff88cb10000 - 0x00007ff88cb20000 	c:\Users\retti\.cursor\extensions\redhat.java-1.41.1-win32-x64\jre\21.0.6-win32-x86_64\bin\verify.dll
0x00007ff85a2c0000 - 0x00007ff85a305000 	C:\Users\retti\AppData\Roaming\Cursor\User\globalStorage\redhat.java\1.41.1\config_win\org.eclipse.equinox.launcher\org.eclipse.equinox.launcher.win32.win32.x86_64_1.2.1300.v20250331-1702\eclipse_11911.dll
0x00007ff89f570000 - 0x00007ff89f711000 	C:\WINDOWS\System32\ole32.dll
0x00007ff89e0e0000 - 0x00007ff89e0fb000 	C:\WINDOWS\SYSTEM32\CRYPTSP.dll
0x00007ff89d970000 - 0x00007ff89d9a7000 	C:\WINDOWS\system32\rsaenh.dll
0x00007ff89df80000 - 0x00007ff89dfa8000 	C:\WINDOWS\SYSTEM32\USERENV.dll
0x00007ff89e100000 - 0x00007ff89e10c000 	C:\WINDOWS\SYSTEM32\CRYPTBASE.dll
0x00007ff89d4d0000 - 0x00007ff89d4fd000 	C:\WINDOWS\SYSTEM32\IPHLPAPI.DLL
0x00007ff8a0500000 - 0x00007ff8a0509000 	C:\WINDOWS\System32\NSI.dll
0x00007ff86a6c0000 - 0x00007ff86a709000 	C:\Users\retti\AppData\Local\Temp\jna-824488032\jna16538498923419479049.dll
0x00007ff8a0540000 - 0x00007ff8a0548000 	C:\WINDOWS\System32\PSAPI.DLL

dbghelp: loaded successfully - version: 4.0.5 - missing functions: none
symbol engine: initialized successfully - sym options: 0x614 - pdb path: .;c:\Users\retti\.cursor\extensions\redhat.java-1.41.1-win32-x64\jre\21.0.6-win32-x86_64\bin;C:\WINDOWS\SYSTEM32;C:\WINDOWS\WinSxS\amd64_microsoft.windows.common-controls_6595b64144ccf1df_6.0.22621.5262_none_2712bde373830908;c:\Users\retti\.cursor\extensions\redhat.java-1.41.1-win32-x64\jre\21.0.6-win32-x86_64\bin\server;C:\Users\retti\AppData\Roaming\Cursor\User\globalStorage\redhat.java\1.41.1\config_win\org.eclipse.equinox.launcher\org.eclipse.equinox.launcher.win32.win32.x86_64_1.2.1300.v20250331-1702;C:\Users\retti\AppData\Local\Temp\jna-824488032

VM Arguments:
jvm_args: --add-modules=ALL-SYSTEM --add-opens=java.base/java.util=ALL-UNNAMED --add-opens=java.base/java.lang=ALL-UNNAMED --add-opens=java.base/sun.nio.fs=ALL-UNNAMED -Declipse.application=org.eclipse.jdt.ls.core.id1 -Dosgi.bundles.defaultStartLevel=4 -Declipse.product=org.eclipse.jdt.ls.core.product -Djava.import.generatesMetadataFilesAtProjectRoot=false -DDetectVMInstallationsJob.disabled=true -Dfile.encoding=utf8 -XX:+UseParallelGC -XX:GCTimeRatio=4 -XX:AdaptiveSizePolicyWeight=90 -Dsun.zip.disableMemoryMapping=true -Xmx1G -Xms100m -Xlog:disable -javaagent:c:\Users\retti\.cursor\extensions\redhat.java-1.41.1-win32-x64\lombok\lombok-1.18.36.jar -XX:+HeapDumpOnOutOfMemoryError -XX:HeapDumpPath=c:\Users\retti\AppData\Roaming\Cursor\User\workspaceStorage\3c3ab49b42226e0c40f278b0320f8791\redhat.java -Daether.dependencyCollector.impl=bf 
java_command: c:\Users\retti\.cursor\extensions\redhat.java-1.41.1-win32-x64\server\plugins\org.eclipse.equinox.launcher_1.7.0.v20250331-1702.jar -configuration c:\Users\retti\AppData\Roaming\Cursor\User\globalStorage\redhat.java\1.41.1\config_win -data c:\Users\retti\AppData\Roaming\Cursor\User\workspaceStorage\3c3ab49b42226e0c40f278b0320f8791\redhat.java\jdt_ws --pipe=\\.\pipe\lsp-c13051208791df12239ff1a7a552f7aa-sock
java_class_path (initial): c:\Users\retti\.cursor\extensions\redhat.java-1.41.1-win32-x64\server\plugins\org.eclipse.equinox.launcher_1.7.0.v20250331-1702.jar
Launcher Type: SUN_STANDARD

[Global flags]
    uintx AdaptiveSizePolicyWeight                 = 90                                        {product} {command line}
     intx CICompilerCount                          = 3                                         {product} {ergonomic}
    uintx GCTimeRatio                              = 4                                         {product} {command line}
     bool HeapDumpOnOutOfMemoryError               = true                                   {manageable} {command line}
    ccstr HeapDumpPath                             = c:\Users\retti\AppData\Roaming\Cursor\User\workspaceStorage\3c3ab49b42226e0c40f278b0320f8791\redhat.java         {manageable} {command line}
   size_t InitialHeapSize                          = 104857600                                 {product} {command line}
   size_t MaxHeapSize                              = 1073741824                                {product} {command line}
   size_t MaxNewSize                               = 357564416                                 {product} {ergonomic}
   size_t MinHeapDeltaBytes                        = 524288                                    {product} {ergonomic}
   size_t MinHeapSize                              = 104857600                                 {product} {command line}
   size_t NewSize                                  = 34603008                                  {product} {ergonomic}
    uintx NonNMethodCodeHeapSize                   = 5832780                                {pd product} {ergonomic}
    uintx NonProfiledCodeHeapSize                  = 122912730                              {pd product} {ergonomic}
   size_t OldSize                                  = 70254592                                  {product} {ergonomic}
    uintx ProfiledCodeHeapSize                     = 122912730                              {pd product} {ergonomic}
    uintx ReservedCodeCacheSize                    = 251658240                              {pd product} {ergonomic}
     bool SegmentedCodeCache                       = true                                      {product} {ergonomic}
   size_t SoftMaxHeapSize                          = 1073741824                             {manageable} {ergonomic}
     bool UseCompressedOops                        = true                           {product lp64_product} {ergonomic}
     bool UseLargePagesIndividualAllocation        = false                                  {pd product} {ergonomic}
     bool UseParallelGC                            = true                                      {product} {command line}

Logging:
Log output configuration:
 #0: stdout all=off uptime,level,tags foldmultilines=false
 #1: stderr all=off uptime,level,tags foldmultilines=false

Environment Variables:
JAVA_HOME=C:\Program Files\Eclipse Adoptium\jdk-17.0.14.7-hotspot
PATH=C:\Program Files\Eclipse Adoptium\jdk-17.0.14.7-hotspot\bin;C:\Program Files\Eclipse Adoptium\jdk-17.0.14.7-hotspot\bin;C:\Program Files\Eclipse Adoptium\jdk-21.0.6.7-hotspot\bin;c:\Program Files\MongoDB\Server\8.0\bin;c:\Users\retti\AppData\Local\Programs\cursor\resources\app\bin;C:\WINDOWS\system32;C:\WINDOWS;C:\WINDOWS\System32\Wbem;C:\WINDOWS\System32\WindowsPowerShell\v1.0\;C:\WINDOWS\System32\OpenSSH\;C:\Program Files\Git\cmd;C:\ProgramData\chocolatey\bin;C:\Program Files\nodejs\;C:\Users\retti\AppData\Local\Android\Sdk\platform-tools;C:\Program Files\MySQL\MySQL Shell 8.0\bin\;C:\Users\retti\AppData\Local\Programs\Python\Python312\Scripts\;C:\Users\retti\AppData\Local\Programs\Python\Python312\;C:\Users\retti\AppData\Local\Microsoft\WindowsApps;C:\Users\retti\AppData\Roaming\npm;c:\Users\retti\AppData\Local\Programs\cursor\resources\app\bin;c:\Users\retti\AppData\Local\Programs\cursor\resources\app\bin;C:\Program Files\MongoDB\mongosh-2.4.2-win32-x64;C:\Program Files\MongoDB\mongosh-2.4.2-win32-x64\bin;C:\Program Files\Eclipse Adoptium\jdk-17.0.14.7-hotspot\bin;C:\stripe-cli\;C:\strip-cli;C:\Users\retti\AppData\Local\Programs\Python\Python312\Scripts\;C:\Users\retti\AppData\Local\Programs\Python\Python312\;C:\Users\retti\AppData\Local\Microsoft\WindowsApps;;C:\Users\retti\AppData\Local\Programs\Microsoft VS Code\bin;C:\Users\retti\AppData\Roaming\npm;C:\Users\retti\AppData\Local\Programs\cursor\resources\app\bin
USERNAME=Biruk'sPC
OS=Windows_NT
PROCESSOR_IDENTIFIER=Intel64 Family 6 Model 126 Stepping 5, GenuineIntel
TMP=C:\Users\retti\AppData\Local\Temp
TEMP=C:\Users\retti\AppData\Local\Temp




Periodic native trim disabled

---------------  S Y S T E M  ---------------

OS:
 Windows 11 , 64 bit Build 22621 (10.0.22621.5262)
OS uptime: 2 days 22:25 hours

CPU: total 4 (initial active 4) (2 cores per cpu, 2 threads per core) family 6 model 126 stepping 5 microcode 0x86, cx8, cmov, fxsr, ht, mmx, 3dnowpref, sse, sse2, sse3, ssse3, sse4.1, sse4.2, popcnt, lzcnt, tsc, tscinvbit, avx, avx2, aes, erms, clmul, bmi1, bmi2, adx, avx512f, avx512dq, avx512cd, avx512bw, avx512vl, sha, fma, vzeroupper, avx512_vpopcntdq, avx512_vpclmulqdq, avx512_vaes, avx512_vnni, clflush, clflushopt, avx512_vbmi2, avx512_vbmi, rdtscp, rdpid, fsrm, gfni, avx512_bitalg, f16c, pku, avx512_ifma
Processor Information for the first 4 processors :
  Max Mhz: 1190, Current Mhz: 1190, Mhz Limit: 1190

Memory: 4k page, system-wide physical 7987M (290M free)
TotalPageFile size 13557M (AvailPageFile size 37M)
current process WorkingSet (physical memory assigned to process): 173M, peak: 175M
current process commit charge ("private bytes"): 256M, peak: 258M

vm_info: OpenJDK 64-Bit Server VM (21.0.6+7-LTS) for windows-amd64 JRE (21.0.6+7-LTS), built on 2025-01-21T00:00:00Z by "admin" with MS VC++ 17.7 (VS2022)

END.
