#
# There is insufficient memory for the Java Runtime Environment to continue.
# Native memory allocation (mmap) failed to map 54525952 bytes. Error detail: G1 virtual space
# Possible reasons:
#   The system is out of physical RAM or swap space
#   This process is running with CompressedOops enabled, and the Java Heap may be blocking the growth of the native heap
# Possible solutions:
#   Reduce memory load on the system
#   Increase physical memory or swap space
#   Check if swap backing store is full
#   Decrease Java heap size (-Xmx/-Xms)
#   Decrease number of Java threads
#   Decrease Java thread stack sizes (-Xss)
#   Set larger code cache with -XX:ReservedCodeCacheSize=
#   JVM is running with Unscaled Compressed Oops mode in which the Java heap is
#     placed in the first 4GB address space. The Java Heap base address is the
#     maximum limit for the native heap growth. Please use -XX:HeapBaseMinAddress
#     to set the Java Heap base and to place the Java Heap above 4GB virtual address.
# This output file may be truncated or incomplete.
#
#  Out of Memory Error (os_windows.cpp:3618), pid=22776, tid=24392
#
# JRE version: OpenJDK Runtime Environment Temurin-17.0.14+7 (17.0.14+7) (build 17.0.14+7)
# Java VM: OpenJDK 64-Bit Server VM Temurin-17.0.14+7 (17.0.14+7, mixed mode, sharing, tiered, compressed oops, compressed class ptrs, g1 gc, windows-amd64)
# No core dump will be written. Minidumps are not enabled by default on client versions of Windows
#

---------------  S U M M A R Y ------------

Command Line: -XX:MaxMetaspaceSize=512m --add-opens=java.base/java.util=ALL-UNNAMED --add-opens=java.base/java.lang=ALL-UNNAMED --add-opens=java.base/java.lang.invoke=ALL-UNNAMED --add-opens=java.prefs/java.util.prefs=ALL-UNNAMED --add-opens=java.base/java.nio.charset=ALL-UNNAMED --add-opens=java.base/java.net=ALL-UNNAMED --add-opens=java.base/java.util.concurrent.atomic=ALL-UNNAMED -Xmx2048m -Dfile.encoding=utf8 -Duser.country=US -Duser.language=en -Duser.variant -javaagent:C:\Users\retti\.gradle\wrapper\dists\gradle-8.3-all\6en3ugtfdg5xnpx44z4qbwgas\gradle-8.3\lib\agents\gradle-instrumentation-agent-8.3.jar org.gradle.launcher.daemon.bootstrap.GradleDaemon 8.3

Host: Intel(R) Core(TM) i3-1005G1 CPU @ 1.20GHz, 4 cores, 7G,  Windows 11 , 64 bit Build 22621 (10.0.22621.5262)
Time: Thu May  8 06:47:48 2025 Central Daylight Time elapsed time: 125.203859 seconds (0d 0h 2m 5s)

---------------  T H R E A D  ---------------

Current thread (0x00000249349f8680):  VMThread "VM Thread" [stack: 0x0000007f76800000,0x0000007f76900000] [id=24392]

Stack: [0x0000007f76800000,0x0000007f76900000]
Native frames: (J=compiled Java code, j=interpreted, Vv=VM code, C=native code)
V  [jvm.dll+0x682eb9]
V  [jvm.dll+0x8399c8]
V  [jvm.dll+0x83b473]
V  [jvm.dll+0x83bae3]
V  [jvm.dll+0x24715f]
V  [jvm.dll+0x67fc99]
V  [jvm.dll+0x674b8a]
V  [jvm.dll+0x304c06]
V  [jvm.dll+0x30c0c6]
V  [jvm.dll+0x35dc3e]
V  [jvm.dll+0x35de7d]
V  [jvm.dll+0x2dbfcc]
V  [jvm.dll+0x2defe6]
V  [jvm.dll+0x2e970c]
V  [jvm.dll+0x31d52d]
V  [jvm.dll+0x84031d]
V  [jvm.dll+0x841053]
V  [jvm.dll+0x84157f]
V  [jvm.dll+0x841964]
V  [jvm.dll+0x841a2e]
V  [jvm.dll+0x7e948c]
V  [jvm.dll+0x681d97]
C  [ucrtbase.dll+0x29333]
C  [KERNEL32.DLL+0x1259d]
C  [ntdll.dll+0x5af58]

VM_Operation (0x0000007f764ff750): G1PauseRemark, mode: safepoint, requested by thread 0x0000024916e89c00


---------------  P R O C E S S  ---------------

Threads class SMR info:
_java_thread_list=0x00000249572a5aa0, length=76, elements={
0x0000024916e22650, 0x00000249349fbf00, 0x00000249349fd260, 0x0000024934a147d0,
0x0000024934a163a0, 0x0000024934a1b180, 0x0000024934a1bb40, 0x0000024934a1c8e0,
0x0000024934a1d9a0, 0x0000024934a7db20, 0x0000024934c37880, 0x0000024934d2d990,
0x00000249557c5020, 0x0000024954e967e0, 0x00000249552dcad0, 0x00000249554a0d00,
0x0000024956042b30, 0x000002495628d6a0, 0x0000024955c3d700, 0x00000249557474e0,
0x00000249557460a0, 0x0000024955743d30, 0x0000024955746ac0, 0x0000024955744750,
0x0000024955744c60, 0x0000024955745170, 0x0000024955746fd0, 0x00000249557465b0,
0x0000024955745b90, 0x00000249558955a0, 0x000002495588fa80, 0x0000024955890ec0,
0x0000024955893230, 0x000002495588ff90, 0x00000249558904a0, 0x0000024955895fc0,
0x0000024955896ef0, 0x0000024955897400, 0x00000249558909b0, 0x0000024955895090,
0x00000249558913d0, 0x0000024955895ab0, 0x0000024955892810, 0x00000249558964d0,
0x0000024955892300, 0x0000024955892d20, 0x0000024955893740, 0x0000024957e24220,
0x0000024957e26aa0, 0x0000024957e23d10, 0x0000024957e232f0, 0x0000024957e25150,
0x0000024957e219a0, 0x0000024957e24730, 0x0000024957e25660, 0x0000024957e24c40,
0x0000024957e27ee0, 0x0000024957e26590, 0x0000024957e274c0, 0x0000024957e28900,
0x0000024957e21490, 0x0000024957e28e10, 0x0000024957e21eb0, 0x0000024957e228d0,
0x0000024957e22de0, 0x00000249587b2d40, 0x00000249587b3250, 0x00000249587b4180,
0x00000249587ae150, 0x00000249587b3c70, 0x00000249587b50b0, 0x00000249587af590,
0x00000249587b4690, 0x00000249587af080, 0x00000249587b3760, 0x00000249587afaa0
}

Java Threads: ( => current thread )
  0x0000024916e22650 JavaThread "main" [_thread_blocked, id=10376, stack(0x0000007f76100000,0x0000007f76200000)]
  0x00000249349fbf00 JavaThread "Reference Handler" daemon [_thread_blocked, id=1236, stack(0x0000007f76900000,0x0000007f76a00000)]
  0x00000249349fd260 JavaThread "Finalizer" daemon [_thread_blocked, id=2188, stack(0x0000007f76a00000,0x0000007f76b00000)]
  0x0000024934a147d0 JavaThread "Signal Dispatcher" daemon [_thread_blocked, id=22584, stack(0x0000007f76b00000,0x0000007f76c00000)]
  0x0000024934a163a0 JavaThread "Attach Listener" daemon [_thread_blocked, id=15256, stack(0x0000007f76c00000,0x0000007f76d00000)]
  0x0000024934a1b180 JavaThread "Service Thread" daemon [_thread_blocked, id=17464, stack(0x0000007f76d00000,0x0000007f76e00000)]
  0x0000024934a1bb40 JavaThread "Monitor Deflation Thread" daemon [_thread_blocked, id=14748, stack(0x0000007f76e00000,0x0000007f76f00000)]
  0x0000024934a1c8e0 JavaThread "C2 CompilerThread0" daemon [_thread_blocked, id=4160, stack(0x0000007f76f00000,0x0000007f77000000)]
  0x0000024934a1d9a0 JavaThread "C1 CompilerThread0" daemon [_thread_blocked, id=15772, stack(0x0000007f77000000,0x0000007f77100000)]
  0x0000024934a7db20 JavaThread "Sweeper thread" daemon [_thread_blocked, id=2768, stack(0x0000007f77100000,0x0000007f77200000)]
  0x0000024934c37880 JavaThread "Common-Cleaner" daemon [_thread_blocked, id=23800, stack(0x0000007f77200000,0x0000007f77300000)]
  0x0000024934d2d990 JavaThread "Notification Thread" daemon [_thread_blocked, id=3416, stack(0x0000007f77300000,0x0000007f77400000)]
  0x00000249557c5020 JavaThread "Daemon health stats" [_thread_blocked, id=15932, stack(0x0000007f77900000,0x0000007f77a00000)]
  0x0000024954e967e0 JavaThread "Incoming local TCP Connector on port 55815" [_thread_in_native, id=25528, stack(0x0000007f77800000,0x0000007f77900000)]
  0x00000249552dcad0 JavaThread "Daemon periodic checks" [_thread_blocked, id=24816, stack(0x0000007f77a00000,0x0000007f77b00000)]
  0x00000249554a0d00 JavaThread "Daemon" [_thread_blocked, id=21108, stack(0x0000007f77b00000,0x0000007f77c00000)]
  0x0000024956042b30 JavaThread "Handler for socket connection from /127.0.0.1:55815 to /127.0.0.1:55816" [_thread_in_native, id=18580, stack(0x0000007f77c00000,0x0000007f77d00000)]
  0x000002495628d6a0 JavaThread "Cancel handler" [_thread_blocked, id=13152, stack(0x0000007f77d00000,0x0000007f77e00000)]
  0x0000024955c3d700 JavaThread "Daemon worker" [_thread_blocked, id=14312, stack(0x0000007f77e00000,0x0000007f77f00000)]
  0x00000249557474e0 JavaThread "Asynchronous log dispatcher for DefaultDaemonConnection: socket connection from /127.0.0.1:55815 to /127.0.0.1:55816" [_thread_blocked, id=25372, stack(0x0000007f77f00000,0x0000007f78000000)]
  0x00000249557460a0 JavaThread "Daemon client event forwarder" [_thread_blocked, id=12624, stack(0x0000007f78100000,0x0000007f78200000)]
  0x0000024955743d30 JavaThread "Cache worker for journal cache (C:\Users\retti\.gradle\caches\journal-1)" [_thread_blocked, id=15768, stack(0x0000007f78200000,0x0000007f78300000)]
  0x0000024955746ac0 JavaThread "File lock request listener" [_thread_in_native, id=7316, stack(0x0000007f78300000,0x0000007f78400000)]
  0x0000024955744750 JavaThread "Cache worker for file hash cache (C:\Users\retti\.gradle\caches\8.3\fileHashes)" [_thread_blocked, id=18844, stack(0x0000007f78400000,0x0000007f78500000)]
  0x0000024955744c60 JavaThread "File watcher server" daemon [_thread_in_native, id=22692, stack(0x0000007f78500000,0x0000007f78600000)]
  0x0000024955745170 JavaThread "File watcher consumer" daemon [_thread_blocked, id=20780, stack(0x0000007f78600000,0x0000007f78700000)]
  0x0000024955746fd0 JavaThread "jar transforms" [_thread_blocked, id=23860, stack(0x0000007f78700000,0x0000007f78800000)]
  0x00000249557465b0 JavaThread "jar transforms Thread 2" [_thread_blocked, id=15684, stack(0x0000007f78800000,0x0000007f78900000)]
  0x0000024955745b90 JavaThread "jar transforms Thread 3" [_thread_blocked, id=1540, stack(0x0000007f78900000,0x0000007f78a00000)]
  0x00000249558955a0 JavaThread "Cache worker for checksums cache (C:\Users\retti\OneDrive\Desktop\HealthCoach\Health-coach\android\.gradle\8.3\checksums)" [_thread_blocked, id=15776, stack(0x0000007f78b00000,0x0000007f78c00000)]
  0x000002495588fa80 JavaThread "Cache worker for file hash cache (C:\Users\retti\OneDrive\Desktop\HealthCoach\Health-coach\android\.gradle\8.3\fileHashes)" [_thread_blocked, id=10564, stack(0x0000007f78c00000,0x0000007f78d00000)]
  0x0000024955890ec0 JavaThread "Cache worker for cache directory md-supplier (C:\Users\retti\.gradle\caches\8.3\md-supplier)" [_thread_blocked, id=14808, stack(0x0000007f78d00000,0x0000007f78e00000)]
  0x0000024955893230 JavaThread "Cache worker for file content cache (C:\Users\retti\.gradle\caches\8.3\fileContent)" [_thread_blocked, id=12328, stack(0x0000007f78e00000,0x0000007f78f00000)]
  0x000002495588ff90 JavaThread "Cache worker for cache directory md-rule (C:\Users\retti\.gradle\caches\8.3\md-rule)" [_thread_blocked, id=15264, stack(0x0000007f78f00000,0x0000007f79000000)]
  0x00000249558904a0 JavaThread "Cache worker for execution history cache (C:\Users\retti\.gradle\caches\8.3\executionHistory)" [_thread_blocked, id=7272, stack(0x0000007f79000000,0x0000007f79100000)]
  0x0000024955895fc0 JavaThread "jar transforms Thread 4" [_thread_blocked, id=16508, stack(0x0000007f79100000,0x0000007f79200000)]
  0x0000024955896ef0 JavaThread "Cache worker for kotlin-dsl (C:\Users\retti\.gradle\caches\8.3\kotlin-dsl)" [_thread_blocked, id=24688, stack(0x0000007f79400000,0x0000007f79500000)]
  0x0000024955897400 JavaThread "Unconstrained build operations" [_thread_blocked, id=18068, stack(0x0000007f79700000,0x0000007f79800000)]
  0x00000249558909b0 JavaThread "Unconstrained build operations Thread 2" [_thread_blocked, id=10184, stack(0x0000007f79800000,0x0000007f79900000)]
  0x0000024955895090 JavaThread "Cache worker for dependencies-accessors (C:\Users\retti\OneDrive\Desktop\HealthCoach\Health-coach\android\.gradle\8.3\dependencies-accessors)" [_thread_blocked, id=22808, stack(0x0000007f79900000,0x0000007f79a00000)]
  0x00000249558913d0 JavaThread "Cache worker for Build Output Cleanup Cache (C:\Users\retti\OneDrive\Desktop\HealthCoach\Health-coach\node_modules\expo-dev-launcher\expo-dev-launcher-gradle-plugin\.gradle\buildOutputCleanup)" [_thread_blocked, id=7396, stack(0x0000007f79a00000,0x0000007f79b00000)]
  0x0000024955895ab0 JavaThread "Unconstrained build operations Thread 3" [_thread_blocked, id=11392, stack(0x0000007f79300000,0x0000007f79400000)]
  0x0000024955892810 JavaThread "Unconstrained build operations Thread 4" [_thread_blocked, id=19320, stack(0x0000007f79b00000,0x0000007f79c00000)]
  0x00000249558964d0 JavaThread "Unconstrained build operations Thread 5" [_thread_blocked, id=24052, stack(0x0000007f79c00000,0x0000007f79d00000)]
  0x0000024955892300 JavaThread "Memory manager" [_thread_blocked, id=24016, stack(0x0000007f79f00000,0x0000007f7a000000)]
  0x0000024955892d20 JavaThread "Cache worker for Build Output Cleanup Cache (C:\Users\retti\OneDrive\Desktop\HealthCoach\Health-coach\node_modules\@react-native\gradle-plugin\.gradle\buildOutputCleanup)" [_thread_blocked, id=9948, stack(0x0000007f79e00000,0x0000007f79f00000)]
  0x0000024955893740 JavaThread "Unconstrained build operations Thread 6" [_thread_blocked, id=21360, stack(0x0000007f7a100000,0x0000007f7a200000)]
  0x0000024957e24220 JavaThread "Unconstrained build operations Thread 7" [_thread_blocked, id=9624, stack(0x0000007f7a200000,0x0000007f7a300000)]
  0x0000024957e26aa0 JavaThread "Unconstrained build operations Thread 8" [_thread_blocked, id=16320, stack(0x0000007f7a300000,0x0000007f7a400000)]
  0x0000024957e23d10 JavaThread "Cache worker for Build Output Cleanup Cache (C:\Users\retti\OneDrive\Desktop\HealthCoach\Health-coach\android\.gradle\buildOutputCleanup)" [_thread_blocked, id=2316, stack(0x0000007f7a400000,0x0000007f7a500000)]
  0x0000024957e232f0 JavaThread "ForkJoinPool.commonPool-worker-1" daemon [_thread_blocked, id=11216, stack(0x0000007f7a500000,0x0000007f7a600000)]
  0x0000024957e25150 JavaThread "ForkJoinPool.commonPool-worker-3" daemon [_thread_blocked, id=16776, stack(0x0000007f7a700000,0x0000007f7a800000)]
  0x0000024957e219a0 JavaThread "Execution worker" [_thread_blocked, id=1568, stack(0x0000007f7ad00000,0x0000007f7ae00000)]
  0x0000024957e24730 JavaThread "Execution worker Thread 2" [_thread_blocked, id=18608, stack(0x0000007f7ae00000,0x0000007f7af00000)]
  0x0000024957e25660 JavaThread "Execution worker Thread 3" [_thread_blocked, id=4904, stack(0x0000007f7af00000,0x0000007f7b000000)]
  0x0000024957e24c40 JavaThread "Cache worker for execution history cache (C:\Users\retti\OneDrive\Desktop\HealthCoach\Health-coach\node_modules\@react-native\gradle-plugin\.gradle\8.3\executionHistory)" [_thread_blocked, id=19276, stack(0x0000007f7b000000,0x0000007f7b100000)]
  0x0000024957e27ee0 JavaThread "Cache worker for execution history cache (C:\Users\retti\OneDrive\Desktop\HealthCoach\Health-coach\node_modules\expo-dev-launcher\expo-dev-launcher-gradle-plugin\.gradle\8.3\executionHistory)" [_thread_blocked, id=12148, stack(0x0000007f7b100000,0x0000007f7b200000)]
  0x0000024957e26590 JavaThread "Unconstrained build operations Thread 9" [_thread_blocked, id=7344, stack(0x0000007f7b200000,0x0000007f7b300000)]
  0x0000024957e274c0 JavaThread "Unconstrained build operations Thread 10" [_thread_blocked, id=18532, stack(0x0000007f7b300000,0x0000007f7b400000)]
  0x0000024957e28900 JavaThread "Unconstrained build operations Thread 11" [_thread_blocked, id=4616, stack(0x0000007f7b400000,0x0000007f7b500000)]
  0x0000024957e21490 JavaThread "Unconstrained build operations Thread 12" [_thread_blocked, id=16600, stack(0x0000007f7b500000,0x0000007f7b600000)]
  0x0000024957e28e10 JavaThread "Unconstrained build operations Thread 13" [_thread_blocked, id=9740, stack(0x0000007f7b600000,0x0000007f7b700000)]
  0x0000024957e21eb0 JavaThread "Unconstrained build operations Thread 14" [_thread_blocked, id=7728, stack(0x0000007f7b700000,0x0000007f7b800000)]
  0x0000024957e228d0 JavaThread "Unconstrained build operations Thread 15" [_thread_blocked, id=8376, stack(0x0000007f7b800000,0x0000007f7b900000)]
  0x0000024957e22de0 JavaThread "Unconstrained build operations Thread 16" [_thread_blocked, id=19892, stack(0x0000007f7b900000,0x0000007f7ba00000)]
  0x00000249587b2d40 JavaThread "Unconstrained build operations Thread 17" [_thread_blocked, id=21052, stack(0x0000007f7ba00000,0x0000007f7bb00000)]
  0x00000249587b3250 JavaThread "Unconstrained build operations Thread 18" [_thread_blocked, id=23340, stack(0x0000007f7bb00000,0x0000007f7bc00000)]
  0x00000249587b4180 JavaThread "Unconstrained build operations Thread 19" [_thread_blocked, id=14740, stack(0x0000007f7bc00000,0x0000007f7bd00000)]
  0x00000249587ae150 JavaThread "Unconstrained build operations Thread 20" [_thread_blocked, id=23820, stack(0x0000007f7bd00000,0x0000007f7be00000)]
  0x00000249587b3c70 JavaThread "Unconstrained build operations Thread 21" [_thread_blocked, id=15356, stack(0x0000007f7be00000,0x0000007f7bf00000)]
  0x00000249587b50b0 JavaThread "Unconstrained build operations Thread 22" [_thread_blocked, id=23448, stack(0x0000007f7bf00000,0x0000007f7c000000)]
  0x00000249587af590 JavaThread "Unconstrained build operations Thread 23" [_thread_blocked, id=14664, stack(0x0000007f7c000000,0x0000007f7c100000)]
  0x00000249587b4690 JavaThread "Unconstrained build operations Thread 24" [_thread_blocked, id=23592, stack(0x0000007f7c100000,0x0000007f7c200000)]
  0x00000249587af080 JavaThread "Unconstrained build operations Thread 25" [_thread_blocked, id=24244, stack(0x0000007f76000000,0x0000007f76100000)]
  0x00000249587b3760 JavaThread "Unconstrained build operations Thread 26" [_thread_blocked, id=4808, stack(0x0000007f76200000,0x0000007f76300000)]
  0x00000249587afaa0 JavaThread "Unconstrained build operations Thread 27" [_thread_blocked, id=16100, stack(0x0000007f78000000,0x0000007f78100000)]

Other Threads:
=>0x00000249349f8680 VMThread "VM Thread" [stack: 0x0000007f76800000,0x0000007f76900000] [id=24392]
  0x0000024934cc9080 WatcherThread [stack: 0x0000007f77400000,0x0000007f77500000] [id=21836]
  0x0000024914dfe820 GCTaskThread "GC Thread#0" [stack: 0x0000007f76300000,0x0000007f76400000] [id=18300]
  0x00000249540210f0 GCTaskThread "GC Thread#1" [stack: 0x0000007f77500000,0x0000007f77600000] [id=7964]
  0x0000024934e2b3f0 GCTaskThread "GC Thread#2" [stack: 0x0000007f77600000,0x0000007f77700000] [id=18652]
  0x0000024954a95250 GCTaskThread "GC Thread#3" [stack: 0x0000007f77700000,0x0000007f77800000] [id=17560]
  0x0000024916e89c00 ConcurrentGCThread "G1 Main Marker" [stack: 0x0000007f76400000,0x0000007f76500000] [id=4468]
  0x0000024916e8a530 ConcurrentGCThread "G1 Conc#0" [stack: 0x0000007f76500000,0x0000007f76600000] [id=7780]
  0x0000024916ece180 ConcurrentGCThread "G1 Refine#0" [stack: 0x0000007f76600000,0x0000007f76700000] [id=2876]
  0x00000249553bf250 ConcurrentGCThread "G1 Refine#1" [stack: 0x0000007f78a00000,0x0000007f78b00000] [id=12228]
  0x000002495764de10 ConcurrentGCThread "G1 Refine#2" [stack: 0x0000007f79200000,0x0000007f79300000] [id=16736]
  0x0000024916ecebb0 ConcurrentGCThread "G1 Service" [stack: 0x0000007f76700000,0x0000007f76800000] [id=12700]

Threads with active compile tasks:

VM state: at safepoint (normal execution)

VM Mutex/Monitor currently owned by a thread:  ([mutex/lock_event])
[0x0000024916e1d490] Threads_lock - owner thread: 0x00000249349f8680
[0x0000024916e1e330] Heap_lock - owner thread: 0x0000024916e89c00

Heap address: 0x0000000080000000, size: 2048 MB, Compressed Oops mode: 32-bit

CDS archive(s) mapped at: [0x0000024935000000-0x0000024935bb0000-0x0000024935bb0000), size 12255232, SharedBaseAddress: 0x0000024935000000, ArchiveRelocationMode: 1.
Compressed class space mapped at: 0x0000024936000000-0x0000024950000000, reserved size: 436207616
Narrow klass base: 0x0000024935000000, Narrow klass shift: 0, Narrow klass range: 0x100000000

GC Precious Log:
 CPUs: 4 total, 4 available
 Memory: 7987M
 Large Page Support: Disabled
 NUMA Support: Disabled
 Compressed Oops: Enabled (32-bit)
 Heap Region Size: 1M
 Heap Min Capacity: 8M
 Heap Initial Capacity: 126M
 Heap Max Capacity: 2G
 Pre-touch: Disabled
 Parallel Workers: 4
 Concurrent Workers: 1
 Concurrent Refinement Workers: 4
 Periodic GC: Disabled

Heap:
 garbage-first heap   total 252928K, used 181330K [0x0000000080000000, 0x0000000100000000)
  region size 1024K, 15 young (15360K), 6 survivors (6144K)
 Metaspace       used 99842K, committed 101376K, reserved 557056K
  class space    used 14109K, committed 14784K, reserved 425984K

Heap Regions: E=young(eden), S=young(survivor), O=old, HS=humongous(starts), HC=humongous(continues), CS=collection set, F=free, OA=open archive, CA=closed archive, TAMS=top-at-mark-start (previous, next)
|   0|0x0000000080000000, 0x0000000080100000, 0x0000000080100000|100%| O|  |TAMS 0x0000000080100000, 0x0000000080000000| Untracked 
|   1|0x0000000080100000, 0x0000000080200000, 0x0000000080200000|100%| O|  |TAMS 0x0000000080200000, 0x0000000080100000| Untracked 
|   2|0x0000000080200000, 0x0000000080300000, 0x0000000080300000|100%|HS|  |TAMS 0x0000000080300000, 0x0000000080200000| Complete 
|   3|0x0000000080300000, 0x0000000080400000, 0x0000000080400000|100%|HC|  |TAMS 0x0000000080400000, 0x0000000080300000| Complete 
|   4|0x0000000080400000, 0x0000000080500000, 0x0000000080500000|100%|HC|  |TAMS 0x0000000080500000, 0x0000000080400000| Complete 
|   5|0x0000000080500000, 0x0000000080600000, 0x0000000080600000|100%|HC|  |TAMS 0x0000000080600000, 0x0000000080500000| Complete 
|   6|0x0000000080600000, 0x0000000080700000, 0x0000000080700000|100%| O|  |TAMS 0x0000000080700000, 0x0000000080600000| Untracked 
|   7|0x0000000080700000, 0x0000000080800000, 0x0000000080800000|100%| O|  |TAMS 0x0000000080800000, 0x0000000080700000| Updating 
|   8|0x0000000080800000, 0x0000000080900000, 0x0000000080900000|100%| O|  |TAMS 0x0000000080900000, 0x0000000080800000| Untracked 
|   9|0x0000000080900000, 0x0000000080a00000, 0x0000000080a00000|100%| O|  |TAMS 0x0000000080a00000, 0x0000000080900000| Untracked 
|  10|0x0000000080a00000, 0x0000000080b00000, 0x0000000080b00000|100%| O|  |TAMS 0x0000000080b00000, 0x0000000080a00000| Untracked 
|  11|0x0000000080b00000, 0x0000000080c00000, 0x0000000080c00000|100%| O|  |TAMS 0x0000000080c00000, 0x0000000080b00000| Untracked 
|  12|0x0000000080c00000, 0x0000000080d00000, 0x0000000080d00000|100%| O|  |TAMS 0x0000000080d00000, 0x0000000080c00000| Updating 
|  13|0x0000000080d00000, 0x0000000080e00000, 0x0000000080e00000|100%| O|  |TAMS 0x0000000080e00000, 0x0000000080d00000| Untracked 
|  14|0x0000000080e00000, 0x0000000080f00000, 0x0000000080f00000|100%| O|  |TAMS 0x0000000080f00000, 0x0000000080e00000| Untracked 
|  15|0x0000000080f00000, 0x0000000081000000, 0x0000000081000000|100%| O|  |TAMS 0x0000000081000000, 0x0000000080f00000| Untracked 
|  16|0x0000000081000000, 0x0000000081100000, 0x0000000081100000|100%| O|  |TAMS 0x0000000081100000, 0x0000000081000000| Untracked 
|  17|0x0000000081100000, 0x0000000081200000, 0x0000000081200000|100%| O|  |TAMS 0x0000000081200000, 0x0000000081100000| Untracked 
|  18|0x0000000081200000, 0x0000000081300000, 0x0000000081300000|100%| O|  |TAMS 0x0000000081300000, 0x0000000081200000| Untracked 
|  19|0x0000000081300000, 0x00000000813f6a00, 0x0000000081400000| 96%| O|  |TAMS 0x00000000813f6a00, 0x0000000081300000| Untracked 
|  20|0x0000000081400000, 0x0000000081500000, 0x0000000081500000|100%| O|  |TAMS 0x0000000081500000, 0x0000000081400000| Untracked 
|  21|0x0000000081500000, 0x0000000081600000, 0x0000000081600000|100%| O|  |TAMS 0x0000000081600000, 0x0000000081500000| Untracked 
|  22|0x0000000081600000, 0x0000000081700000, 0x0000000081700000|100%| O|  |TAMS 0x0000000081700000, 0x0000000081600000| Untracked 
|  23|0x0000000081700000, 0x0000000081800000, 0x0000000081800000|100%| O|  |TAMS 0x0000000081800000, 0x0000000081700000| Untracked 
|  24|0x0000000081800000, 0x0000000081900000, 0x0000000081900000|100%| O|  |TAMS 0x0000000081900000, 0x0000000081800000| Untracked 
|  25|0x0000000081900000, 0x0000000081a00000, 0x0000000081a00000|100%| O|  |TAMS 0x0000000081a00000, 0x0000000081900000| Untracked 
|  26|0x0000000081a00000, 0x0000000081b00000, 0x0000000081b00000|100%| O|  |TAMS 0x0000000081b00000, 0x0000000081a00000| Updating 
|  27|0x0000000081b00000, 0x0000000081c00000, 0x0000000081c00000|100%| O|  |TAMS 0x0000000081c00000, 0x0000000081b00000| Untracked 
|  28|0x0000000081c00000, 0x0000000081d00000, 0x0000000081d00000|100%| O|  |TAMS 0x0000000081d00000, 0x0000000081c00000| Untracked 
|  29|0x0000000081d00000, 0x0000000081e00000, 0x0000000081e00000|100%| O|  |TAMS 0x0000000081e00000, 0x0000000081d00000| Untracked 
|  30|0x0000000081e00000, 0x0000000081f00000, 0x0000000081f00000|100%| O|  |TAMS 0x0000000081f00000, 0x0000000081e00000| Untracked 
|  31|0x0000000081f00000, 0x0000000082000000, 0x0000000082000000|100%| O|  |TAMS 0x0000000082000000, 0x0000000081f00000| Untracked 
|  32|0x0000000082000000, 0x0000000082100000, 0x0000000082100000|100%| O|  |TAMS 0x0000000082100000, 0x0000000082000000| Untracked 
|  33|0x0000000082100000, 0x0000000082200000, 0x0000000082200000|100%| O|  |TAMS 0x0000000082200000, 0x0000000082100000| Untracked 
|  34|0x0000000082200000, 0x0000000082300000, 0x0000000082300000|100%| O|  |TAMS 0x0000000082300000, 0x0000000082200000| Untracked 
|  35|0x0000000082300000, 0x0000000082400000, 0x0000000082400000|100%| O|  |TAMS 0x0000000082400000, 0x0000000082300000| Untracked 
|  36|0x0000000082400000, 0x0000000082500000, 0x0000000082500000|100%| O|  |TAMS 0x0000000082500000, 0x0000000082400000| Untracked 
|  37|0x0000000082500000, 0x0000000082600000, 0x0000000082600000|100%| O|  |TAMS 0x0000000082600000, 0x0000000082500000| Untracked 
|  38|0x0000000082600000, 0x0000000082700000, 0x0000000082700000|100%| O|  |TAMS 0x0000000082700000, 0x0000000082600000| Untracked 
|  39|0x0000000082700000, 0x0000000082800000, 0x0000000082800000|100%| O|  |TAMS 0x0000000082800000, 0x0000000082700000| Untracked 
|  40|0x0000000082800000, 0x0000000082900000, 0x0000000082900000|100%| O|  |TAMS 0x0000000082900000, 0x0000000082800000| Untracked 
|  41|0x0000000082900000, 0x0000000082a00000, 0x0000000082a00000|100%| O|  |TAMS 0x0000000082a00000, 0x0000000082900000| Updating 
|  42|0x0000000082a00000, 0x0000000082b00000, 0x0000000082b00000|100%| O|  |TAMS 0x0000000082b00000, 0x0000000082a00000| Untracked 
|  43|0x0000000082b00000, 0x0000000082c00000, 0x0000000082c00000|100%|HS|  |TAMS 0x0000000082c00000, 0x0000000082b00000| Complete 
|  44|0x0000000082c00000, 0x0000000082d00000, 0x0000000082d00000|100%|HC|  |TAMS 0x0000000082d00000, 0x0000000082c00000| Complete 
|  45|0x0000000082d00000, 0x0000000082e00000, 0x0000000082e00000|100%|HS|  |TAMS 0x0000000082e00000, 0x0000000082d00000| Complete 
|  46|0x0000000082e00000, 0x0000000082f00000, 0x0000000082f00000|100%|HC|  |TAMS 0x0000000082f00000, 0x0000000082e00000| Complete 
|  47|0x0000000082f00000, 0x0000000083000000, 0x0000000083000000|100%| O|  |TAMS 0x0000000083000000, 0x0000000082f00000| Untracked 
|  48|0x0000000083000000, 0x0000000083100000, 0x0000000083100000|100%| O|  |TAMS 0x0000000083100000, 0x0000000083000000| Untracked 
|  49|0x0000000083100000, 0x0000000083200000, 0x0000000083200000|100%|HS|  |TAMS 0x0000000083200000, 0x0000000083100000| Complete 
|  50|0x0000000083200000, 0x0000000083300000, 0x0000000083300000|100%|HC|  |TAMS 0x0000000083300000, 0x0000000083200000| Complete 
|  51|0x0000000083300000, 0x0000000083400000, 0x0000000083400000|100%|HC|  |TAMS 0x0000000083400000, 0x0000000083300000| Complete 
|  52|0x0000000083400000, 0x0000000083500000, 0x0000000083500000|100%|HC|  |TAMS 0x0000000083500000, 0x0000000083400000| Complete 
|  53|0x0000000083500000, 0x0000000083600000, 0x0000000083600000|100%| O|  |TAMS 0x0000000083600000, 0x0000000083500000| Untracked 
|  54|0x0000000083600000, 0x0000000083700000, 0x0000000083700000|100%|HS|  |TAMS 0x0000000083700000, 0x0000000083600000| Complete 
|  55|0x0000000083700000, 0x0000000083800000, 0x0000000083800000|100%|HC|  |TAMS 0x0000000083800000, 0x0000000083700000| Complete 
|  56|0x0000000083800000, 0x0000000083900000, 0x0000000083900000|100%|HC|  |TAMS 0x0000000083900000, 0x0000000083800000| Complete 
|  57|0x0000000083900000, 0x0000000083a00000, 0x0000000083a00000|100%|HC|  |TAMS 0x0000000083a00000, 0x0000000083900000| Complete 
|  58|0x0000000083a00000, 0x0000000083b00000, 0x0000000083b00000|100%| O|  |TAMS 0x0000000083b00000, 0x0000000083a00000| Untracked 
|  59|0x0000000083b00000, 0x0000000083c00000, 0x0000000083c00000|100%| O|  |TAMS 0x0000000083c00000, 0x0000000083b00000| Untracked 
|  60|0x0000000083c00000, 0x0000000083d00000, 0x0000000083d00000|100%| O|  |TAMS 0x0000000083d00000, 0x0000000083c00000| Updating 
|  61|0x0000000083d00000, 0x0000000083e00000, 0x0000000083e00000|100%| O|  |TAMS 0x0000000083e00000, 0x0000000083d00000| Untracked 
|  62|0x0000000083e00000, 0x0000000083f00000, 0x0000000083f00000|100%| O|  |TAMS 0x0000000083f00000, 0x0000000083e00000| Untracked 
|  63|0x0000000083f00000, 0x0000000084000000, 0x0000000084000000|100%| O|  |TAMS 0x0000000084000000, 0x0000000083f00000| Untracked 
|  64|0x0000000084000000, 0x0000000084100000, 0x0000000084100000|100%| O|  |TAMS 0x0000000084100000, 0x0000000084000000| Updating 
|  65|0x0000000084100000, 0x0000000084200000, 0x0000000084200000|100%|HS|  |TAMS 0x0000000084200000, 0x0000000084100000| Complete 
|  66|0x0000000084200000, 0x0000000084300000, 0x0000000084300000|100%|HC|  |TAMS 0x0000000084300000, 0x0000000084200000| Complete 
|  67|0x0000000084300000, 0x0000000084400000, 0x0000000084400000|100%|HS|  |TAMS 0x0000000084400000, 0x0000000084300000| Complete 
|  68|0x0000000084400000, 0x0000000084500000, 0x0000000084500000|100%|HC|  |TAMS 0x0000000084500000, 0x0000000084400000| Complete 
|  69|0x0000000084500000, 0x0000000084600000, 0x0000000084600000|100%| O|  |TAMS 0x0000000084600000, 0x0000000084500000| Untracked 
|  70|0x0000000084600000, 0x0000000084700000, 0x0000000084700000|100%|HS|  |TAMS 0x0000000084700000, 0x0000000084600000| Complete 
|  71|0x0000000084700000, 0x0000000084800000, 0x0000000084800000|100%|HC|  |TAMS 0x0000000084800000, 0x0000000084700000| Complete 
|  72|0x0000000084800000, 0x0000000084900000, 0x0000000084900000|100%|HC|  |TAMS 0x0000000084900000, 0x0000000084800000| Complete 
|  73|0x0000000084900000, 0x0000000084a00000, 0x0000000084a00000|100%|HC|  |TAMS 0x0000000084a00000, 0x0000000084900000| Complete 
|  74|0x0000000084a00000, 0x0000000084b00000, 0x0000000084b00000|100%|HS|  |TAMS 0x0000000084b00000, 0x0000000084a00000| Complete 
|  75|0x0000000084b00000, 0x0000000084c00000, 0x0000000084c00000|100%|HC|  |TAMS 0x0000000084c00000, 0x0000000084b00000| Complete 
|  76|0x0000000084c00000, 0x0000000084d00000, 0x0000000084d00000|100%|HC|  |TAMS 0x0000000084d00000, 0x0000000084c00000| Complete 
|  77|0x0000000084d00000, 0x0000000084e00000, 0x0000000084e00000|100%|HC|  |TAMS 0x0000000084e00000, 0x0000000084d00000| Complete 
|  78|0x0000000084e00000, 0x0000000084f00000, 0x0000000084f00000|100%| O|  |TAMS 0x0000000084f00000, 0x0000000084e00000| Untracked 
|  79|0x0000000084f00000, 0x0000000085000000, 0x0000000085000000|100%| O|  |TAMS 0x0000000085000000, 0x0000000084f00000| Untracked 
|  80|0x0000000085000000, 0x0000000085100000, 0x0000000085100000|100%| O|  |TAMS 0x0000000085100000, 0x0000000085000000| Untracked 
|  81|0x0000000085100000, 0x0000000085200000, 0x0000000085200000|100%| O|  |TAMS 0x0000000085200000, 0x0000000085100000| Untracked 
|  82|0x0000000085200000, 0x0000000085300000, 0x0000000085300000|100%| O|  |TAMS 0x0000000085300000, 0x0000000085200000| Updating 
|  83|0x0000000085300000, 0x0000000085400000, 0x0000000085400000|100%| O|  |TAMS 0x0000000085400000, 0x0000000085300000| Untracked 
|  84|0x0000000085400000, 0x0000000085500000, 0x0000000085500000|100%| O|  |TAMS 0x0000000085500000, 0x0000000085400000| Untracked 
|  85|0x0000000085500000, 0x0000000085600000, 0x0000000085600000|100%| O|  |TAMS 0x0000000085600000, 0x0000000085500000| Untracked 
|  86|0x0000000085600000, 0x0000000085700000, 0x0000000085700000|100%| O|  |TAMS 0x0000000085700000, 0x0000000085600000| Untracked 
|  87|0x0000000085700000, 0x0000000085800000, 0x0000000085800000|100%| O|  |TAMS 0x0000000085800000, 0x0000000085700000| Untracked 
|  88|0x0000000085800000, 0x0000000085900000, 0x0000000085900000|100%| O|  |TAMS 0x0000000085900000, 0x0000000085800000| Untracked 
|  89|0x0000000085900000, 0x0000000085a00000, 0x0000000085a00000|100%|HS|  |TAMS 0x0000000085a00000, 0x0000000085900000| Complete 
|  90|0x0000000085a00000, 0x0000000085b00000, 0x0000000085b00000|100%|HS|  |TAMS 0x0000000085b00000, 0x0000000085a00000| Complete 
|  91|0x0000000085b00000, 0x0000000085c00000, 0x0000000085c00000|100%|HS|  |TAMS 0x0000000085c00000, 0x0000000085b00000| Complete 
|  92|0x0000000085c00000, 0x0000000085d00000, 0x0000000085d00000|100%|HS|  |TAMS 0x0000000085d00000, 0x0000000085c00000| Complete 
|  93|0x0000000085d00000, 0x0000000085e00000, 0x0000000085e00000|100%| O|  |TAMS 0x0000000085e00000, 0x0000000085d00000| Untracked 
|  94|0x0000000085e00000, 0x0000000085f00000, 0x0000000085f00000|100%| O|  |TAMS 0x0000000085f00000, 0x0000000085e00000| Untracked 
|  95|0x0000000085f00000, 0x0000000086000000, 0x0000000086000000|100%| O|  |TAMS 0x0000000086000000, 0x0000000085f00000| Untracked 
|  96|0x0000000086000000, 0x0000000086100000, 0x0000000086100000|100%| O|  |TAMS 0x0000000086100000, 0x0000000086000000| Untracked 
|  97|0x0000000086100000, 0x0000000086200000, 0x0000000086200000|100%| O|  |TAMS 0x0000000086200000, 0x0000000086100000| Untracked 
|  98|0x0000000086200000, 0x0000000086300000, 0x0000000086300000|100%| O|  |TAMS 0x0000000086300000, 0x0000000086200000| Updating 
|  99|0x0000000086300000, 0x0000000086400000, 0x0000000086400000|100%| O|  |TAMS 0x0000000086400000, 0x0000000086300000| Untracked 
| 100|0x0000000086400000, 0x0000000086500000, 0x0000000086500000|100%| O|  |TAMS 0x0000000086500000, 0x0000000086400000| Untracked 
| 101|0x0000000086500000, 0x0000000086600000, 0x0000000086600000|100%| O|  |TAMS 0x0000000086600000, 0x0000000086500000| Untracked 
| 102|0x0000000086600000, 0x0000000086700000, 0x0000000086700000|100%| O|  |TAMS 0x0000000086700000, 0x0000000086600000| Untracked 
| 103|0x0000000086700000, 0x0000000086800000, 0x0000000086800000|100%| O|  |TAMS 0x0000000086800000, 0x0000000086700000| Untracked 
| 104|0x0000000086800000, 0x0000000086900000, 0x0000000086900000|100%| O|  |TAMS 0x0000000086900000, 0x0000000086800000| Untracked 
| 105|0x0000000086900000, 0x0000000086a00000, 0x0000000086a00000|100%| O|  |TAMS 0x0000000086a00000, 0x0000000086900000| Untracked 
| 106|0x0000000086a00000, 0x0000000086b00000, 0x0000000086b00000|100%| O|  |TAMS 0x0000000086b00000, 0x0000000086a00000| Untracked 
| 107|0x0000000086b00000, 0x0000000086c00000, 0x0000000086c00000|100%| O|  |TAMS 0x0000000086c00000, 0x0000000086b00000| Untracked 
| 108|0x0000000086c00000, 0x0000000086d00000, 0x0000000086d00000|100%| O|  |TAMS 0x0000000086d00000, 0x0000000086c00000| Untracked 
| 109|0x0000000086d00000, 0x0000000086e00000, 0x0000000086e00000|100%| O|  |TAMS 0x0000000086e00000, 0x0000000086d00000| Untracked 
| 110|0x0000000086e00000, 0x0000000086f00000, 0x0000000086f00000|100%| O|  |TAMS 0x0000000086f00000, 0x0000000086e00000| Untracked 
| 111|0x0000000086f00000, 0x0000000087000000, 0x0000000087000000|100%| O|  |TAMS 0x0000000087000000, 0x0000000086f00000| Updating 
| 112|0x0000000087000000, 0x0000000087100000, 0x0000000087100000|100%| O|  |TAMS 0x0000000087100000, 0x0000000087000000| Untracked 
| 113|0x0000000087100000, 0x0000000087200000, 0x0000000087200000|100%| O|  |TAMS 0x0000000087200000, 0x0000000087100000| Untracked 
| 114|0x0000000087200000, 0x0000000087300000, 0x0000000087300000|100%| O|  |TAMS 0x0000000087300000, 0x0000000087200000| Untracked 
| 115|0x0000000087300000, 0x0000000087400000, 0x0000000087400000|100%| O|  |TAMS 0x0000000087400000, 0x0000000087300000| Untracked 
| 116|0x0000000087400000, 0x0000000087500000, 0x0000000087500000|100%| O|  |TAMS 0x0000000087500000, 0x0000000087400000| Untracked 
| 117|0x0000000087500000, 0x0000000087600000, 0x0000000087600000|100%| O|  |TAMS 0x0000000087600000, 0x0000000087500000| Untracked 
| 118|0x0000000087600000, 0x0000000087700000, 0x0000000087700000|100%| O|  |TAMS 0x0000000087700000, 0x0000000087600000| Untracked 
| 119|0x0000000087700000, 0x0000000087800000, 0x0000000087800000|100%| O|  |TAMS 0x0000000087800000, 0x0000000087700000| Untracked 
| 120|0x0000000087800000, 0x0000000087900000, 0x0000000087900000|100%| O|  |TAMS 0x0000000087900000, 0x0000000087800000| Untracked 
| 121|0x0000000087900000, 0x0000000087a00000, 0x0000000087a00000|100%| O|  |TAMS 0x0000000087a00000, 0x0000000087900000| Untracked 
| 122|0x0000000087a00000, 0x0000000087b00000, 0x0000000087b00000|100%| O|  |TAMS 0x0000000087b00000, 0x0000000087a00000| Untracked 
| 123|0x0000000087b00000, 0x0000000087c00000, 0x0000000087c00000|100%| O|  |TAMS 0x0000000087c00000, 0x0000000087b00000| Untracked 
| 124|0x0000000087c00000, 0x0000000087d00000, 0x0000000087d00000|100%| O|  |TAMS 0x0000000087d00000, 0x0000000087c00000| Untracked 
| 125|0x0000000087d00000, 0x0000000087e00000, 0x0000000087e00000|100%| O|  |TAMS 0x0000000087e00000, 0x0000000087d00000| Updating 
| 126|0x0000000087e00000, 0x0000000087f00000, 0x0000000087f00000|100%| O|  |TAMS 0x0000000087f00000, 0x0000000087e00000| Untracked 
| 127|0x0000000087f00000, 0x0000000088000000, 0x0000000088000000|100%| O|  |TAMS 0x0000000088000000, 0x0000000087f00000| Untracked 
| 128|0x0000000088000000, 0x0000000088100000, 0x0000000088100000|100%| O|  |TAMS 0x0000000088100000, 0x0000000088000000| Untracked 
| 129|0x0000000088100000, 0x0000000088200000, 0x0000000088200000|100%| O|  |TAMS 0x0000000088200000, 0x0000000088100000| Untracked 
| 130|0x0000000088200000, 0x0000000088300000, 0x0000000088300000|100%| O|  |TAMS 0x0000000088300000, 0x0000000088200000| Untracked 
| 131|0x0000000088300000, 0x0000000088400000, 0x0000000088400000|100%| O|  |TAMS 0x0000000088400000, 0x0000000088300000| Updating 
| 132|0x0000000088400000, 0x0000000088500000, 0x0000000088500000|100%| O|  |TAMS 0x0000000088500000, 0x0000000088400000| Untracked 
| 133|0x0000000088500000, 0x0000000088600000, 0x0000000088600000|100%| O|  |TAMS 0x0000000088600000, 0x0000000088500000| Untracked 
| 134|0x0000000088600000, 0x0000000088700000, 0x0000000088700000|100%| O|  |TAMS 0x0000000088700000, 0x0000000088600000| Untracked 
| 135|0x0000000088700000, 0x0000000088800000, 0x0000000088800000|100%| O|  |TAMS 0x0000000088800000, 0x0000000088700000| Untracked 
| 136|0x0000000088800000, 0x0000000088900000, 0x0000000088900000|100%| O|  |TAMS 0x0000000088900000, 0x0000000088800000| Untracked 
| 137|0x0000000088900000, 0x0000000088a00000, 0x0000000088a00000|100%| O|  |TAMS 0x0000000088a00000, 0x0000000088900000| Untracked 
| 138|0x0000000088a00000, 0x0000000088b00000, 0x0000000088b00000|100%| O|  |TAMS 0x0000000088b00000, 0x0000000088a00000| Untracked 
| 139|0x0000000088b00000, 0x0000000088c00000, 0x0000000088c00000|100%| O|  |TAMS 0x0000000088c00000, 0x0000000088b00000| Updating 
| 140|0x0000000088c00000, 0x0000000088d00000, 0x0000000088d00000|100%| O|  |TAMS 0x0000000088d00000, 0x0000000088c00000| Untracked 
| 141|0x0000000088d00000, 0x0000000088e00000, 0x0000000088e00000|100%| O|  |TAMS 0x0000000088e00000, 0x0000000088d00000| Untracked 
| 142|0x0000000088e00000, 0x0000000088f00000, 0x0000000088f00000|100%| O|  |TAMS 0x0000000088f00000, 0x0000000088e00000| Untracked 
| 143|0x0000000088f00000, 0x0000000089000000, 0x0000000089000000|100%| O|  |TAMS 0x0000000089000000, 0x0000000088f00000| Untracked 
| 144|0x0000000089000000, 0x0000000089100000, 0x0000000089100000|100%| O|  |TAMS 0x0000000089100000, 0x0000000089000000| Updating 
| 145|0x0000000089100000, 0x0000000089200000, 0x0000000089200000|100%| O|  |TAMS 0x0000000089200000, 0x0000000089100000| Updating 
| 146|0x0000000089200000, 0x0000000089300000, 0x0000000089300000|100%| O|  |TAMS 0x0000000089300000, 0x0000000089200000| Untracked 
| 147|0x0000000089300000, 0x0000000089400000, 0x0000000089400000|100%| O|  |TAMS 0x0000000089400000, 0x0000000089300000| Untracked 
| 148|0x0000000089400000, 0x0000000089500000, 0x0000000089500000|100%| O|  |TAMS 0x0000000089500000, 0x0000000089400000| Untracked 
| 149|0x0000000089500000, 0x0000000089600000, 0x0000000089600000|100%| O|  |TAMS 0x0000000089600000, 0x0000000089500000| Untracked 
| 150|0x0000000089600000, 0x0000000089700000, 0x0000000089700000|100%| O|  |TAMS 0x0000000089700000, 0x0000000089600000| Updating 
| 151|0x0000000089700000, 0x0000000089800000, 0x0000000089800000|100%| O|  |TAMS 0x0000000089800000, 0x0000000089700000| Untracked 
| 152|0x0000000089800000, 0x0000000089900000, 0x0000000089900000|100%| O|  |TAMS 0x0000000089900000, 0x0000000089800000| Untracked 
| 153|0x0000000089900000, 0x0000000089a00000, 0x0000000089a00000|100%| O|  |TAMS 0x0000000089a00000, 0x0000000089900000| Untracked 
| 154|0x0000000089a00000, 0x0000000089b00000, 0x0000000089b00000|100%| O|  |TAMS 0x0000000089b00000, 0x0000000089a00000| Untracked 
| 155|0x0000000089b00000, 0x0000000089c00000, 0x0000000089c00000|100%| O|  |TAMS 0x0000000089c00000, 0x0000000089b00000| Untracked 
| 156|0x0000000089c00000, 0x0000000089d00000, 0x0000000089d00000|100%| O|  |TAMS 0x0000000089d00000, 0x0000000089c00000| Untracked 
| 157|0x0000000089d00000, 0x0000000089e00000, 0x0000000089e00000|100%| O|  |TAMS 0x0000000089d41a00, 0x0000000089d00000| Untracked 
| 158|0x0000000089e00000, 0x0000000089f00000, 0x0000000089f00000|100%| O|  |TAMS 0x0000000089e00000, 0x0000000089e00000| Untracked 
| 159|0x0000000089f00000, 0x000000008a000000, 0x000000008a000000|100%| O|  |TAMS 0x0000000089f00000, 0x0000000089f00000| Untracked 
| 160|0x000000008a000000, 0x000000008a100000, 0x000000008a100000|100%| O|  |TAMS 0x000000008a000000, 0x000000008a000000| Untracked 
| 161|0x000000008a100000, 0x000000008a200000, 0x000000008a200000|100%| O|  |TAMS 0x000000008a100000, 0x000000008a100000| Untracked 
| 162|0x000000008a200000, 0x000000008a300000, 0x000000008a300000|100%| O|  |TAMS 0x000000008a200000, 0x000000008a200000| Untracked 
| 163|0x000000008a300000, 0x000000008a38cc00, 0x000000008a400000| 54%| O|  |TAMS 0x000000008a300000, 0x000000008a300000| Updating 
| 164|0x000000008a400000, 0x000000008a400000, 0x000000008a500000|  0%| F|  |TAMS 0x000000008a400000, 0x000000008a400000| Untracked 
| 165|0x000000008a500000, 0x000000008a500000, 0x000000008a600000|  0%| F|  |TAMS 0x000000008a500000, 0x000000008a500000| Untracked 
| 166|0x000000008a600000, 0x000000008a600000, 0x000000008a700000|  0%| F|  |TAMS 0x000000008a600000, 0x000000008a600000| Untracked 
| 167|0x000000008a700000, 0x000000008a700000, 0x000000008a800000|  0%| F|  |TAMS 0x000000008a700000, 0x000000008a700000| Untracked 
| 168|0x000000008a800000, 0x000000008a800000, 0x000000008a900000|  0%| F|  |TAMS 0x000000008a800000, 0x000000008a800000| Untracked 
| 169|0x000000008a900000, 0x000000008a900000, 0x000000008aa00000|  0%| F|  |TAMS 0x000000008a900000, 0x000000008a900000| Untracked 
| 170|0x000000008aa00000, 0x000000008aa00000, 0x000000008ab00000|  0%| F|  |TAMS 0x000000008aa00000, 0x000000008aa00000| Untracked 
| 171|0x000000008ab00000, 0x000000008ab00000, 0x000000008ac00000|  0%| F|  |TAMS 0x000000008ab00000, 0x000000008ab00000| Untracked 
| 172|0x000000008ac00000, 0x000000008ac00000, 0x000000008ad00000|  0%| F|  |TAMS 0x000000008ac00000, 0x000000008ac00000| Untracked 
| 173|0x000000008ad00000, 0x000000008ad00000, 0x000000008ae00000|  0%| F|  |TAMS 0x000000008ad00000, 0x000000008ad00000| Untracked 
| 174|0x000000008ae00000, 0x000000008ae00000, 0x000000008af00000|  0%| F|  |TAMS 0x000000008ae00000, 0x000000008ae00000| Untracked 
| 175|0x000000008af00000, 0x000000008af00000, 0x000000008b000000|  0%| F|  |TAMS 0x000000008af00000, 0x000000008af00000| Untracked 
| 176|0x000000008b000000, 0x000000008b000000, 0x000000008b100000|  0%| F|  |TAMS 0x000000008b000000, 0x000000008b000000| Untracked 
| 177|0x000000008b100000, 0x000000008b100000, 0x000000008b200000|  0%| F|  |TAMS 0x000000008b100000, 0x000000008b100000| Untracked 
| 178|0x000000008b200000, 0x000000008b200000, 0x000000008b300000|  0%| F|  |TAMS 0x000000008b200000, 0x000000008b200000| Untracked 
| 179|0x000000008b300000, 0x000000008b300000, 0x000000008b400000|  0%| F|  |TAMS 0x000000008b300000, 0x000000008b300000| Untracked 
| 180|0x000000008b400000, 0x000000008b400000, 0x000000008b500000|  0%| F|  |TAMS 0x000000008b400000, 0x000000008b400000| Untracked 
| 181|0x000000008b500000, 0x000000008b500000, 0x000000008b600000|  0%| F|  |TAMS 0x000000008b500000, 0x000000008b500000| Untracked 
| 182|0x000000008b600000, 0x000000008b600000, 0x000000008b700000|  0%| F|  |TAMS 0x000000008b600000, 0x000000008b600000| Untracked 
| 183|0x000000008b700000, 0x000000008b700000, 0x000000008b800000|  0%| F|  |TAMS 0x000000008b700000, 0x000000008b700000| Untracked 
| 184|0x000000008b800000, 0x000000008b800000, 0x000000008b900000|  0%| F|  |TAMS 0x000000008b800000, 0x000000008b800000| Untracked 
| 185|0x000000008b900000, 0x000000008b900000, 0x000000008ba00000|  0%| F|  |TAMS 0x000000008b900000, 0x000000008b900000| Untracked 
| 186|0x000000008ba00000, 0x000000008ba00000, 0x000000008bb00000|  0%| F|  |TAMS 0x000000008ba00000, 0x000000008ba00000| Untracked 
| 187|0x000000008bb00000, 0x000000008bb00000, 0x000000008bc00000|  0%| F|  |TAMS 0x000000008bb00000, 0x000000008bb00000| Untracked 
| 188|0x000000008bc00000, 0x000000008bc00000, 0x000000008bd00000|  0%| F|  |TAMS 0x000000008bc00000, 0x000000008bc00000| Untracked 
| 189|0x000000008bd00000, 0x000000008bd00000, 0x000000008be00000|  0%| F|  |TAMS 0x000000008bd00000, 0x000000008bd00000| Untracked 
| 190|0x000000008be00000, 0x000000008be00000, 0x000000008bf00000|  0%| F|  |TAMS 0x000000008be00000, 0x000000008be00000| Untracked 
| 191|0x000000008bf00000, 0x000000008bf00000, 0x000000008c000000|  0%| F|  |TAMS 0x000000008bf00000, 0x000000008bf00000| Untracked 
| 192|0x000000008c000000, 0x000000008c091370, 0x000000008c100000| 56%| S|CS|TAMS 0x000000008c000000, 0x000000008c000000| Complete 
| 193|0x000000008c100000, 0x000000008c100000, 0x000000008c200000|  0%| F|  |TAMS 0x000000008c100000, 0x000000008c100000| Untracked 
| 194|0x000000008c200000, 0x000000008c200000, 0x000000008c300000|  0%| F|  |TAMS 0x000000008c200000, 0x000000008c200000| Untracked 
| 195|0x000000008c300000, 0x000000008c300000, 0x000000008c400000|  0%| F|  |TAMS 0x000000008c300000, 0x000000008c300000| Untracked 
| 196|0x000000008c400000, 0x000000008c400000, 0x000000008c500000|  0%| F|  |TAMS 0x000000008c400000, 0x000000008c400000| Untracked 
| 197|0x000000008c500000, 0x000000008c500000, 0x000000008c600000|  0%| F|  |TAMS 0x000000008c500000, 0x000000008c500000| Untracked 
| 198|0x000000008c600000, 0x000000008c600000, 0x000000008c700000|  0%| F|  |TAMS 0x000000008c600000, 0x000000008c600000| Untracked 
| 199|0x000000008c700000, 0x000000008c800000, 0x000000008c800000|100%| S|CS|TAMS 0x000000008c700000, 0x000000008c700000| Complete 
| 200|0x000000008c800000, 0x000000008c900000, 0x000000008c900000|100%| S|CS|TAMS 0x000000008c800000, 0x000000008c800000| Complete 
| 201|0x000000008c900000, 0x000000008ca00000, 0x000000008ca00000|100%| S|CS|TAMS 0x000000008c900000, 0x000000008c900000| Complete 
| 202|0x000000008ca00000, 0x000000008cb00000, 0x000000008cb00000|100%| S|CS|TAMS 0x000000008ca00000, 0x000000008ca00000| Complete 
| 203|0x000000008cb00000, 0x000000008cc00000, 0x000000008cc00000|100%| S|CS|TAMS 0x000000008cb00000, 0x000000008cb00000| Complete 
| 204|0x000000008cc00000, 0x000000008cc00000, 0x000000008cd00000|  0%| F|  |TAMS 0x000000008cc00000, 0x000000008cc00000| Untracked 
| 205|0x000000008cd00000, 0x000000008cd00000, 0x000000008ce00000|  0%| F|  |TAMS 0x000000008cd00000, 0x000000008cd00000| Untracked 
| 206|0x000000008ce00000, 0x000000008ce00000, 0x000000008cf00000|  0%| F|  |TAMS 0x000000008ce00000, 0x000000008ce00000| Untracked 
| 207|0x000000008cf00000, 0x000000008cf00000, 0x000000008d000000|  0%| F|  |TAMS 0x000000008cf00000, 0x000000008cf00000| Untracked 
| 208|0x000000008d000000, 0x000000008d000000, 0x000000008d100000|  0%| F|  |TAMS 0x000000008d000000, 0x000000008d000000| Untracked 
| 209|0x000000008d100000, 0x000000008d100000, 0x000000008d200000|  0%| F|  |TAMS 0x000000008d100000, 0x000000008d100000| Untracked 
| 210|0x000000008d200000, 0x000000008d200000, 0x000000008d300000|  0%| F|  |TAMS 0x000000008d200000, 0x000000008d200000| Untracked 
| 211|0x000000008d300000, 0x000000008d300000, 0x000000008d400000|  0%| F|  |TAMS 0x000000008d300000, 0x000000008d300000| Untracked 
| 212|0x000000008d400000, 0x000000008d400000, 0x000000008d500000|  0%| F|  |TAMS 0x000000008d400000, 0x000000008d400000| Untracked 
| 213|0x000000008d500000, 0x000000008d500000, 0x000000008d600000|  0%| F|  |TAMS 0x000000008d500000, 0x000000008d500000| Untracked 
| 214|0x000000008d600000, 0x000000008d600000, 0x000000008d700000|  0%| F|  |TAMS 0x000000008d600000, 0x000000008d600000| Untracked 
| 215|0x000000008d700000, 0x000000008d700000, 0x000000008d800000|  0%| F|  |TAMS 0x000000008d700000, 0x000000008d700000| Untracked 
| 216|0x000000008d800000, 0x000000008d800000, 0x000000008d900000|  0%| F|  |TAMS 0x000000008d800000, 0x000000008d800000| Untracked 
| 217|0x000000008d900000, 0x000000008d900000, 0x000000008da00000|  0%| F|  |TAMS 0x000000008d900000, 0x000000008d900000| Untracked 
| 218|0x000000008da00000, 0x000000008da00000, 0x000000008db00000|  0%| F|  |TAMS 0x000000008da00000, 0x000000008da00000| Untracked 
| 219|0x000000008db00000, 0x000000008db00000, 0x000000008dc00000|  0%| F|  |TAMS 0x000000008db00000, 0x000000008db00000| Untracked 
| 220|0x000000008dc00000, 0x000000008dc00000, 0x000000008dd00000|  0%| F|  |TAMS 0x000000008dc00000, 0x000000008dc00000| Untracked 
| 221|0x000000008dd00000, 0x000000008dd00000, 0x000000008de00000|  0%| F|  |TAMS 0x000000008dd00000, 0x000000008dd00000| Untracked 
| 222|0x000000008de00000, 0x000000008de00000, 0x000000008df00000|  0%| F|  |TAMS 0x000000008de00000, 0x000000008de00000| Untracked 
| 223|0x000000008df00000, 0x000000008df00000, 0x000000008e000000|  0%| F|  |TAMS 0x000000008df00000, 0x000000008df00000| Untracked 
| 224|0x000000008e000000, 0x000000008e000000, 0x000000008e100000|  0%| F|  |TAMS 0x000000008e000000, 0x000000008e000000| Untracked 
| 225|0x000000008e100000, 0x000000008e100000, 0x000000008e200000|  0%| F|  |TAMS 0x000000008e100000, 0x000000008e100000| Untracked 
| 226|0x000000008e200000, 0x000000008e200000, 0x000000008e300000|  0%| F|  |TAMS 0x000000008e200000, 0x000000008e200000| Untracked 
| 227|0x000000008e300000, 0x000000008e300000, 0x000000008e400000|  0%| F|  |TAMS 0x000000008e300000, 0x000000008e300000| Untracked 
| 228|0x000000008e400000, 0x000000008e400000, 0x000000008e500000|  0%| F|  |TAMS 0x000000008e400000, 0x000000008e400000| Untracked 
| 229|0x000000008e500000, 0x000000008e500000, 0x000000008e600000|  0%| F|  |TAMS 0x000000008e500000, 0x000000008e500000| Untracked 
| 230|0x000000008e600000, 0x000000008e600000, 0x000000008e700000|  0%| F|  |TAMS 0x000000008e600000, 0x000000008e600000| Untracked 
| 231|0x000000008e700000, 0x000000008e700000, 0x000000008e800000|  0%| F|  |TAMS 0x000000008e700000, 0x000000008e700000| Untracked 
| 232|0x000000008e800000, 0x000000008e800000, 0x000000008e900000|  0%| F|  |TAMS 0x000000008e800000, 0x000000008e800000| Untracked 
| 233|0x000000008e900000, 0x000000008e900000, 0x000000008ea00000|  0%| F|  |TAMS 0x000000008e900000, 0x000000008e900000| Untracked 
| 234|0x000000008ea00000, 0x000000008ea00000, 0x000000008eb00000|  0%| F|  |TAMS 0x000000008ea00000, 0x000000008ea00000| Untracked 
| 235|0x000000008eb00000, 0x000000008eb00000, 0x000000008ec00000|  0%| F|  |TAMS 0x000000008eb00000, 0x000000008eb00000| Untracked 
| 236|0x000000008ec00000, 0x000000008ec00000, 0x000000008ed00000|  0%| F|  |TAMS 0x000000008ec00000, 0x000000008ec00000| Untracked 
| 237|0x000000008ed00000, 0x000000008ed00000, 0x000000008ee00000|  0%| F|  |TAMS 0x000000008ed00000, 0x000000008ed00000| Untracked 
| 238|0x000000008ee00000, 0x000000008ee01f58, 0x000000008ef00000|  0%| E|  |TAMS 0x000000008ee00000, 0x000000008ee00000| Complete 
| 239|0x000000008ef00000, 0x000000008f000000, 0x000000008f000000|100%| E|CS|TAMS 0x000000008ef00000, 0x000000008ef00000| Complete 
| 240|0x000000008f000000, 0x000000008f100000, 0x000000008f100000|100%| E|CS|TAMS 0x000000008f000000, 0x000000008f000000| Complete 
| 241|0x000000008f100000, 0x000000008f200000, 0x000000008f200000|100%| E|CS|TAMS 0x000000008f100000, 0x000000008f100000| Complete 
| 242|0x000000008f200000, 0x000000008f300000, 0x000000008f300000|100%| E|CS|TAMS 0x000000008f200000, 0x000000008f200000| Complete 
| 243|0x000000008f300000, 0x000000008f400000, 0x000000008f400000|100%| E|CS|TAMS 0x000000008f300000, 0x000000008f300000| Complete 
| 244|0x000000008f400000, 0x000000008f500000, 0x000000008f500000|100%| E|CS|TAMS 0x000000008f400000, 0x000000008f400000| Complete 
| 245|0x000000008f500000, 0x000000008f600000, 0x000000008f600000|100%| E|CS|TAMS 0x000000008f500000, 0x000000008f500000| Complete 
| 246|0x000000008f600000, 0x000000008f700000, 0x000000008f700000|100%| E|CS|TAMS 0x000000008f600000, 0x000000008f600000| Complete 

Card table byte_map: [0x000002492dd50000,0x000002492e150000] _byte_map_base: 0x000002492d950000

Marking Bits (Prev, Next): (CMBitMap*) 0x0000024916e79310, (CMBitMap*) 0x0000024916e792d0
 Prev Bits: [0x0000024930550000, 0x0000024932550000)
 Next Bits: [0x000002492e550000, 0x0000024930550000)

Polling page: 0x00000249165d0000

Metaspace:

Usage:
  Non-class:     83.72 MB used.
      Class:     13.78 MB used.
       Both:     97.50 MB used.

Virtual space:
  Non-class space:      128.00 MB reserved,      84.56 MB ( 66%) committed,  2 nodes.
      Class space:      416.00 MB reserved,      14.44 MB (  3%) committed,  1 nodes.
             Both:      544.00 MB reserved,      99.00 MB ( 18%) committed. 

Chunk freelists:
   Non-Class:  10.91 MB
       Class:  1.62 MB
        Both:  12.53 MB

MaxMetaspaceSize: 512.00 MB
CompressedClassSpaceSize: 416.00 MB
Initial GC threshold: 21.00 MB
Current GC threshold: 162.12 MB
CDS: on
MetaspaceReclaimPolicy: balanced
 - commit_granule_bytes: 65536.
 - commit_granule_words: 8192.
 - virtual_space_node_default_size: 8388608.
 - enlarge_chunks_in_place: 1.
 - new_chunks_are_fully_committed: 0.
 - uncommit_free_chunks: 1.
 - use_allocation_guard: 0.
 - handle_deallocations: 1.


Internal statistics:

num_allocs_failed_limit: 6.
num_arena_births: 1790.
num_arena_deaths: 2.
num_vsnodes_births: 3.
num_vsnodes_deaths: 0.
num_space_committed: 1584.
num_space_uncommitted: 0.
num_chunks_returned_to_freelist: 9.
num_chunks_taken_from_freelist: 6528.
num_chunk_merges: 3.
num_chunk_splits: 4104.
num_chunks_enlarged: 2480.
num_inconsistent_stats: 0.

CodeHeap 'non-profiled nmethods': size=120000Kb used=8831Kb max_used=8831Kb free=111168Kb
 bounds [0x0000024926420000, 0x0000024926cc0000, 0x000002492d950000]
CodeHeap 'profiled nmethods': size=120000Kb used=23991Kb max_used=23991Kb free=96008Kb
 bounds [0x000002491e950000, 0x00000249200d0000, 0x0000024925e80000]
CodeHeap 'non-nmethods': size=5760Kb used=2412Kb max_used=2462Kb free=3347Kb
 bounds [0x0000024925e80000, 0x00000249260f0000, 0x0000024926420000]
 total_blobs=13259 nmethods=12328 adapters=840
 compilation: enabled
              stopped_count=0, restarted_count=0
 full_count=0

Compilation events (20 events):
Event: 125.171 Thread 0x0000024934a1c8e0 14572       4       org.gradle.api.internal.provider.AbstractProperty$NonFinalizedValue::finalizeOnNextGet (6 bytes)
Event: 125.171 Thread 0x0000024934a1c8e0 nmethod 14572 0x0000024926cbf190 code [0x0000024926cbf300, 0x0000024926cbf378]
Event: 125.176 Thread 0x0000024934a1d9a0 14573       3       com.google.protobuf.GeneratedMessageV3$Builder::<init> (17 bytes)
Event: 125.176 Thread 0x0000024934a1d9a0 nmethod 14573 0x00000249200bf510 code [0x00000249200bf6c0, 0x00000249200bfa18]
Event: 125.176 Thread 0x0000024934a1d9a0 14574       3       com.google.protobuf.AbstractMessage$Builder::<init> (5 bytes)
Event: 125.177 Thread 0x0000024934a1d9a0 nmethod 14574 0x00000249200bfb90 code [0x00000249200bfd40, 0x00000249200bfef8]
Event: 125.187 Thread 0x0000024934a1d9a0 14575       1       com.android.build.gradle.internal.dsl.DefaultConfig$AgpDecorated::getTestApplicationId (5 bytes)
Event: 125.187 Thread 0x0000024934a1d9a0 nmethod 14575 0x0000024926cbf490 code [0x0000024926cbf620, 0x0000024926cbf6f8]
Event: 125.187 Thread 0x0000024934a1d9a0 14576       3       java.util.concurrent.ScheduledThreadPoolExecutor$ScheduledFutureTask::getDelay (16 bytes)
Event: 125.188 Thread 0x0000024934a1d9a0 nmethod 14576 0x00000249200c0010 code [0x00000249200c01c0, 0x00000249200c0348]
Event: 125.189 Thread 0x0000024934a1d9a0 14577       3       org.gradle.api.internal.artifacts.dependencies.DefaultProjectDependency_Decorated::setAttributesFactory (12 bytes)
Event: 125.189 Thread 0x0000024934a1d9a0 nmethod 14577 0x000002491fc3bf90 code [0x000002491fc3c120, 0x000002491fc3c298]
Event: 125.189 Thread 0x0000024934a1d9a0 14578       3       java.util.concurrent.LinkedBlockingDeque$AbstractItr::hasNext (13 bytes)
Event: 125.189 Thread 0x0000024934a1d9a0 nmethod 14578 0x000002491fcfb790 code [0x000002491fcfb920, 0x000002491fcfba78]
Event: 125.189 Thread 0x0000024934a1d9a0 14579       3       org.gradle.api.internal.artifacts.dependencies.DefaultProjectDependency_Decorated::setCapabilityNotationParser (12 bytes)
Event: 125.189 Thread 0x0000024934a1d9a0 nmethod 14579 0x000002491fd08110 code [0x000002491fd082a0, 0x000002491fd08418]
Event: 125.189 Thread 0x0000024934a1d9a0 14580       1       org.gradle.api.internal.artifacts.dependencies.DefaultProjectDependency::getDependencyProject (5 bytes)
Event: 125.189 Thread 0x0000024934a1d9a0 nmethod 14580 0x0000024926cbf790 code [0x0000024926cbf920, 0x0000024926cbf9f8]
Event: 125.190 Thread 0x0000024934a1d9a0 14581       1       com.android.build.api.component.impl.ComponentIdentityImpl::getProductFlavors (5 bytes)
Event: 125.191 Thread 0x0000024934a1d9a0 nmethod 14581 0x0000024926cbfa90 code [0x0000024926cbfc20, 0x0000024926cbfcf8]

GC Heap History (20 events):
Event: 106.549 GC heap before
{Heap before GC invocations=60 (full 0):
 garbage-first heap   total 208896K, used 130882K [0x0000000080000000, 0x0000000100000000)
  region size 1024K, 10 young (10240K), 7 survivors (7168K)
 Metaspace       used 95373K, committed 96448K, reserved 557056K
  class space    used 13430K, committed 13952K, reserved 425984K
}
Event: 106.559 GC heap after
{Heap after GC invocations=61 (full 0):
 garbage-first heap   total 208896K, used 128600K [0x0000000080000000, 0x0000000100000000)
  region size 1024K, 1 young (1024K), 1 survivors (1024K)
 Metaspace       used 95373K, committed 96448K, reserved 557056K
  class space    used 13430K, committed 13952K, reserved 425984K
}
Event: 107.919 GC heap before
{Heap before GC invocations=61 (full 0):
 garbage-first heap   total 208896K, used 175704K [0x0000000080000000, 0x0000000100000000)
  region size 1024K, 47 young (48128K), 1 survivors (1024K)
 Metaspace       used 96716K, committed 97856K, reserved 557056K
  class space    used 13688K, committed 14208K, reserved 425984K
}
Event: 107.925 GC heap after
{Heap after GC invocations=62 (full 0):
 garbage-first heap   total 208896K, used 131222K [0x0000000080000000, 0x0000000100000000)
  region size 1024K, 4 young (4096K), 4 survivors (4096K)
 Metaspace       used 96716K, committed 97856K, reserved 557056K
  class space    used 13688K, committed 14208K, reserved 425984K
}
Event: 110.047 GC heap before
{Heap before GC invocations=63 (full 0):
 garbage-first heap   total 227328K, used 176278K [0x0000000080000000, 0x0000000100000000)
  region size 1024K, 48 young (49152K), 4 survivors (4096K)
 Metaspace       used 97117K, committed 98304K, reserved 557056K
  class space    used 13728K, committed 14272K, reserved 425984K
}
Event: 110.056 GC heap after
{Heap after GC invocations=64 (full 0):
 garbage-first heap   total 227328K, used 136479K [0x0000000080000000, 0x0000000100000000)
  region size 1024K, 6 young (6144K), 6 survivors (6144K)
 Metaspace       used 97117K, committed 98304K, reserved 557056K
  class space    used 13728K, committed 14272K, reserved 425984K
}
Event: 111.932 GC heap before
{Heap before GC invocations=64 (full 0):
 garbage-first heap   total 227328K, used 188703K [0x0000000080000000, 0x0000000100000000)
  region size 1024K, 57 young (58368K), 6 survivors (6144K)
 Metaspace       used 97701K, committed 98944K, reserved 557056K
  class space    used 13810K, committed 14400K, reserved 425984K
}
Event: 111.949 GC heap after
{Heap after GC invocations=65 (full 0):
 garbage-first heap   total 227328K, used 142656K [0x0000000080000000, 0x0000000100000000)
  region size 1024K, 8 young (8192K), 8 survivors (8192K)
 Metaspace       used 97701K, committed 98944K, reserved 557056K
  class space    used 13810K, committed 14400K, reserved 425984K
}
Event: 115.463 GC heap before
{Heap before GC invocations=65 (full 0):
 garbage-first heap   total 227328K, used 188736K [0x0000000080000000, 0x0000000100000000)
  region size 1024K, 53 young (54272K), 8 survivors (8192K)
 Metaspace       used 98257K, committed 99520K, reserved 557056K
  class space    used 13896K, committed 14464K, reserved 425984K
}
Event: 115.478 GC heap after
{Heap after GC invocations=66 (full 0):
 garbage-first heap   total 227328K, used 148875K [0x0000000080000000, 0x0000000100000000)
  region size 1024K, 6 young (6144K), 6 survivors (6144K)
 Metaspace       used 98257K, committed 99520K, reserved 557056K
  class space    used 13896K, committed 14464K, reserved 425984K
}
Event: 117.845 GC heap before
{Heap before GC invocations=67 (full 0):
 garbage-first heap   total 252928K, used 188811K [0x0000000080000000, 0x0000000100000000)
  region size 1024K, 46 young (47104K), 6 survivors (6144K)
 Metaspace       used 98681K, committed 99968K, reserved 557056K
  class space    used 13942K, committed 14528K, reserved 425984K
}
Event: 117.855 GC heap after
{Heap after GC invocations=68 (full 0):
 garbage-first heap   total 252928K, used 154201K [0x0000000080000000, 0x0000000100000000)
  region size 1024K, 6 young (6144K), 6 survivors (6144K)
 Metaspace       used 98681K, committed 99968K, reserved 557056K
  class space    used 13942K, committed 14528K, reserved 425984K
}
Event: 118.215 GC heap before
{Heap before GC invocations=68 (full 0):
 garbage-first heap   total 252928K, used 159321K [0x0000000080000000, 0x0000000100000000)
  region size 1024K, 12 young (12288K), 6 survivors (6144K)
 Metaspace       used 98801K, committed 100096K, reserved 557056K
  class space    used 13957K, committed 14528K, reserved 425984K
}
Event: 118.222 GC heap after
{Heap after GC invocations=69 (full 0):
 garbage-first heap   total 252928K, used 154832K [0x0000000080000000, 0x0000000100000000)
  region size 1024K, 2 young (2048K), 2 survivors (2048K)
 Metaspace       used 98801K, committed 100096K, reserved 557056K
  class space    used 13957K, committed 14528K, reserved 425984K
}
Event: 120.755 GC heap before
{Heap before GC invocations=69 (full 0):
 garbage-first heap   total 252928K, used 208080K [0x0000000080000000, 0x0000000100000000)
  region size 1024K, 54 young (55296K), 2 survivors (2048K)
 Metaspace       used 99070K, committed 100416K, reserved 557056K
  class space    used 13987K, committed 14592K, reserved 425984K
}
Event: 120.763 GC heap after
{Heap after GC invocations=70 (full 0):
 garbage-first heap   total 252928K, used 160990K [0x0000000080000000, 0x0000000100000000)
  region size 1024K, 7 young (7168K), 7 survivors (7168K)
 Metaspace       used 99070K, committed 100416K, reserved 557056K
  class space    used 13987K, committed 14592K, reserved 425984K
}
Event: 122.749 GC heap before
{Heap before GC invocations=70 (full 0):
 garbage-first heap   total 252928K, used 210142K [0x0000000080000000, 0x0000000100000000)
  region size 1024K, 55 young (56320K), 7 survivors (7168K)
 Metaspace       used 99438K, committed 100864K, reserved 557056K
  class space    used 14040K, committed 14656K, reserved 425984K
}
Event: 122.765 GC heap after
{Heap after GC invocations=71 (full 0):
 garbage-first heap   total 252928K, used 167137K [0x0000000080000000, 0x0000000100000000)
  region size 1024K, 6 young (6144K), 6 survivors (6144K)
 Metaspace       used 99438K, committed 100864K, reserved 557056K
  class space    used 14040K, committed 14656K, reserved 425984K
}
Event: 124.837 GC heap before
{Heap before GC invocations=71 (full 0):
 garbage-first heap   total 252928K, used 210145K [0x0000000080000000, 0x0000000100000000)
  region size 1024K, 49 young (50176K), 6 survivors (6144K)
 Metaspace       used 99786K, committed 101248K, reserved 557056K
  class space    used 14100K, committed 14720K, reserved 425984K
}
Event: 124.850 GC heap after
{Heap after GC invocations=72 (full 0):
 garbage-first heap   total 252928K, used 173138K [0x0000000080000000, 0x0000000100000000)
  region size 1024K, 6 young (6144K), 6 survivors (6144K)
 Metaspace       used 99786K, committed 101248K, reserved 557056K
  class space    used 14100K, committed 14720K, reserved 425984K
}

Dll operation events (15 events):
Event: 0.087 Loaded shared library C:\Program Files\Eclipse Adoptium\jdk-17.0.14.7-hotspot\bin\java.dll
Event: 0.116 Loaded shared library C:\Program Files\Eclipse Adoptium\jdk-17.0.14.7-hotspot\bin\jsvml.dll
Event: 0.236 Loaded shared library C:\Program Files\Eclipse Adoptium\jdk-17.0.14.7-hotspot\bin\zip.dll
Event: 0.249 Loaded shared library C:\Program Files\Eclipse Adoptium\jdk-17.0.14.7-hotspot\bin\instrument.dll
Event: 0.290 Loaded shared library C:\Program Files\Eclipse Adoptium\jdk-17.0.14.7-hotspot\bin\net.dll
Event: 0.305 Loaded shared library C:\Program Files\Eclipse Adoptium\jdk-17.0.14.7-hotspot\bin\nio.dll
Event: 0.308 Loaded shared library C:\Program Files\Eclipse Adoptium\jdk-17.0.14.7-hotspot\bin\zip.dll
Event: 1.337 Loaded shared library C:\Program Files\Eclipse Adoptium\jdk-17.0.14.7-hotspot\bin\jimage.dll
Event: 1.610 Loaded shared library C:\Program Files\Eclipse Adoptium\jdk-17.0.14.7-hotspot\bin\verify.dll
Event: 1.939 Loaded shared library C:\Users\retti\.gradle\native\68d5fa5c4cc2d200863cafc0d521ce42e7d3e7ee720ec0a83991735586a16f82\windows-amd64\native-platform.dll
Event: 1.948 Loaded shared library C:\Users\retti\.gradle\native\e376f236ea51e6404a007f0833ffe2c6e607c4080706a723a18a27aeea778392\windows-amd64\native-platform-file-events.dll
Event: 4.000 Loaded shared library C:\Program Files\Eclipse Adoptium\jdk-17.0.14.7-hotspot\bin\management.dll
Event: 4.004 Loaded shared library C:\Program Files\Eclipse Adoptium\jdk-17.0.14.7-hotspot\bin\management_ext.dll
Event: 4.677 Loaded shared library C:\Program Files\Eclipse Adoptium\jdk-17.0.14.7-hotspot\bin\extnet.dll
Event: 5.284 Loaded shared library C:\Program Files\Eclipse Adoptium\jdk-17.0.14.7-hotspot\bin\sunmscapi.dll

Deoptimization events (20 events):
Event: 113.920 Thread 0x0000024955c3d700 DEOPT PACKING pc=0x000002491eb1b92b sp=0x0000007f77ef4fc0
Event: 113.920 Thread 0x0000024955c3d700 DEOPT UNPACKING pc=0x0000024925edace3 sp=0x0000007f77ef4510 mode 0
Event: 116.428 Thread 0x00000249557474e0 Uncommon trap: trap_request=0xffffff45 fr.pc=0x00000249267b984c relative=0x00000000000006ec
Event: 116.429 Thread 0x00000249557474e0 Uncommon trap: reason=unstable_if action=reinterpret pc=0x00000249267b984c method=com.esotericsoftware.kryo.io.Output.writeVarLong(JZ)I @ 55 c2
Event: 116.429 Thread 0x00000249557474e0 DEOPT PACKING pc=0x00000249267b984c sp=0x0000007f77ffecd0
Event: 116.429 Thread 0x00000249557474e0 DEOPT UNPACKING pc=0x0000024925eda1a3 sp=0x0000007f77ffeca0 mode 2
Event: 118.474 Thread 0x0000024955c3d700 DEOPT PACKING pc=0x000002491eafdc91 sp=0x0000007f77ef35e0
Event: 118.474 Thread 0x0000024955c3d700 DEOPT UNPACKING pc=0x0000024925edace3 sp=0x0000007f77ef2ad0 mode 0
Event: 119.328 Thread 0x0000024955c3d700 DEOPT PACKING pc=0x000002491fde0a68 sp=0x0000007f77ef4f50
Event: 119.328 Thread 0x0000024955c3d700 DEOPT UNPACKING pc=0x0000024925edace3 sp=0x0000007f77ef43d8 mode 0
Event: 120.119 Thread 0x0000024955c3d700 Uncommon trap: trap_request=0xffffff76 fr.pc=0x0000024926c322e8 relative=0x00000000000003a8
Event: 120.119 Thread 0x0000024955c3d700 Uncommon trap: reason=predicate action=maybe_recompile pc=0x0000024926c322e8 method=java.util.AbstractCollection.toArray([Ljava/lang/Object;)[Ljava/lang/Object; @ 43 c2
Event: 120.119 Thread 0x0000024955c3d700 DEOPT PACKING pc=0x0000024926c322e8 sp=0x0000007f77ef5370
Event: 120.119 Thread 0x0000024955c3d700 DEOPT UNPACKING pc=0x0000024925eda1a3 sp=0x0000007f77ef5308 mode 2
Event: 121.776 Thread 0x0000024955c3d700 Uncommon trap: trap_request=0xfffffff4 fr.pc=0x0000024926c657a8 relative=0x00000000000001e8
Event: 121.776 Thread 0x0000024955c3d700 Uncommon trap: reason=null_check action=make_not_entrant pc=0x0000024926c657a8 method=org.gradle.api.internal.collections.CollectionFilter.filter(Ljava/lang/Object;)Ljava/lang/Object; @ 5 c2
Event: 121.776 Thread 0x0000024955c3d700 DEOPT PACKING pc=0x0000024926c657a8 sp=0x0000007f77ef4f00
Event: 121.776 Thread 0x0000024955c3d700 DEOPT UNPACKING pc=0x0000024925eda1a3 sp=0x0000007f77ef4ea0 mode 2
Event: 123.476 Thread 0x0000024955c3d700 DEOPT PACKING pc=0x000002491f27bcd1 sp=0x0000007f77ef30c0
Event: 123.476 Thread 0x0000024955c3d700 DEOPT UNPACKING pc=0x0000024925edace3 sp=0x0000007f77ef2520 mode 0

Classes loaded (20 events):
Event: 76.483 Loading class java/util/concurrent/atomic/AtomicIntegerArray
Event: 76.484 Loading class java/util/concurrent/atomic/AtomicIntegerArray done
Event: 76.486 Loading class java/util/Currency
Event: 76.487 Loading class java/util/Currency done
Event: 76.496 Loading class java/util/concurrent/atomic/AtomicLongArray
Event: 76.497 Loading class java/util/concurrent/atomic/AtomicLongArray done
Event: 76.731 Loading class jdk/internal/vm/annotation/ForceInline
Event: 76.732 Loading class jdk/internal/vm/annotation/ForceInline done
Event: 78.418 Loading class sun/reflect/generics/repository/FieldRepository
Event: 78.526 Loading class sun/reflect/generics/repository/FieldRepository done
Event: 78.746 Loading class java/util/regex/Pattern$Caret
Event: 78.747 Loading class java/util/regex/Pattern$Caret done
Event: 79.785 Loading class jdk/internal/misc/ScopedMemoryAccess$Scope$Handle
Event: 79.785 Loading class jdk/internal/misc/ScopedMemoryAccess$Scope$Handle done
Event: 105.844 Loading class java/beans/ParameterDescriptor
Event: 105.844 Loading class java/beans/ParameterDescriptor done
Event: 111.049 Loading class java/io/CharArrayWriter
Event: 111.050 Loading class java/io/CharArrayWriter done
Event: 115.246 Loading class java/io/FilterReader
Event: 115.321 Loading class java/io/FilterReader done

Classes unloaded (1 events):
Event: 54.475 Thread 0x00000249349f8680 Unloading class 0x0000024936a5d800 'java/lang/invoke/LambdaForm$DMH+0x0000024936a5d800'

Classes redefined (0 events):
No events

Internal exceptions (20 events):
Event: 123.953 Thread 0x0000024955c3d700 Exception <a 'java/lang/ClassNotFoundException'{0x000000008e1969a8}: com/android/build/gradle/internal/dsl/TestOptionsCustomizer> (0x000000008e1969a8) 
thrown [s\src\hotspot\share\classfile\systemDictionary.cpp, line 256]
Event: 123.964 Thread 0x0000024955c3d700 Exception <a 'java/lang/ClassNotFoundException'{0x000000008e1caf40}: com/android/build/gradle/internal/dsl/TestOptions_DecoratedCustomizer> (0x000000008e1caf40) 
thrown [s\src\hotspot\share\classfile\systemDictionary.cpp, line 256]
Event: 123.992 Thread 0x0000024955c3d700 Exception <a 'java/lang/ClassNotFoundException'{0x000000008e037fa0}: com/android/build/gradle/internal/dsl/TestOptions$UnitTestOptions_DecoratedBeanInfo> (0x000000008e037fa0) 
thrown [s\src\hotspot\share\classfile\systemDictionary.cpp, line 256]
Event: 124.000 Thread 0x0000024955c3d700 Exception <a 'java/lang/ClassNotFoundException'{0x000000008e04f648}: com/android/build/gradle/internal/dsl/TestOptions$UnitTestOptionsBeanInfo> (0x000000008e04f648) 
thrown [s\src\hotspot\share\classfile\systemDictionary.cpp, line 256]
Event: 124.012 Thread 0x0000024955c3d700 Exception <a 'java/lang/ClassNotFoundException'{0x000000008e066fa8}: com/android/build/gradle/internal/dsl/TestOptions$UnitTestOptionsCustomizer> (0x000000008e066fa8) 
thrown [s\src\hotspot\share\classfile\systemDictionary.cpp, line 256]
Event: 124.015 Thread 0x0000024955c3d700 Exception <a 'java/lang/ClassNotFoundException'{0x000000008e085f20}: com/android/build/gradle/internal/dsl/TestOptions$UnitTestOptions_DecoratedCustomizer> (0x000000008e085f20) 
thrown [s\src\hotspot\share\classfile\systemDictionary.cpp, line 256]
Event: 124.059 Thread 0x0000024955c3d700 Exception <a 'java/lang/ClassNotFoundException'{0x000000008df90fd8}: org/gradle/api/internal/artifacts/dependencies/DefaultExternalModuleDependency_DecoratedBeanInfo> (0x000000008df90fd8) 
thrown [s\src\hotspot\share\classfile\systemDictionary.cpp, line 256]
Event: 124.061 Thread 0x0000024955c3d700 Exception <a 'java/lang/ClassNotFoundException'{0x000000008dfb6098}: org/gradle/api/internal/artifacts/dependencies/DefaultExternalModuleDependencyBeanInfo> (0x000000008dfb6098) 
thrown [s\src\hotspot\share\classfile\systemDictionary.cpp, line 256]
Event: 124.071 Thread 0x0000024955c3d700 Exception <a 'java/lang/ClassNotFoundException'{0x000000008dfdb2d0}: org/gradle/api/internal/artifacts/dependencies/AbstractExternalModuleDependencyBeanInfo> (0x000000008dfdb2d0) 
thrown [s\src\hotspot\share\classfile\systemDictionary.cpp, line 256]
Event: 124.077 Thread 0x0000024955c3d700 Exception <a 'java/lang/ClassNotFoundException'{0x000000008dffd1c0}: org/gradle/api/internal/artifacts/dependencies/AbstractModuleDependencyBeanInfo> (0x000000008dffd1c0) 
thrown [s\src\hotspot\share\classfile\systemDictionary.cpp, line 256]
Event: 124.085 Thread 0x0000024955c3d700 Exception <a 'java/lang/ClassNotFoundException'{0x000000008de1ef18}: org/gradle/api/internal/artifacts/dependencies/AbstractDependencyBeanInfo> (0x000000008de1ef18) 
thrown [s\src\hotspot\share\classfile\systemDictionary.cpp, line 256]
Event: 124.087 Thread 0x0000024955c3d700 Exception <a 'java/lang/ClassNotFoundException'{0x000000008de409f8}: org/gradle/api/internal/artifacts/dependencies/AbstractDependencyCustomizer> (0x000000008de409f8) 
thrown [s\src\hotspot\share\classfile\systemDictionary.cpp, line 256]
Event: 124.089 Thread 0x0000024955c3d700 Exception <a 'java/lang/ClassNotFoundException'{0x000000008de66048}: org/gradle/api/internal/artifacts/dependencies/AbstractModuleDependencyCustomizer> (0x000000008de66048) 
thrown [s\src\hotspot\share\classfile\systemDictionary.cpp, line 256]
Event: 124.091 Thread 0x0000024955c3d700 Exception <a 'java/lang/ClassNotFoundException'{0x000000008dea8d10}: org/gradle/api/internal/artifacts/dependencies/AbstractExternalModuleDependencyCustomizer> (0x000000008dea8d10) 
thrown [s\src\hotspot\share\classfile\systemDictionary.cpp, line 256]
Event: 124.098 Thread 0x0000024955c3d700 Exception <a 'java/lang/ClassNotFoundException'{0x000000008dee10c0}: org/gradle/api/internal/artifacts/dependencies/DefaultExternalModuleDependencyCustomizer> (0x000000008dee10c0) 
thrown [s\src\hotspot\share\classfile\systemDictionary.cpp, line 256]
Event: 124.108 Thread 0x0000024955c3d700 Exception <a 'java/lang/ClassNotFoundException'{0x000000008dd15598}: org/gradle/api/internal/artifacts/dependencies/DefaultExternalModuleDependency_DecoratedCustomizer> (0x000000008dd15598) 
thrown [s\src\hotspot\share\classfile\systemDictionary.cpp, line 256]
Event: 124.643 Thread 0x0000024955c3d700 Exception <a 'java/lang/ClassNotFoundException'{0x000000008d0c38a0}: build_2pl2xzor2a0ozt8lthkyge5zmBeanInfo> (0x000000008d0c38a0) 
thrown [s\src\hotspot\share\classfile\systemDictionary.cpp, line 256]
Event: 124.646 Thread 0x0000024955c3d700 Exception <a 'java/lang/ClassNotFoundException'{0x000000008d0e4f58}: build_2pl2xzor2a0ozt8lthkyge5zmCustomizer> (0x000000008d0e4f58) 
thrown [s\src\hotspot\share\classfile\systemDictionary.cpp, line 256]
Event: 124.755 Thread 0x0000024955c3d700 Exception <a 'java/lang/ClassNotFoundException'{0x000000008ceebb60}: build_2pl2xzor2a0ozt8lthkyge5zmBeanInfo> (0x000000008ceebb60) 
thrown [s\src\hotspot\share\classfile\systemDictionary.cpp, line 256]
Event: 124.760 Thread 0x0000024955c3d700 Exception <a 'java/lang/ClassNotFoundException'{0x000000008cef7048}: build_2pl2xzor2a0ozt8lthkyge5zmCustomizer> (0x000000008cef7048) 
thrown [s\src\hotspot\share\classfile\systemDictionary.cpp, line 256]

VM Operations (20 events):
Event: 117.855 Executing VM operation: G1CollectForAllocation done
Event: 118.214 Executing VM operation: G1CollectForAllocation
Event: 118.222 Executing VM operation: G1CollectForAllocation done
Event: 119.230 Executing VM operation: Cleanup
Event: 119.230 Executing VM operation: Cleanup done
Event: 120.239 Executing VM operation: Cleanup
Event: 120.254 Executing VM operation: Cleanup done
Event: 120.755 Executing VM operation: G1CollectForAllocation
Event: 120.763 Executing VM operation: G1CollectForAllocation done
Event: 121.775 Executing VM operation: Cleanup
Event: 121.775 Executing VM operation: Cleanup done
Event: 122.749 Executing VM operation: G1CollectForAllocation
Event: 122.766 Executing VM operation: G1CollectForAllocation done
Event: 123.775 Executing VM operation: Cleanup
Event: 123.776 Executing VM operation: Cleanup done
Event: 124.786 Executing VM operation: Cleanup
Event: 124.802 Executing VM operation: Cleanup done
Event: 124.837 Executing VM operation: G1CollectForAllocation
Event: 124.850 Executing VM operation: G1CollectForAllocation done
Event: 125.191 Executing VM operation: G1PauseRemark

Memory protections (0 events):
No events

Nmethod flushes (20 events):
Event: 113.528 Thread 0x0000024934a7db20 flushing  nmethod 0x000002491fb53a90
Event: 113.528 Thread 0x0000024934a7db20 flushing  nmethod 0x000002491fb79690
Event: 113.528 Thread 0x0000024934a7db20 flushing  nmethod 0x000002491fb7b910
Event: 113.528 Thread 0x0000024934a7db20 flushing  nmethod 0x000002491fbb8390
Event: 113.529 Thread 0x0000024934a7db20 flushing  nmethod 0x000002491fbda490
Event: 113.529 Thread 0x0000024934a7db20 flushing  nmethod 0x000002491fbf6590
Event: 113.529 Thread 0x0000024934a7db20 flushing  nmethod 0x000002491fbf7410
Event: 113.529 Thread 0x0000024934a7db20 flushing  nmethod 0x000002491fbf9410
Event: 113.529 Thread 0x0000024934a7db20 flushing  nmethod 0x000002491fbfd610
Event: 113.529 Thread 0x0000024934a7db20 flushing  nmethod 0x000002491fc35810
Event: 113.529 Thread 0x0000024934a7db20 flushing  nmethod 0x000002491fc37c10
Event: 113.529 Thread 0x0000024934a7db20 flushing  nmethod 0x000002491fc3a190
Event: 113.529 Thread 0x0000024934a7db20 flushing  nmethod 0x000002491fc3bf90
Event: 113.529 Thread 0x0000024934a7db20 flushing  nmethod 0x000002491fc50b10
Event: 113.529 Thread 0x0000024934a7db20 flushing  nmethod 0x000002491fc54590
Event: 113.529 Thread 0x0000024934a7db20 flushing  nmethod 0x000002491fcfb790
Event: 113.529 Thread 0x0000024934a7db20 flushing  nmethod 0x000002491fcffe10
Event: 113.529 Thread 0x0000024934a7db20 flushing  nmethod 0x000002491fd08110
Event: 113.530 Thread 0x0000024934a7db20 flushing  nmethod 0x000002491fe9e510
Event: 113.531 Thread 0x0000024934a7db20 flushing  nmethod 0x000002491ff88e90

Events (20 events):
Event: 76.144 Thread 0x0000024934a1c8e0 Thread added: 0x00000249565da5a0
Event: 76.731 Thread 0x00000249565da5a0 Thread exited: 0x00000249565da5a0
Event: 78.530 Thread 0x0000024934a1d9a0 Thread added: 0x00000249565d7080
Event: 79.031 Thread 0x00000249565d7080 Thread exited: 0x00000249565d7080
Event: 81.316 Thread 0x0000024934a1c8e0 Thread added: 0x00000249565d7080
Event: 81.710 Thread 0x00000249565d7080 Thread exited: 0x00000249565d7080
Event: 81.984 Thread 0x0000024934a1d9a0 Thread added: 0x00000249565d7080
Event: 83.152 Thread 0x00000249565d7080 Thread exited: 0x00000249565d7080
Event: 101.993 Thread 0x0000024955894670 Thread exited: 0x0000024955894670
Event: 105.062 Thread 0x0000024955c3d700 Thread added: 0x00000249587af080
Event: 105.063 Thread 0x0000024955c3d700 Thread added: 0x00000249587b3760
Event: 105.063 Thread 0x0000024955c3d700 Thread added: 0x00000249587afaa0
Event: 107.268 Thread 0x0000024934a1d9a0 Thread added: 0x000002495ab44b80
Event: 108.698 Thread 0x000002495ab44b80 Thread exited: 0x000002495ab44b80
Event: 110.734 Thread 0x0000024957e223c0 Thread exited: 0x0000024957e223c0
Event: 110.761 Thread 0x0000024957e25b70 Thread exited: 0x0000024957e25b70
Event: 110.763 Thread 0x0000024957e279d0 Thread exited: 0x0000024957e279d0
Event: 110.767 Thread 0x0000024957e26080 Thread exited: 0x0000024957e26080
Event: 111.683 Thread 0x0000024957e23800 Thread exited: 0x0000024957e23800
Event: 111.699 Thread 0x0000024957e283f0 Thread exited: 0x0000024957e283f0


Dynamic libraries:
0x00007ff790880000 - 0x00007ff79088e000 	C:\Program Files\Eclipse Adoptium\jdk-17.0.14.7-hotspot\bin\java.exe
0x00007ff8a18d0000 - 0x00007ff8a1ae7000 	C:\WINDOWS\SYSTEM32\ntdll.dll
0x00007ff8a0080000 - 0x00007ff8a0144000 	C:\WINDOWS\System32\KERNEL32.DLL
0x00007ff89f110000 - 0x00007ff89f4e3000 	C:\WINDOWS\System32\KERNELBASE.dll
0x00007ff89e9d0000 - 0x00007ff89eae1000 	C:\WINDOWS\System32\ucrtbase.dll
0x00007ff866250000 - 0x00007ff866267000 	C:\Program Files\Eclipse Adoptium\jdk-17.0.14.7-hotspot\bin\jli.dll
0x00007ff8a01c0000 - 0x00007ff8a0371000 	C:\WINDOWS\System32\USER32.dll
0x00007ff89eb70000 - 0x00007ff89eb96000 	C:\WINDOWS\System32\win32u.dll
0x00007ff8a0510000 - 0x00007ff8a0539000 	C:\WINDOWS\System32\GDI32.dll
0x00007ff89efe0000 - 0x00007ff89f102000 	C:\WINDOWS\System32\gdi32full.dll
0x00007ff89ec90000 - 0x00007ff89ed2a000 	C:\WINDOWS\System32\msvcp_win.dll
0x00007ff850be0000 - 0x00007ff850bfe000 	C:\Program Files\Eclipse Adoptium\jdk-17.0.14.7-hotspot\bin\VCRUNTIME140.dll
0x00007ff88f4c0000 - 0x00007ff88f75b000 	C:\WINDOWS\WinSxS\amd64_microsoft.windows.common-controls_6595b64144ccf1df_6.0.22621.5262_none_2712bde373830908\COMCTL32.dll
0x00007ff8a0380000 - 0x00007ff8a0427000 	C:\WINDOWS\System32\msvcrt.dll
0x00007ff8a08c0000 - 0x00007ff8a08f1000 	C:\WINDOWS\System32\IMM32.DLL
0x00007ff8847d0000 - 0x00007ff8847dc000 	C:\Program Files\Eclipse Adoptium\jdk-17.0.14.7-hotspot\bin\vcruntime140_1.dll
0x00007ff82f350000 - 0x00007ff82f3dd000 	C:\Program Files\Eclipse Adoptium\jdk-17.0.14.7-hotspot\bin\msvcp140.dll
0x00007ff827d60000 - 0x00007ff8289cb000 	C:\Program Files\Eclipse Adoptium\jdk-17.0.14.7-hotspot\bin\server\jvm.dll
0x00007ff89f900000 - 0x00007ff89f9b1000 	C:\WINDOWS\System32\ADVAPI32.dll
0x00007ff8a0a30000 - 0x00007ff8a0ad7000 	C:\WINDOWS\System32\sechost.dll
0x00007ff89eba0000 - 0x00007ff89ebc8000 	C:\WINDOWS\System32\bcrypt.dll
0x00007ff8a07a0000 - 0x00007ff8a08b4000 	C:\WINDOWS\System32\RPCRT4.dll
0x00007ff89fef0000 - 0x00007ff89ff61000 	C:\WINDOWS\System32\WS2_32.dll
0x00007ff89e8b0000 - 0x00007ff89e8fd000 	C:\WINDOWS\SYSTEM32\POWRPROF.dll
0x00007ff897cf0000 - 0x00007ff897d24000 	C:\WINDOWS\SYSTEM32\WINMM.dll
0x00007ff897b60000 - 0x00007ff897b6a000 	C:\WINDOWS\SYSTEM32\VERSION.dll
0x00007ff89e880000 - 0x00007ff89e893000 	C:\WINDOWS\SYSTEM32\UMPDC.dll
0x00007ff89da10000 - 0x00007ff89da28000 	C:\WINDOWS\SYSTEM32\kernel.appcore.dll
0x00007ff866140000 - 0x00007ff86614a000 	C:\Program Files\Eclipse Adoptium\jdk-17.0.14.7-hotspot\bin\jimage.dll
0x00007ff89c5e0000 - 0x00007ff89c812000 	C:\WINDOWS\SYSTEM32\DBGHELP.DLL
0x00007ff8a1460000 - 0x00007ff8a17f3000 	C:\WINDOWS\System32\combase.dll
0x00007ff8a1380000 - 0x00007ff8a1457000 	C:\WINDOWS\System32\OLEAUT32.dll
0x00007ff887940000 - 0x00007ff887972000 	C:\WINDOWS\SYSTEM32\dbgcore.DLL
0x00007ff89eaf0000 - 0x00007ff89eb6b000 	C:\WINDOWS\System32\bcryptPrimitives.dll
0x00007ff8634d0000 - 0x00007ff8634de000 	C:\Program Files\Eclipse Adoptium\jdk-17.0.14.7-hotspot\bin\instrument.dll
0x00007ff835340000 - 0x00007ff835365000 	C:\Program Files\Eclipse Adoptium\jdk-17.0.14.7-hotspot\bin\java.dll
0x00007ff82e6e0000 - 0x00007ff82e7b7000 	C:\Program Files\Eclipse Adoptium\jdk-17.0.14.7-hotspot\bin\jsvml.dll
0x00007ff8a0ae0000 - 0x00007ff8a137d000 	C:\WINDOWS\System32\SHELL32.dll
0x00007ff89ed30000 - 0x00007ff89ee6f000 	C:\WINDOWS\System32\wintypes.dll
0x00007ff89c910000 - 0x00007ff89d22d000 	C:\WINDOWS\SYSTEM32\windows.storage.dll
0x00007ff89ff70000 - 0x00007ff8a007b000 	C:\WINDOWS\System32\SHCORE.dll
0x00007ff8a0150000 - 0x00007ff8a01b6000 	C:\WINDOWS\System32\shlwapi.dll
0x00007ff89e900000 - 0x00007ff89e92b000 	C:\WINDOWS\SYSTEM32\profapi.dll
0x00007ff8320a0000 - 0x00007ff8320b8000 	C:\Program Files\Eclipse Adoptium\jdk-17.0.14.7-hotspot\bin\zip.dll
0x00007ff832080000 - 0x00007ff832099000 	C:\Program Files\Eclipse Adoptium\jdk-17.0.14.7-hotspot\bin\net.dll
0x00007ff897740000 - 0x00007ff89786c000 	C:\WINDOWS\SYSTEM32\WINHTTP.dll
0x00007ff89de90000 - 0x00007ff89defa000 	C:\WINDOWS\system32\mswsock.dll
0x00007ff831df0000 - 0x00007ff831e06000 	C:\Program Files\Eclipse Adoptium\jdk-17.0.14.7-hotspot\bin\nio.dll
0x00007ff862340000 - 0x00007ff862350000 	C:\Program Files\Eclipse Adoptium\jdk-17.0.14.7-hotspot\bin\verify.dll
0x00007ff851440000 - 0x00007ff851467000 	C:\Users\retti\.gradle\native\68d5fa5c4cc2d200863cafc0d521ce42e7d3e7ee720ec0a83991735586a16f82\windows-amd64\native-platform.dll
0x00007ff82d4a0000 - 0x00007ff82d5e4000 	C:\Users\retti\.gradle\native\e376f236ea51e6404a007f0833ffe2c6e607c4080706a723a18a27aeea778392\windows-amd64\native-platform-file-events.dll
0x00007ff861200000 - 0x00007ff86120a000 	C:\Program Files\Eclipse Adoptium\jdk-17.0.14.7-hotspot\bin\management.dll
0x00007ff860120000 - 0x00007ff86012b000 	C:\Program Files\Eclipse Adoptium\jdk-17.0.14.7-hotspot\bin\management_ext.dll
0x00007ff8a0540000 - 0x00007ff8a0548000 	C:\WINDOWS\System32\PSAPI.DLL
0x00007ff89e0e0000 - 0x00007ff89e0fb000 	C:\WINDOWS\SYSTEM32\CRYPTSP.dll
0x00007ff89d970000 - 0x00007ff89d9a7000 	C:\WINDOWS\system32\rsaenh.dll
0x00007ff89df80000 - 0x00007ff89dfa8000 	C:\WINDOWS\SYSTEM32\USERENV.dll
0x00007ff89e100000 - 0x00007ff89e10c000 	C:\WINDOWS\SYSTEM32\CRYPTBASE.dll
0x00007ff89d4d0000 - 0x00007ff89d4fd000 	C:\WINDOWS\SYSTEM32\IPHLPAPI.DLL
0x00007ff8a0500000 - 0x00007ff8a0509000 	C:\WINDOWS\System32\NSI.dll
0x00007ff897b70000 - 0x00007ff897b89000 	C:\WINDOWS\SYSTEM32\dhcpcsvc6.DLL
0x00007ff897720000 - 0x00007ff89773f000 	C:\WINDOWS\SYSTEM32\dhcpcsvc.DLL
0x00007ff89d500000 - 0x00007ff89d5f8000 	C:\WINDOWS\SYSTEM32\DNSAPI.dll
0x00007ff85e150000 - 0x00007ff85e159000 	C:\Program Files\Eclipse Adoptium\jdk-17.0.14.7-hotspot\bin\extnet.dll
0x00007ff88afe0000 - 0x00007ff88afee000 	C:\Program Files\Eclipse Adoptium\jdk-17.0.14.7-hotspot\bin\sunmscapi.dll
0x00007ff89ee70000 - 0x00007ff89efd7000 	C:\WINDOWS\System32\CRYPT32.dll
0x00007ff89e2a0000 - 0x00007ff89e2cd000 	C:\WINDOWS\SYSTEM32\ncrypt.dll
0x00007ff89e260000 - 0x00007ff89e297000 	C:\WINDOWS\SYSTEM32\NTASN1.dll
0x00007ff8846a0000 - 0x00007ff8846a8000 	C:\WINDOWS\system32\wshunix.dll
0x00007ff88bd50000 - 0x00007ff88bd67000 	C:\WINDOWS\system32\napinsp.dll
0x00007ff858f40000 - 0x00007ff858f5b000 	C:\WINDOWS\system32\pnrpnsp.dll
0x00007ff851900000 - 0x00007ff851911000 	C:\WINDOWS\System32\winrnr.dll
0x00007ff896490000 - 0x00007ff8964a5000 	C:\WINDOWS\system32\wshbth.dll
0x00007ff854300000 - 0x00007ff854321000 	C:\WINDOWS\system32\nlansp_c.dll
0x00007ff892f90000 - 0x00007ff892f9a000 	C:\Windows\System32\rasadhlp.dll
0x00007ff896920000 - 0x00007ff8969a3000 	C:\WINDOWS\System32\fwpuclnt.dll

dbghelp: loaded successfully - version: 4.0.5 - missing functions: none
symbol engine: initialized successfully - sym options: 0x614 - pdb path: .;C:\Program Files\Eclipse Adoptium\jdk-17.0.14.7-hotspot\bin;C:\WINDOWS\SYSTEM32;C:\WINDOWS\WinSxS\amd64_microsoft.windows.common-controls_6595b64144ccf1df_6.0.22621.5262_none_2712bde373830908;C:\Program Files\Eclipse Adoptium\jdk-17.0.14.7-hotspot\bin\server;C:\Users\retti\.gradle\native\68d5fa5c4cc2d200863cafc0d521ce42e7d3e7ee720ec0a83991735586a16f82\windows-amd64;C:\Users\retti\.gradle\native\e376f236ea51e6404a007f0833ffe2c6e607c4080706a723a18a27aeea778392\windows-amd64

VM Arguments:
jvm_args: -XX:MaxMetaspaceSize=512m --add-opens=java.base/java.util=ALL-UNNAMED --add-opens=java.base/java.lang=ALL-UNNAMED --add-opens=java.base/java.lang.invoke=ALL-UNNAMED --add-opens=java.prefs/java.util.prefs=ALL-UNNAMED --add-opens=java.base/java.nio.charset=ALL-UNNAMED --add-opens=java.base/java.net=ALL-UNNAMED --add-opens=java.base/java.util.concurrent.atomic=ALL-UNNAMED -Xmx2048m -Dfile.encoding=utf8 -Duser.country=US -Duser.language=en -Duser.variant -javaagent:C:\Users\retti\.gradle\wrapper\dists\gradle-8.3-all\6en3ugtfdg5xnpx44z4qbwgas\gradle-8.3\lib\agents\gradle-instrumentation-agent-8.3.jar 
java_command: org.gradle.launcher.daemon.bootstrap.GradleDaemon 8.3
java_class_path (initial): C:\Users\retti\.gradle\wrapper\dists\gradle-8.3-all\6en3ugtfdg5xnpx44z4qbwgas\gradle-8.3\lib\gradle-launcher-8.3.jar
Launcher Type: SUN_STANDARD

[Global flags]
     intx CICompilerCount                          = 3                                         {product} {ergonomic}
   size_t CompressedClassSpaceSize                 = 436207616                                 {product} {ergonomic}
     uint ConcGCThreads                            = 1                                         {product} {ergonomic}
     uint G1ConcRefinementThreads                  = 4                                         {product} {ergonomic}
   size_t G1HeapRegionSize                         = 1048576                                   {product} {ergonomic}
    uintx GCDrainStackTargetSize                   = 64                                        {product} {ergonomic}
   size_t InitialHeapSize                          = 132120576                                 {product} {ergonomic}
   size_t MarkStackSize                            = 4194304                                   {product} {ergonomic}
   size_t MaxHeapSize                              = 2147483648                                {product} {command line}
   size_t MaxMetaspaceSize                         = 536870912                                 {product} {command line}
   size_t MaxNewSize                               = 1287651328                                {product} {ergonomic}
   size_t MinHeapDeltaBytes                        = 1048576                                   {product} {ergonomic}
   size_t MinHeapSize                              = 8388608                                   {product} {ergonomic}
    uintx NonNMethodCodeHeapSize                   = 5832780                                {pd product} {ergonomic}
    uintx NonProfiledCodeHeapSize                  = 122912730                              {pd product} {ergonomic}
    uintx ProfiledCodeHeapSize                     = 122912730                              {pd product} {ergonomic}
    uintx ReservedCodeCacheSize                    = 251658240                              {pd product} {ergonomic}
     bool SegmentedCodeCache                       = true                                      {product} {ergonomic}
   size_t SoftMaxHeapSize                          = 2147483648                             {manageable} {ergonomic}
     bool UseCompressedClassPointers               = true                           {product lp64_product} {ergonomic}
     bool UseCompressedOops                        = true                           {product lp64_product} {ergonomic}
     bool UseG1GC                                  = true                                      {product} {ergonomic}
     bool UseLargePagesIndividualAllocation        = false                                  {pd product} {ergonomic}

Logging:
Log output configuration:
 #0: stdout all=warning uptime,level,tags
 #1: stderr all=off uptime,level,tags

Environment Variables:
JAVA_HOME=C:\Program Files\Eclipse Adoptium\jdk-17.0.14.7-hotspot
PATH=C:\Program Files\Eclipse Adoptium\jdk-17.0.14.7-hotspot\bin;C:\Program Files\Eclipse Adoptium\jdk-17.0.14.7-hotspot\bin;C:\Program Files\Eclipse Adoptium\jdk-21.0.6.7-hotspot\bin;c:\Program Files\MongoDB\Server\8.0\bin;c:\Users\retti\AppData\Local\Programs\cursor\resources\app\bin;C:\WINDOWS\system32;C:\WINDOWS;C:\WINDOWS\System32\Wbem;C:\WINDOWS\System32\WindowsPowerShell\v1.0\;C:\WINDOWS\System32\OpenSSH\;C:\Program Files\Git\cmd;C:\ProgramData\chocolatey\bin;C:\Program Files\nodejs\;C:\Users\retti\AppData\Local\Android\Sdk\platform-tools;C:\Program Files\MySQL\MySQL Shell 8.0\bin\;C:\Users\retti\AppData\Local\Programs\Python\Python312\Scripts\;C:\Users\retti\AppData\Local\Programs\Python\Python312\;C:\Users\retti\AppData\Local\Microsoft\WindowsApps;C:\Users\retti\AppData\Roaming\npm;c:\Users\retti\AppData\Local\Programs\cursor\resources\app\bin;c:\Users\retti\AppData\Local\Programs\cursor\resources\app\bin;C:\Program Files\MongoDB\mongosh-2.4.2-win32-x64;C:\Program Files\MongoDB\mongosh-2.4.2-win32-x64\bin;C:\Program Files\Eclipse Adoptium\jdk-17.0.14.7-hotspot\bin;C:\stripe-cli\;C:\strip-cli;C:\Users\retti\AppData\Local\Programs\Python\Python312\Scripts\;C:\Users\retti\AppData\Local\Programs\Python\Python312\;C:\Users\retti\AppData\Local\Microsoft\WindowsApps;;C:\Users\retti\AppData\Local\Programs\Microsoft VS Code\bin;C:\Users\retti\AppData\Roaming\npm;C:\Users\retti\AppData\Local\Programs\cursor\resources\app\bin
USERNAME=Biruk'sPC
OS=Windows_NT
PROCESSOR_IDENTIFIER=Intel64 Family 6 Model 126 Stepping 5, GenuineIntel
TMP=C:\Users\retti\AppData\Local\Temp
TEMP=C:\Users\retti\AppData\Local\Temp



Periodic native trim disabled


---------------  S Y S T E M  ---------------

OS:
 Windows 11 , 64 bit Build 22621 (10.0.22621.5262)
OS uptime: 2 days 22:25 hours

CPU: total 4 (initial active 4) (2 cores per cpu, 2 threads per core) family 6 model 126 stepping 5 microcode 0x86, cx8, cmov, fxsr, ht, mmx, 3dnowpref, sse, sse2, sse3, ssse3, sse4.1, sse4.2, popcnt, lzcnt, tsc, tscinvbit, avx, avx2, aes, erms, clmul, bmi1, bmi2, adx, avx512f, avx512dq, avx512cd, avx512bw, avx512vl, sha, fma, vzeroupper, avx512_vpopcntdq, avx512_vpclmulqdq, avx512_vaes, avx512_vnni, clflush, clflushopt, avx512_vbmi2, avx512_vbmi
Processor Information for all 4 processors :
  Max Mhz: 1190, Current Mhz: 1190, Mhz Limit: 1190

Memory: 4k page, system-wide physical 7987M (274M free)
TotalPageFile size 13557M (AvailPageFile size 47M)
current process WorkingSet (physical memory assigned to process): 497M, peak: 499M
current process commit charge ("private bytes"): 552M, peak: 604M

vm_info: OpenJDK 64-Bit Server VM (17.0.14+7) for windows-amd64 JRE (17.0.14+7), built on Jan 21 2025 23:40:15 by "admin" with MS VC++ 17.7 (VS2022)

END.
