#
# There is insufficient memory for the Java Runtime Environment to continue.
# Native memory allocation (malloc) failed to allocate 297136 bytes. Error detail: Chunk::new
# Possible reasons:
#   The system is out of physical RAM or swap space
#   This process is running with CompressedOops enabled, and the Java Heap may be blocking the growth of the native heap
# Possible solutions:
#   Reduce memory load on the system
#   Increase physical memory or swap space
#   Check if swap backing store is full
#   Decrease Java heap size (-Xmx/-Xms)
#   Decrease number of Java threads
#   Decrease Java thread stack sizes (-Xss)
#   Set larger code cache with -XX:ReservedCodeCacheSize=
#   JVM is running with Unscaled Compressed Oops mode in which the Java heap is
#     placed in the first 4GB address space. The Java Heap base address is the
#     maximum limit for the native heap growth. Please use -XX:HeapBaseMinAddress
#     to set the Java Heap base and to place the Java Heap above 4GB virtual address.
# This output file may be truncated or incomplete.
#
#  Out of Memory Error (arena.cpp:191), pid=15796, tid=8932
#
# JRE version: OpenJDK Runtime Environment Temurin-17.0.14+7 (17.0.14+7) (build 17.0.14+7)
# Java VM: OpenJDK 64-Bit Server VM Temurin-17.0.14+7 (17.0.14+7, mixed mode, sharing, tiered, compressed oops, compressed class ptrs, g1 gc, windows-amd64)
# No core dump will be written. Minidumps are not enabled by default on client versions of Windows
#

---------------  S U M M A R Y ------------

Command Line: -XX:MaxMetaspaceSize=512m --add-opens=java.base/java.util=ALL-UNNAMED --add-opens=java.base/java.lang=ALL-UNNAMED --add-opens=java.base/java.lang.invoke=ALL-UNNAMED --add-opens=java.prefs/java.util.prefs=ALL-UNNAMED --add-opens=java.base/java.nio.charset=ALL-UNNAMED --add-opens=java.base/java.net=ALL-UNNAMED --add-opens=java.base/java.util.concurrent.atomic=ALL-UNNAMED -Xmx2048m -Dfile.encoding=utf8 -Duser.country=US -Duser.language=en -Duser.variant -javaagent:C:\Users\retti\.gradle\wrapper\dists\gradle-8.3-all\6en3ugtfdg5xnpx44z4qbwgas\gradle-8.3\lib\agents\gradle-instrumentation-agent-8.3.jar org.gradle.launcher.daemon.bootstrap.GradleDaemon 8.3

Host: Intel(R) Core(TM) i3-1005G1 CPU @ 1.20GHz, 4 cores, 7G,  Windows 11 , 64 bit Build 22621 (10.0.22621.5124)
Time: Tue Apr  8 06:48:05 2025 Central Daylight Time elapsed time: 97.769450 seconds (0d 0h 1m 37s)

---------------  T H R E A D  ---------------

Current thread (0x00000200e331d840):  JavaThread "C2 CompilerThread0" daemon [_thread_in_native, id=8932, stack(0x000000c4c3100000,0x000000c4c3200000)]


Current CompileTask:
C2:  97769 15124       4       org.objectweb.asm.ClassReader::readCode (5117 bytes)

Stack: [0x000000c4c3100000,0x000000c4c3200000]
Native frames: (J=compiled Java code, j=interpreted, Vv=VM code, C=native code)
V  [jvm.dll+0x682eb9]
V  [jvm.dll+0x8399c8]
V  [jvm.dll+0x83b473]
V  [jvm.dll+0x83bae3]
V  [jvm.dll+0x24715f]
V  [jvm.dll+0xace44]
V  [jvm.dll+0xad4dc]
V  [jvm.dll+0x56a491]
V  [jvm.dll+0x32fd87]
V  [jvm.dll+0x32f1da]
V  [jvm.dll+0x21814f]
V  [jvm.dll+0x21758f]
V  [jvm.dll+0x1a3150]
V  [jvm.dll+0x22799c]
V  [jvm.dll+0x225afb]
V  [jvm.dll+0x7ef128]
V  [jvm.dll+0x7e948c]
V  [jvm.dll+0x681d97]
C  [ucrtbase.dll+0x29333]
C  [KERNEL32.DLL+0x1259d]
C  [ntdll.dll+0x5af38]


---------------  P R O C E S S  ---------------

Threads class SMR info:
_java_thread_list=0x0000020088c51840, length=90, elements={
0x00000200c570e2a0, 0x00000200e32ef510, 0x00000200e32f00d0, 0x00000200e330a440,
0x00000200e330c010, 0x00000200e33109f0, 0x00000200e33113b0, 0x00000200e331d840,
0x00000200e333e160, 0x00000200e3348340, 0x00000200e32dc8d0, 0x00000200e35ef9b0,
0x0000020085276010, 0x0000020084c2bc30, 0x000002008494e8f0, 0x000002008468c660,
0x00000200846d5670, 0x00000200852e19b0, 0x00000200852e3300, 0x00000200852e0a80,
0x00000200852e14a0, 0x00000200852e23d0, 0x00000200852e1ec0, 0x00000200852e28e0,
0x00000200852e2df0, 0x0000020085a55610, 0x0000020085a53cc0, 0x0000020085a4faf0,
0x0000020085a51440, 0x0000020085a546e0, 0x00000200868e1740, 0x00000200868dd060,
0x00000200868df8e0, 0x00000200868e0810, 0x00000200868e3090, 0x00000200868e0300,
0x00000200868e35a0, 0x00000200868e49e0, 0x0000020086f573d0, 0x0000020086f55570,
0x0000020086f55a80, 0x0000020086f58d20, 0x0000020086f59230, 0x0000020086f5ab80,
0x0000020086f564a0, 0x0000020086f55f90, 0x0000020086f59740, 0x0000020086f57df0,
0x0000020086f578e0, 0x0000020086f569b0, 0x0000020086f5bfc0, 0x0000020086f58300,
0x0000020086f5b5a0, 0x0000020086f59c50, 0x0000020086f5bab0, 0x0000020086f5b090,
0x0000020086f5c4d0, 0x0000020086f56ec0, 0x0000020086f55060, 0x0000020085a541d0,
0x0000020085a55b20, 0x0000020085a50510, 0x0000020085a56f60, 0x0000020085a52370,
0x0000020085a54bf0, 0x0000020085a532a0, 0x0000020085a56540, 0x0000020085a537b0,
0x0000020085a56030, 0x0000020085a50f30, 0x0000020085a52880, 0x00000200868e3ab0,
0x00000200868e2160, 0x00000200868e2670, 0x00000200868e3fc0, 0x00000200868deec0,
0x00000200868e44d0, 0x00000200868de9b0, 0x00000200868dfdf0, 0x00000200868ddf90,
0x00000200852e3810, 0x00000200852e0570, 0x00000200852e0f90, 0x00000200ff171600,
0x00000200ff173460, 0x00000200ff172a40, 0x0000020087fa3a60, 0x00000200ff1701c0,
0x00000200ff16e360, 0x00000200ff1748a0
}

Java Threads: ( => current thread )
  0x00000200c570e2a0 JavaThread "main" [_thread_blocked, id=1724, stack(0x000000c4c2400000,0x000000c4c2500000)]
  0x00000200e32ef510 JavaThread "Reference Handler" daemon [_thread_blocked, id=17412, stack(0x000000c4c2b00000,0x000000c4c2c00000)]
  0x00000200e32f00d0 JavaThread "Finalizer" daemon [_thread_blocked, id=8240, stack(0x000000c4c2c00000,0x000000c4c2d00000)]
  0x00000200e330a440 JavaThread "Signal Dispatcher" daemon [_thread_blocked, id=4608, stack(0x000000c4c2d00000,0x000000c4c2e00000)]
  0x00000200e330c010 JavaThread "Attach Listener" daemon [_thread_blocked, id=7860, stack(0x000000c4c2e00000,0x000000c4c2f00000)]
  0x00000200e33109f0 JavaThread "Service Thread" daemon [_thread_blocked, id=17436, stack(0x000000c4c2f00000,0x000000c4c3000000)]
  0x00000200e33113b0 JavaThread "Monitor Deflation Thread" daemon [_thread_blocked, id=908, stack(0x000000c4c3000000,0x000000c4c3100000)]
=>0x00000200e331d840 JavaThread "C2 CompilerThread0" daemon [_thread_in_native, id=8932, stack(0x000000c4c3100000,0x000000c4c3200000)]
  0x00000200e333e160 JavaThread "C1 CompilerThread0" daemon [_thread_blocked, id=16812, stack(0x000000c4c3200000,0x000000c4c3300000)]
  0x00000200e3348340 JavaThread "Sweeper thread" daemon [_thread_blocked, id=12436, stack(0x000000c4c3300000,0x000000c4c3400000)]
  0x00000200e32dc8d0 JavaThread "Common-Cleaner" daemon [_thread_blocked, id=12192, stack(0x000000c4c3400000,0x000000c4c3500000)]
  0x00000200e35ef9b0 JavaThread "Notification Thread" daemon [_thread_blocked, id=9876, stack(0x000000c4c3500000,0x000000c4c3600000)]
  0x0000020085276010 JavaThread "Daemon health stats" [_thread_blocked, id=16136, stack(0x000000c4c3b00000,0x000000c4c3c00000)]
  0x0000020084c2bc30 JavaThread "Incoming local TCP Connector on port 51108" [_thread_in_native, id=7620, stack(0x000000c4c3700000,0x000000c4c3800000)]
  0x000002008494e8f0 JavaThread "Daemon periodic checks" [_thread_blocked, id=18860, stack(0x000000c4c3c00000,0x000000c4c3d00000)]
  0x000002008468c660 JavaThread "Daemon" [_thread_blocked, id=2964, stack(0x000000c4c3d00000,0x000000c4c3e00000)]
  0x00000200846d5670 JavaThread "Daemon worker" [_thread_blocked, id=2172, stack(0x000000c4c4000000,0x000000c4c4100000)]
  0x00000200852e19b0 JavaThread "Cache worker for journal cache (C:\Users\retti\.gradle\caches\journal-1)" [_thread_blocked, id=17568, stack(0x000000c4c4400000,0x000000c4c4500000)]
  0x00000200852e3300 JavaThread "File lock request listener" [_thread_in_native, id=15296, stack(0x000000c4c4500000,0x000000c4c4600000)]
  0x00000200852e0a80 JavaThread "Cache worker for file hash cache (C:\Users\retti\.gradle\caches\8.3\fileHashes)" [_thread_blocked, id=4040, stack(0x000000c4c4700000,0x000000c4c4800000)]
  0x00000200852e14a0 JavaThread "File watcher server" daemon [_thread_in_native, id=13832, stack(0x000000c4c4600000,0x000000c4c4700000)]
  0x00000200852e23d0 JavaThread "File watcher consumer" daemon [_thread_blocked, id=10680, stack(0x000000c4c4800000,0x000000c4c4900000)]
  0x00000200852e1ec0 JavaThread "jar transforms" [_thread_blocked, id=14404, stack(0x000000c4c4a00000,0x000000c4c4b00000)]
  0x00000200852e28e0 JavaThread "jar transforms Thread 2" [_thread_in_native, id=18772, stack(0x000000c4c4b00000,0x000000c4c4c00000)]
  0x00000200852e2df0 JavaThread "jar transforms Thread 3" [_thread_blocked, id=16132, stack(0x000000c4c4c00000,0x000000c4c4d00000)]
  0x0000020085a55610 JavaThread "Cache worker for file content cache (C:\Users\retti\.gradle\caches\8.3\fileContent)" [_thread_blocked, id=11140, stack(0x000000c4c5100000,0x000000c4c5200000)]
  0x0000020085a53cc0 JavaThread "Cache worker for execution history cache (C:\Users\retti\.gradle\caches\8.3\executionHistory)" [_thread_blocked, id=8208, stack(0x000000c4c5300000,0x000000c4c5400000)]
  0x0000020085a4faf0 JavaThread "jar transforms Thread 4" [_thread_blocked, id=5328, stack(0x000000c4c4900000,0x000000c4c4a00000)]
  0x0000020085a51440 JavaThread "Cache worker for kotlin-dsl (C:\Users\retti\.gradle\caches\8.3\kotlin-dsl)" [_thread_blocked, id=8908, stack(0x000000c4c5400000,0x000000c4c5500000)]
  0x0000020085a546e0 JavaThread "Memory manager" [_thread_blocked, id=14324, stack(0x000000c4c5e00000,0x000000c4c5f00000)]
  0x00000200868e1740 JavaThread "ForkJoinPool.commonPool-worker-1" daemon [_thread_blocked, id=11792, stack(0x000000c4c6500000,0x000000c4c6600000)]
  0x00000200868dd060 JavaThread "ForkJoinPool.commonPool-worker-2" daemon [_thread_blocked, id=8056, stack(0x000000c4c6600000,0x000000c4c6700000)]
  0x00000200868df8e0 JavaThread "ForkJoinPool.commonPool-worker-3" daemon [_thread_blocked, id=8280, stack(0x000000c4c6700000,0x000000c4c6800000)]
  0x00000200868e0810 JavaThread "Exec process" daemon [_thread_blocked, id=8688, stack(0x000000c4c6800000,0x000000c4c6900000)]
  0x00000200868e3090 JavaThread "Exec process Thread 2" daemon [_thread_blocked, id=16788, stack(0x000000c4c6900000,0x000000c4c6a00000)]
  0x00000200868e0300 JavaThread "Exec process Thread 3" daemon [_thread_blocked, id=19072, stack(0x000000c4c6a00000,0x000000c4c6b00000)]
  0x00000200868e35a0 JavaThread "included builds" [_thread_blocked, id=8704, stack(0x000000c4c5f00000,0x000000c4c6000000)]
  0x00000200868e49e0 JavaThread "included builds Thread 2" [_thread_blocked, id=9296, stack(0x000000c4c6b00000,0x000000c4c6c00000)]
  0x0000020086f573d0 JavaThread "Handler for socket connection from /127.0.0.1:51108 to /127.0.0.1:51203" [_thread_in_native, id=12932, stack(0x000000c4c2200000,0x000000c4c2300000)]
  0x0000020086f55570 JavaThread "Cancel handler" [_thread_blocked, id=5684, stack(0x000000c4c2100000,0x000000c4c2200000)]
  0x0000020086f55a80 JavaThread "Asynchronous log dispatcher for DefaultDaemonConnection: socket connection from /127.0.0.1:51108 to /127.0.0.1:51203" [_thread_blocked, id=13944, stack(0x000000c4c2300000,0x000000c4c2400000)]
  0x0000020086f58d20 JavaThread "Stdin handler" [_thread_blocked, id=17316, stack(0x000000c4c3e00000,0x000000c4c3f00000)]
  0x0000020086f59230 JavaThread "Daemon client event forwarder" [_thread_blocked, id=1824, stack(0x000000c4c3f00000,0x000000c4c4000000)]
  0x0000020086f5ab80 JavaThread "Cache worker for checksums cache (C:\Users\retti\OneDrive\Desktop\health-Coach\coaching-app\android\.gradle\8.3\checksums)" [_thread_blocked, id=19316, stack(0x000000c4c4100000,0x000000c4c4200000)]
  0x0000020086f564a0 JavaThread "Cache worker for file hash cache (C:\Users\retti\OneDrive\Desktop\health-Coach\coaching-app\android\.gradle\8.3\fileHashes)" [_thread_blocked, id=3312, stack(0x000000c4c4200000,0x000000c4c4300000)]
  0x0000020086f55f90 JavaThread "Cache worker for cache directory md-supplier (C:\Users\retti\.gradle\caches\8.3\md-supplier)" [_thread_blocked, id=13452, stack(0x000000c4c4300000,0x000000c4c4400000)]
  0x0000020086f59740 JavaThread "Cache worker for cache directory md-rule (C:\Users\retti\.gradle\caches\8.3\md-rule)" [_thread_blocked, id=15544, stack(0x000000c4c4e00000,0x000000c4c4f00000)]
  0x0000020086f57df0 JavaThread "Unconstrained build operations" [_thread_blocked, id=18140, stack(0x000000c4c4f00000,0x000000c4c5000000)]
  0x0000020086f578e0 JavaThread "Unconstrained build operations Thread 2" [_thread_blocked, id=15368, stack(0x000000c4c5000000,0x000000c4c5100000)]
  0x0000020086f569b0 JavaThread "Cache worker for dependencies-accessors (C:\Users\retti\OneDrive\Desktop\health-Coach\coaching-app\android\.gradle\8.3\dependencies-accessors)" [_thread_blocked, id=11308, stack(0x000000c4c5500000,0x000000c4c5600000)]
  0x0000020086f5bfc0 JavaThread "Cache worker for Build Output Cleanup Cache (C:\Users\retti\OneDrive\Desktop\health-Coach\coaching-app\node_modules\expo-dev-launcher\expo-dev-launcher-gradle-plugin\.gradle\buildOutputCleanup)" [_thread_blocked, id=4740, stack(0x000000c4c5600000,0x000000c4c5700000)]
  0x0000020086f58300 JavaThread "Unconstrained build operations Thread 3" [_thread_blocked, id=1884, stack(0x000000c4c5700000,0x000000c4c5800000)]
  0x0000020086f5b5a0 JavaThread "Unconstrained build operations Thread 4" [_thread_blocked, id=13260, stack(0x000000c4c5800000,0x000000c4c5900000)]
  0x0000020086f59c50 JavaThread "Unconstrained build operations Thread 5" [_thread_blocked, id=7776, stack(0x000000c4c5a00000,0x000000c4c5b00000)]
  0x0000020086f5bab0 JavaThread "Cache worker for Build Output Cleanup Cache (C:\Users\retti\OneDrive\Desktop\health-Coach\coaching-app\node_modules\@react-native\gradle-plugin\.gradle\buildOutputCleanup)" [_thread_blocked, id=13840, stack(0x000000c4c5b00000,0x000000c4c5c00000)]
  0x0000020086f5b090 JavaThread "Unconstrained build operations Thread 6" [_thread_blocked, id=6816, stack(0x000000c4c5c00000,0x000000c4c5d00000)]
  0x0000020086f5c4d0 JavaThread "Unconstrained build operations Thread 7" [_thread_blocked, id=15148, stack(0x000000c4c6000000,0x000000c4c6100000)]
  0x0000020086f56ec0 JavaThread "Unconstrained build operations Thread 8" [_thread_blocked, id=7760, stack(0x000000c4c6100000,0x000000c4c6200000)]
  0x0000020086f55060 JavaThread "Cache worker for Build Output Cleanup Cache (C:\Users\retti\OneDrive\Desktop\health-Coach\coaching-app\android\.gradle\buildOutputCleanup)" [_thread_blocked, id=16740, stack(0x000000c4c6200000,0x000000c4c6300000)]
  0x0000020085a541d0 JavaThread "included builds" [_thread_blocked, id=8012, stack(0x000000c4c6300000,0x000000c4c6400000)]
  0x0000020085a55b20 JavaThread "included builds Thread 2" [_thread_blocked, id=12560, stack(0x000000c4c6400000,0x000000c4c6500000)]
  0x0000020085a50510 JavaThread "Execution worker" [_thread_blocked, id=15660, stack(0x000000c4c6c00000,0x000000c4c6d00000)]
  0x0000020085a56f60 JavaThread "Execution worker Thread 2" [_thread_blocked, id=15268, stack(0x000000c4c6d00000,0x000000c4c6e00000)]
  0x0000020085a52370 JavaThread "Execution worker Thread 3" [_thread_blocked, id=8948, stack(0x000000c4c6e00000,0x000000c4c6f00000)]
  0x0000020085a54bf0 JavaThread "Cache worker for execution history cache (C:\Users\retti\OneDrive\Desktop\health-Coach\coaching-app\node_modules\expo-dev-launcher\expo-dev-launcher-gradle-plugin\.gradle\8.3\executionHistory)" [_thread_blocked, id=3168, stack(0x000000c4c6f00000,0x000000c4c7000000)]
  0x0000020085a532a0 JavaThread "Cache worker for execution history cache (C:\Users\retti\OneDrive\Desktop\health-Coach\coaching-app\node_modules\@react-native\gradle-plugin\.gradle\8.3\executionHistory)" [_thread_blocked, id=12512, stack(0x000000c4c7000000,0x000000c4c7100000)]
  0x0000020085a56540 JavaThread "Unconstrained build operations Thread 9" [_thread_blocked, id=16848, stack(0x000000c4c7100000,0x000000c4c7200000)]
  0x0000020085a537b0 JavaThread "Unconstrained build operations Thread 10" [_thread_blocked, id=12464, stack(0x000000c4c7200000,0x000000c4c7300000)]
  0x0000020085a56030 JavaThread "Unconstrained build operations Thread 11" [_thread_blocked, id=11064, stack(0x000000c4c7300000,0x000000c4c7400000)]
  0x0000020085a50f30 JavaThread "Unconstrained build operations Thread 12" [_thread_blocked, id=16680, stack(0x000000c4c7400000,0x000000c4c7500000)]
  0x0000020085a52880 JavaThread "Unconstrained build operations Thread 13" [_thread_blocked, id=15384, stack(0x000000c4c7500000,0x000000c4c7600000)]
  0x00000200868e3ab0 JavaThread "Unconstrained build operations Thread 14" [_thread_blocked, id=18164, stack(0x000000c4c7600000,0x000000c4c7700000)]
  0x00000200868e2160 JavaThread "Unconstrained build operations Thread 15" [_thread_blocked, id=7492, stack(0x000000c4c7700000,0x000000c4c7800000)]
  0x00000200868e2670 JavaThread "Unconstrained build operations Thread 16" [_thread_blocked, id=18160, stack(0x000000c4c7800000,0x000000c4c7900000)]
  0x00000200868e3fc0 JavaThread "Unconstrained build operations Thread 17" [_thread_blocked, id=4100, stack(0x000000c4c7900000,0x000000c4c7a00000)]
  0x00000200868deec0 JavaThread "Unconstrained build operations Thread 18" [_thread_blocked, id=1264, stack(0x000000c4c7a00000,0x000000c4c7b00000)]
  0x00000200868e44d0 JavaThread "Unconstrained build operations Thread 19" [_thread_blocked, id=10356, stack(0x000000c4c7b00000,0x000000c4c7c00000)]
  0x00000200868de9b0 JavaThread "Unconstrained build operations Thread 20" [_thread_blocked, id=11296, stack(0x000000c4c7c00000,0x000000c4c7d00000)]
  0x00000200868dfdf0 JavaThread "Unconstrained build operations Thread 21" [_thread_blocked, id=2216, stack(0x000000c4c7d00000,0x000000c4c7e00000)]
  0x00000200868ddf90 JavaThread "WorkerExecutor Queue" [_thread_blocked, id=18020, stack(0x000000c4c7e00000,0x000000c4c7f00000)]
  0x00000200852e3810 JavaThread "RMI Scheduler(0)" daemon [_thread_blocked, id=19332, stack(0x000000c4c5200000,0x000000c4c5300000)]
  0x00000200852e0570 JavaThread "RMI RenewClean-[127.0.0.1:17306,org.jetbrains.kotlin.daemon.common.LoopbackNetworkInterface$ClientLoopbackSocketFactory@3e0c46aa]" daemon [_thread_blocked, id=1544, stack(0x000000c4c7f00000,0x000000c4c8000000)]
  0x00000200852e0f90 JavaThread "RMI GC Daemon" daemon [_thread_blocked, id=17200, stack(0x000000c4c8000000,0x000000c4c8100000)]
  0x00000200ff171600 JavaThread "RMI TCP Accept-0" daemon [_thread_in_native, id=12492, stack(0x000000c4c8100000,0x000000c4c8200000)]
  0x00000200ff173460 JavaThread "RMI Reaper" [_thread_blocked, id=15996, stack(0x000000c4c8200000,0x000000c4c8300000)]
  0x00000200ff172a40 JavaThread "RMI TCP Connection(1)-127.0.0.1" daemon [_thread_in_native, id=4952, stack(0x000000c4c8300000,0x000000c4c8400000)]
  0x0000020087fa3a60 JavaThread "C2 CompilerThread1" daemon [_thread_blocked, id=16996, stack(0x000000c4c8400000,0x000000c4c8500000)]
  0x00000200ff1701c0 JavaThread "Unconstrained build operations Thread 22" [_thread_blocked, id=8464, stack(0x000000c4c8500000,0x000000c4c8600000)]
  0x00000200ff16e360 JavaThread "Unconstrained build operations Thread 23" [_thread_blocked, id=18800, stack(0x000000c4c8600000,0x000000c4c8700000)]
  0x00000200ff1748a0 JavaThread "Unconstrained build operations Thread 24" [_thread_blocked, id=13812, stack(0x000000c4c8700000,0x000000c4c8800000)]

Other Threads:
  0x00000200e32ec430 VMThread "VM Thread" [stack: 0x000000c4c2a00000,0x000000c4c2b00000] [id=9224]
  0x00000200c570f120 WatcherThread [stack: 0x000000c4c3600000,0x000000c4c3700000] [id=9156]
  0x00000200c576b190 GCTaskThread "GC Thread#0" [stack: 0x000000c4c2500000,0x000000c4c2600000] [id=17588]
  0x00000200e37944b0 GCTaskThread "GC Thread#1" [stack: 0x000000c4c3800000,0x000000c4c3900000] [id=4232]
  0x00000200e3734000 GCTaskThread "GC Thread#2" [stack: 0x000000c4c3900000,0x000000c4c3a00000] [id=11184]
  0x0000020084021430 GCTaskThread "GC Thread#3" [stack: 0x000000c4c3a00000,0x000000c4c3b00000] [id=18080]
  0x00000200c577c0e0 ConcurrentGCThread "G1 Main Marker" [stack: 0x000000c4c2600000,0x000000c4c2700000] [id=16596]
  0x00000200c577cb00 ConcurrentGCThread "G1 Conc#0" [stack: 0x000000c4c2700000,0x000000c4c2800000] [id=2600]
  0x00000200e31aa100 ConcurrentGCThread "G1 Refine#0" [stack: 0x000000c4c2800000,0x000000c4c2900000] [id=16636]
  0x0000020085f09fa0 ConcurrentGCThread "G1 Refine#1" [stack: 0x000000c4c4d00000,0x000000c4c4e00000] [id=1820]
  0x00000200e31aa940 ConcurrentGCThread "G1 Service" [stack: 0x000000c4c2900000,0x000000c4c2a00000] [id=10944]

Threads with active compile tasks:
C2 CompilerThread0    97946 15124       4       org.objectweb.asm.ClassReader::readCode (5117 bytes)

VM state: not at safepoint (normal execution)

VM Mutex/Monitor currently owned by a thread: None

Heap address: 0x0000000080000000, size: 2048 MB, Compressed Oops mode: 32-bit

CDS archive(s) mapped at: [0x00000200e4000000-0x00000200e4bb0000-0x00000200e4bb0000), size 12255232, SharedBaseAddress: 0x00000200e4000000, ArchiveRelocationMode: 1.
Compressed class space mapped at: 0x00000200e5000000-0x00000200ff000000, reserved size: 436207616
Narrow klass base: 0x00000200e4000000, Narrow klass shift: 0, Narrow klass range: 0x100000000

GC Precious Log:
 CPUs: 4 total, 4 available
 Memory: 7987M
 Large Page Support: Disabled
 NUMA Support: Disabled
 Compressed Oops: Enabled (32-bit)
 Heap Region Size: 1M
 Heap Min Capacity: 8M
 Heap Initial Capacity: 126M
 Heap Max Capacity: 2G
 Pre-touch: Disabled
 Parallel Workers: 4
 Concurrent Workers: 1
 Concurrent Refinement Workers: 4
 Periodic GC: Disabled

Heap:
 garbage-first heap   total 193536K, used 148278K [0x0000000080000000, 0x0000000100000000)
  region size 1024K, 44 young (45056K), 5 survivors (5120K)
 Metaspace       used 91076K, committed 92224K, reserved 557056K
  class space    used 12438K, committed 12992K, reserved 425984K

Heap Regions: E=young(eden), S=young(survivor), O=old, HS=humongous(starts), HC=humongous(continues), CS=collection set, F=free, OA=open archive, CA=closed archive, TAMS=top-at-mark-start (previous, next)
|   0|0x0000000080000000, 0x0000000080100000, 0x0000000080100000|100%| O|  |TAMS 0x0000000080100000, 0x0000000080000000| Untracked 
|   1|0x0000000080100000, 0x0000000080200000, 0x0000000080200000|100%| O|  |TAMS 0x0000000080200000, 0x0000000080100000| Untracked 
|   2|0x0000000080200000, 0x0000000080300000, 0x0000000080300000|100%|HS|  |TAMS 0x0000000080300000, 0x0000000080200000| Complete 
|   3|0x0000000080300000, 0x0000000080400000, 0x0000000080400000|100%|HC|  |TAMS 0x0000000080400000, 0x0000000080300000| Complete 
|   4|0x0000000080400000, 0x0000000080500000, 0x0000000080500000|100%|HC|  |TAMS 0x0000000080500000, 0x0000000080400000| Complete 
|   5|0x0000000080500000, 0x0000000080600000, 0x0000000080600000|100%|HC|  |TAMS 0x0000000080600000, 0x0000000080500000| Complete 
|   6|0x0000000080600000, 0x0000000080700000, 0x0000000080700000|100%| O|  |TAMS 0x0000000080700000, 0x0000000080600000| Untracked 
|   7|0x0000000080700000, 0x0000000080800000, 0x0000000080800000|100%| O|  |TAMS 0x0000000080800000, 0x0000000080700000| Untracked 
|   8|0x0000000080800000, 0x0000000080900000, 0x0000000080900000|100%| O|  |TAMS 0x0000000080900000, 0x0000000080800000| Untracked 
|   9|0x0000000080900000, 0x0000000080a00000, 0x0000000080a00000|100%| O|  |TAMS 0x0000000080a00000, 0x0000000080900000| Untracked 
|  10|0x0000000080a00000, 0x0000000080b00000, 0x0000000080b00000|100%| O|  |TAMS 0x0000000080b00000, 0x0000000080a00000| Untracked 
|  11|0x0000000080b00000, 0x0000000080c00000, 0x0000000080c00000|100%| O|  |TAMS 0x0000000080c00000, 0x0000000080b00000| Untracked 
|  12|0x0000000080c00000, 0x0000000080d00000, 0x0000000080d00000|100%| O|  |TAMS 0x0000000080d00000, 0x0000000080c00000| Untracked 
|  13|0x0000000080d00000, 0x0000000080d00000, 0x0000000080e00000|  0%| F|  |TAMS 0x0000000080d00000, 0x0000000080d00000| Untracked 
|  14|0x0000000080e00000, 0x0000000080f00000, 0x0000000080f00000|100%| O|  |TAMS 0x0000000080f00000, 0x0000000080e00000| Untracked 
|  15|0x0000000080f00000, 0x0000000081000000, 0x0000000081000000|100%| O|  |TAMS 0x0000000081000000, 0x0000000080f00000| Untracked 
|  16|0x0000000081000000, 0x0000000081100000, 0x0000000081100000|100%| O|  |TAMS 0x0000000081100000, 0x0000000081000000| Untracked 
|  17|0x0000000081100000, 0x0000000081200000, 0x0000000081200000|100%| O|  |TAMS 0x0000000081200000, 0x0000000081100000| Untracked 
|  18|0x0000000081200000, 0x0000000081300000, 0x0000000081300000|100%| O|  |TAMS 0x0000000081300000, 0x0000000081200000| Untracked 
|  19|0x0000000081300000, 0x0000000081400000, 0x0000000081400000|100%| O|  |TAMS 0x0000000081400000, 0x0000000081300000| Untracked 
|  20|0x0000000081400000, 0x0000000081500000, 0x0000000081500000|100%| O|  |TAMS 0x0000000081500000, 0x0000000081400000| Untracked 
|  21|0x0000000081500000, 0x0000000081600000, 0x0000000081600000|100%| O|  |TAMS 0x0000000081600000, 0x0000000081500000| Untracked 
|  22|0x0000000081600000, 0x0000000081700000, 0x0000000081700000|100%| O|  |TAMS 0x0000000081700000, 0x0000000081600000| Untracked 
|  23|0x0000000081700000, 0x0000000081800000, 0x0000000081800000|100%| O|  |TAMS 0x0000000081800000, 0x0000000081700000| Untracked 
|  24|0x0000000081800000, 0x0000000081900000, 0x0000000081900000|100%| O|  |TAMS 0x0000000081900000, 0x0000000081800000| Untracked 
|  25|0x0000000081900000, 0x0000000081a00000, 0x0000000081a00000|100%| O|  |TAMS 0x0000000081a00000, 0x0000000081900000| Untracked 
|  26|0x0000000081a00000, 0x0000000081b00000, 0x0000000081b00000|100%| O|  |TAMS 0x0000000081b00000, 0x0000000081a00000| Untracked 
|  27|0x0000000081b00000, 0x0000000081c00000, 0x0000000081c00000|100%| O|  |TAMS 0x0000000081c00000, 0x0000000081b00000| Untracked 
|  28|0x0000000081c00000, 0x0000000081d00000, 0x0000000081d00000|100%| O|  |TAMS 0x0000000081d00000, 0x0000000081c00000| Untracked 
|  29|0x0000000081d00000, 0x0000000081e00000, 0x0000000081e00000|100%| O|  |TAMS 0x0000000081e00000, 0x0000000081d00000| Untracked 
|  30|0x0000000081e00000, 0x0000000081f00000, 0x0000000081f00000|100%| O|  |TAMS 0x0000000081f00000, 0x0000000081e00000| Untracked 
|  31|0x0000000081f00000, 0x0000000082000000, 0x0000000082000000|100%| O|  |TAMS 0x0000000082000000, 0x0000000081f00000| Untracked 
|  32|0x0000000082000000, 0x0000000082100000, 0x0000000082100000|100%| O|  |TAMS 0x0000000082100000, 0x0000000082000000| Untracked 
|  33|0x0000000082100000, 0x0000000082200000, 0x0000000082200000|100%| O|  |TAMS 0x0000000082200000, 0x0000000082100000| Untracked 
|  34|0x0000000082200000, 0x0000000082300000, 0x0000000082300000|100%| O|  |TAMS 0x0000000082300000, 0x0000000082200000| Untracked 
|  35|0x0000000082300000, 0x0000000082400000, 0x0000000082400000|100%| O|  |TAMS 0x0000000082400000, 0x0000000082300000| Untracked 
|  36|0x0000000082400000, 0x0000000082500000, 0x0000000082500000|100%| O|  |TAMS 0x0000000082500000, 0x0000000082400000| Untracked 
|  37|0x0000000082500000, 0x0000000082600000, 0x0000000082600000|100%| O|  |TAMS 0x0000000082600000, 0x0000000082500000| Untracked 
|  38|0x0000000082600000, 0x0000000082700000, 0x0000000082700000|100%| O|  |TAMS 0x0000000082700000, 0x0000000082600000| Untracked 
|  39|0x0000000082700000, 0x0000000082800000, 0x0000000082800000|100%| O|  |TAMS 0x0000000082800000, 0x0000000082700000| Untracked 
|  40|0x0000000082800000, 0x0000000082900000, 0x0000000082900000|100%| O|  |TAMS 0x0000000082900000, 0x0000000082800000| Untracked 
|  41|0x0000000082900000, 0x0000000082a00000, 0x0000000082a00000|100%| O|  |TAMS 0x0000000082a00000, 0x0000000082900000| Untracked 
|  42|0x0000000082a00000, 0x0000000082b00000, 0x0000000082b00000|100%| O|  |TAMS 0x0000000082b00000, 0x0000000082a00000| Untracked 
|  43|0x0000000082b00000, 0x0000000082c00000, 0x0000000082c00000|100%| O|  |TAMS 0x0000000082c00000, 0x0000000082b00000| Untracked 
|  44|0x0000000082c00000, 0x0000000082d00000, 0x0000000082d00000|100%| O|  |TAMS 0x0000000082d00000, 0x0000000082c00000| Untracked 
|  45|0x0000000082d00000, 0x0000000082e00000, 0x0000000082e00000|100%| O|  |TAMS 0x0000000082e00000, 0x0000000082d00000| Untracked 
|  46|0x0000000082e00000, 0x0000000082f00000, 0x0000000082f00000|100%| O|  |TAMS 0x0000000082f00000, 0x0000000082e00000| Complete 
|  47|0x0000000082f00000, 0x0000000083000000, 0x0000000083000000|100%|HS|  |TAMS 0x0000000083000000, 0x0000000082f00000| Complete 
|  48|0x0000000083000000, 0x0000000083100000, 0x0000000083100000|100%|HC|  |TAMS 0x0000000083100000, 0x0000000083000000| Complete 
|  49|0x0000000083100000, 0x0000000083200000, 0x0000000083200000|100%|HS|  |TAMS 0x0000000083200000, 0x0000000083100000| Complete 
|  50|0x0000000083200000, 0x0000000083300000, 0x0000000083300000|100%|HC|  |TAMS 0x0000000083300000, 0x0000000083200000| Complete 
|  51|0x0000000083300000, 0x0000000083400000, 0x0000000083400000|100%|HS|  |TAMS 0x0000000083400000, 0x0000000083300000| Complete 
|  52|0x0000000083400000, 0x0000000083500000, 0x0000000083500000|100%|HC|  |TAMS 0x0000000083500000, 0x0000000083400000| Complete 
|  53|0x0000000083500000, 0x0000000083600000, 0x0000000083600000|100%|HC|  |TAMS 0x0000000083600000, 0x0000000083500000| Complete 
|  54|0x0000000083600000, 0x0000000083700000, 0x0000000083700000|100%|HC|  |TAMS 0x0000000083700000, 0x0000000083600000| Complete 
|  55|0x0000000083700000, 0x0000000083800000, 0x0000000083800000|100%| O|  |TAMS 0x0000000083800000, 0x0000000083700000| Complete 
|  56|0x0000000083800000, 0x0000000083900000, 0x0000000083900000|100%| O|  |TAMS 0x0000000083900000, 0x0000000083800000| Untracked 
|  57|0x0000000083900000, 0x0000000083a00000, 0x0000000083a00000|100%| O|  |TAMS 0x0000000083a00000, 0x0000000083900000| Untracked 
|  58|0x0000000083a00000, 0x0000000083b00000, 0x0000000083b00000|100%| O|  |TAMS 0x0000000083b00000, 0x0000000083a00000| Untracked 
|  59|0x0000000083b00000, 0x0000000083c00000, 0x0000000083c00000|100%| O|  |TAMS 0x0000000083c00000, 0x0000000083b00000| Untracked 
|  60|0x0000000083c00000, 0x0000000083d00000, 0x0000000083d00000|100%|HS|  |TAMS 0x0000000083d00000, 0x0000000083c00000| Complete 
|  61|0x0000000083d00000, 0x0000000083e00000, 0x0000000083e00000|100%|HC|  |TAMS 0x0000000083e00000, 0x0000000083d00000| Complete 
|  62|0x0000000083e00000, 0x0000000083f00000, 0x0000000083f00000|100%|HC|  |TAMS 0x0000000083f00000, 0x0000000083e00000| Complete 
|  63|0x0000000083f00000, 0x0000000084000000, 0x0000000084000000|100%|HC|  |TAMS 0x0000000084000000, 0x0000000083f00000| Complete 
|  64|0x0000000084000000, 0x0000000084100000, 0x0000000084100000|100%| O|  |TAMS 0x0000000084100000, 0x0000000084000000| Untracked 
|  65|0x0000000084100000, 0x0000000084200000, 0x0000000084200000|100%| O|  |TAMS 0x0000000084200000, 0x0000000084100000| Untracked 
|  66|0x0000000084200000, 0x0000000084300000, 0x0000000084300000|100%| O|  |TAMS 0x0000000084300000, 0x0000000084200000| Untracked 
|  67|0x0000000084300000, 0x0000000084400000, 0x0000000084400000|100%| O|  |TAMS 0x0000000084400000, 0x0000000084300000| Untracked 
|  68|0x0000000084400000, 0x0000000084500000, 0x0000000084500000|100%|HS|  |TAMS 0x0000000084500000, 0x0000000084400000| Complete 
|  69|0x0000000084500000, 0x0000000084600000, 0x0000000084600000|100%|HC|  |TAMS 0x0000000084600000, 0x0000000084500000| Complete 
|  70|0x0000000084600000, 0x0000000084700000, 0x0000000084700000|100%|HS|  |TAMS 0x0000000084700000, 0x0000000084600000| Complete 
|  71|0x0000000084700000, 0x0000000084800000, 0x0000000084800000|100%|HC|  |TAMS 0x0000000084800000, 0x0000000084700000| Complete 
|  72|0x0000000084800000, 0x0000000084900000, 0x0000000084900000|100%| O|  |TAMS 0x0000000084900000, 0x0000000084800000| Untracked 
|  73|0x0000000084900000, 0x0000000084a00000, 0x0000000084a00000|100%| O|  |TAMS 0x0000000084a00000, 0x0000000084900000| Untracked 
|  74|0x0000000084a00000, 0x0000000084b00000, 0x0000000084b00000|100%|HS|  |TAMS 0x0000000084b00000, 0x0000000084a00000| Complete 
|  75|0x0000000084b00000, 0x0000000084c00000, 0x0000000084c00000|100%|HC|  |TAMS 0x0000000084c00000, 0x0000000084b00000| Complete 
|  76|0x0000000084c00000, 0x0000000084d00000, 0x0000000084d00000|100%|HC|  |TAMS 0x0000000084d00000, 0x0000000084c00000| Complete 
|  77|0x0000000084d00000, 0x0000000084e00000, 0x0000000084e00000|100%|HC|  |TAMS 0x0000000084e00000, 0x0000000084d00000| Complete 
|  78|0x0000000084e00000, 0x0000000084f00000, 0x0000000084f00000|100%|HS|  |TAMS 0x0000000084f00000, 0x0000000084e00000| Complete 
|  79|0x0000000084f00000, 0x0000000085000000, 0x0000000085000000|100%|HC|  |TAMS 0x0000000085000000, 0x0000000084f00000| Complete 
|  80|0x0000000085000000, 0x0000000085100000, 0x0000000085100000|100%|HC|  |TAMS 0x0000000085100000, 0x0000000085000000| Complete 
|  81|0x0000000085100000, 0x0000000085200000, 0x0000000085200000|100%|HC|  |TAMS 0x0000000085200000, 0x0000000085100000| Complete 
|  82|0x0000000085200000, 0x0000000085300000, 0x0000000085300000|100%| O|  |TAMS 0x0000000085300000, 0x0000000085200000| Untracked 
|  83|0x0000000085300000, 0x0000000085400000, 0x0000000085400000|100%| O|  |TAMS 0x0000000085400000, 0x0000000085300000| Untracked 
|  84|0x0000000085400000, 0x0000000085500000, 0x0000000085500000|100%| O|  |TAMS 0x0000000085500000, 0x0000000085400000| Untracked 
|  85|0x0000000085500000, 0x0000000085600000, 0x0000000085600000|100%| O|  |TAMS 0x0000000085600000, 0x0000000085500000| Untracked 
|  86|0x0000000085600000, 0x0000000085700000, 0x0000000085700000|100%| O|  |TAMS 0x0000000085700000, 0x0000000085600000| Untracked 
|  87|0x0000000085700000, 0x0000000085800000, 0x0000000085800000|100%| O|  |TAMS 0x0000000085800000, 0x0000000085700000| Untracked 
|  88|0x0000000085800000, 0x0000000085900000, 0x0000000085900000|100%| O|  |TAMS 0x0000000085900000, 0x0000000085800000| Complete 
|  89|0x0000000085900000, 0x0000000085a00000, 0x0000000085a00000|100%| O|  |TAMS 0x0000000085a00000, 0x0000000085900000| Complete 
|  90|0x0000000085a00000, 0x0000000085b00000, 0x0000000085b00000|100%| O|  |TAMS 0x0000000085b00000, 0x0000000085a00000| Untracked 
|  91|0x0000000085b00000, 0x0000000085c00000, 0x0000000085c00000|100%| O|  |TAMS 0x0000000085c00000, 0x0000000085b00000| Untracked 
|  92|0x0000000085c00000, 0x0000000085d00000, 0x0000000085d00000|100%| O|  |TAMS 0x0000000085d00000, 0x0000000085c00000| Untracked 
|  93|0x0000000085d00000, 0x0000000085e00000, 0x0000000085e00000|100%| O|  |TAMS 0x0000000085e00000, 0x0000000085d00000| Untracked 
|  94|0x0000000085e00000, 0x0000000085f00000, 0x0000000085f00000|100%| O|  |TAMS 0x0000000085f00000, 0x0000000085e00000| Untracked 
|  95|0x0000000085f00000, 0x0000000086000000, 0x0000000086000000|100%| O|  |TAMS 0x0000000086000000, 0x0000000085f00000| Untracked 
|  96|0x0000000086000000, 0x0000000086100000, 0x0000000086100000|100%| O|  |TAMS 0x0000000086100000, 0x0000000086000000| Untracked 
|  97|0x0000000086100000, 0x0000000086200000, 0x0000000086200000|100%| O|  |TAMS 0x0000000086200000, 0x0000000086100000| Untracked 
|  98|0x0000000086200000, 0x0000000086300000, 0x0000000086300000|100%| O|  |TAMS 0x0000000086300000, 0x0000000086200000| Untracked 
|  99|0x0000000086300000, 0x0000000086400000, 0x0000000086400000|100%| O|  |TAMS 0x0000000086400000, 0x0000000086300000| Untracked 
| 100|0x0000000086400000, 0x0000000086500000, 0x0000000086500000|100%| O|  |TAMS 0x0000000086500000, 0x0000000086400000| Untracked 
| 101|0x0000000086500000, 0x0000000086600000, 0x0000000086600000|100%| O|  |TAMS 0x0000000086600000, 0x0000000086500000| Untracked 
| 102|0x0000000086600000, 0x0000000086700000, 0x0000000086700000|100%| O|  |TAMS 0x0000000086700000, 0x0000000086600000| Untracked 
| 103|0x0000000086700000, 0x00000000867f6800, 0x0000000086800000| 96%| O|  |TAMS 0x00000000867f6800, 0x0000000086700000| Untracked 
| 104|0x0000000086800000, 0x0000000086800000, 0x0000000086900000|  0%| F|  |TAMS 0x0000000086800000, 0x0000000086800000| Untracked 
| 105|0x0000000086900000, 0x0000000086900000, 0x0000000086a00000|  0%| F|  |TAMS 0x0000000086900000, 0x0000000086900000| Untracked 
| 106|0x0000000086a00000, 0x0000000086a00000, 0x0000000086b00000|  0%| F|  |TAMS 0x0000000086a00000, 0x0000000086a00000| Untracked 
| 107|0x0000000086b00000, 0x0000000086b00000, 0x0000000086c00000|  0%| F|  |TAMS 0x0000000086b00000, 0x0000000086b00000| Untracked 
| 108|0x0000000086c00000, 0x0000000086c00000, 0x0000000086d00000|  0%| F|  |TAMS 0x0000000086c00000, 0x0000000086c00000| Untracked 
| 109|0x0000000086d00000, 0x0000000086d00000, 0x0000000086e00000|  0%| F|  |TAMS 0x0000000086d00000, 0x0000000086d00000| Untracked 
| 110|0x0000000086e00000, 0x0000000086e00000, 0x0000000086f00000|  0%| F|  |TAMS 0x0000000086e00000, 0x0000000086e00000| Untracked 
| 111|0x0000000086f00000, 0x0000000086f00000, 0x0000000087000000|  0%| F|  |TAMS 0x0000000086f00000, 0x0000000086f00000| Untracked 
| 112|0x0000000087000000, 0x0000000087000000, 0x0000000087100000|  0%| F|  |TAMS 0x0000000087000000, 0x0000000087000000| Untracked 
| 113|0x0000000087100000, 0x0000000087100000, 0x0000000087200000|  0%| F|  |TAMS 0x0000000087100000, 0x0000000087100000| Untracked 
| 114|0x0000000087200000, 0x0000000087200000, 0x0000000087300000|  0%| F|  |TAMS 0x0000000087200000, 0x0000000087200000| Untracked 
| 115|0x0000000087300000, 0x0000000087300000, 0x0000000087400000|  0%| F|  |TAMS 0x0000000087300000, 0x0000000087300000| Untracked 
| 116|0x0000000087400000, 0x0000000087400000, 0x0000000087500000|  0%| F|  |TAMS 0x0000000087400000, 0x0000000087400000| Untracked 
| 117|0x0000000087500000, 0x0000000087500000, 0x0000000087600000|  0%| F|  |TAMS 0x0000000087500000, 0x0000000087500000| Untracked 
| 118|0x0000000087600000, 0x0000000087600000, 0x0000000087700000|  0%| F|  |TAMS 0x0000000087600000, 0x0000000087600000| Untracked 
| 119|0x0000000087700000, 0x0000000087700000, 0x0000000087800000|  0%| F|  |TAMS 0x0000000087700000, 0x0000000087700000| Untracked 
| 120|0x0000000087800000, 0x0000000087800000, 0x0000000087900000|  0%| F|  |TAMS 0x0000000087800000, 0x0000000087800000| Untracked 
| 121|0x0000000087900000, 0x0000000087900000, 0x0000000087a00000|  0%| F|  |TAMS 0x0000000087900000, 0x0000000087900000| Untracked 
| 122|0x0000000087a00000, 0x0000000087a00000, 0x0000000087b00000|  0%| F|  |TAMS 0x0000000087a00000, 0x0000000087a00000| Untracked 
| 123|0x0000000087b00000, 0x0000000087b00000, 0x0000000087c00000|  0%| F|  |TAMS 0x0000000087b00000, 0x0000000087b00000| Untracked 
| 124|0x0000000087c00000, 0x0000000087c00000, 0x0000000087d00000|  0%| F|  |TAMS 0x0000000087c00000, 0x0000000087c00000| Untracked 
| 125|0x0000000087d00000, 0x0000000087d00000, 0x0000000087e00000|  0%| F|  |TAMS 0x0000000087d00000, 0x0000000087d00000| Untracked 
| 126|0x0000000087e00000, 0x0000000087e00000, 0x0000000087f00000|  0%| F|  |TAMS 0x0000000087e00000, 0x0000000087e00000| Untracked 
| 127|0x0000000087f00000, 0x0000000087f00000, 0x0000000088000000|  0%| F|  |TAMS 0x0000000087f00000, 0x0000000087f00000| Untracked 
| 128|0x0000000088000000, 0x0000000088000000, 0x0000000088100000|  0%| F|  |TAMS 0x0000000088000000, 0x0000000088000000| Untracked 
| 129|0x0000000088100000, 0x0000000088100000, 0x0000000088200000|  0%| F|  |TAMS 0x0000000088100000, 0x0000000088100000| Untracked 
| 130|0x0000000088200000, 0x0000000088200000, 0x0000000088300000|  0%| F|  |TAMS 0x0000000088200000, 0x0000000088200000| Untracked 
| 131|0x0000000088300000, 0x0000000088300000, 0x0000000088400000|  0%| F|  |TAMS 0x0000000088300000, 0x0000000088300000| Untracked 
| 132|0x0000000088400000, 0x00000000884d7228, 0x0000000088500000| 84%| S|CS|TAMS 0x0000000088400000, 0x0000000088400000| Complete 
| 133|0x0000000088500000, 0x0000000088600000, 0x0000000088600000|100%| S|CS|TAMS 0x0000000088500000, 0x0000000088500000| Complete 
| 134|0x0000000088600000, 0x0000000088700000, 0x0000000088700000|100%| S|CS|TAMS 0x0000000088600000, 0x0000000088600000| Complete 
| 135|0x0000000088700000, 0x0000000088800000, 0x0000000088800000|100%| S|CS|TAMS 0x0000000088700000, 0x0000000088700000| Complete 
| 136|0x0000000088800000, 0x0000000088900000, 0x0000000088900000|100%| S|CS|TAMS 0x0000000088800000, 0x0000000088800000| Complete 
| 137|0x0000000088900000, 0x0000000088900000, 0x0000000088a00000|  0%| F|  |TAMS 0x0000000088900000, 0x0000000088900000| Untracked 
| 138|0x0000000088a00000, 0x0000000088a00000, 0x0000000088b00000|  0%| F|  |TAMS 0x0000000088a00000, 0x0000000088a00000| Untracked 
| 139|0x0000000088b00000, 0x0000000088b00000, 0x0000000088c00000|  0%| F|  |TAMS 0x0000000088b00000, 0x0000000088b00000| Untracked 
| 140|0x0000000088c00000, 0x0000000088c00000, 0x0000000088d00000|  0%| F|  |TAMS 0x0000000088c00000, 0x0000000088c00000| Untracked 
| 141|0x0000000088d00000, 0x0000000088d00000, 0x0000000088e00000|  0%| F|  |TAMS 0x0000000088d00000, 0x0000000088d00000| Untracked 
| 142|0x0000000088e00000, 0x0000000088e00000, 0x0000000088f00000|  0%| F|  |TAMS 0x0000000088e00000, 0x0000000088e00000| Untracked 
| 143|0x0000000088f00000, 0x0000000088f00000, 0x0000000089000000|  0%| F|  |TAMS 0x0000000088f00000, 0x0000000088f00000| Untracked 
| 144|0x0000000089000000, 0x0000000089000000, 0x0000000089100000|  0%| F|  |TAMS 0x0000000089000000, 0x0000000089000000| Untracked 
| 145|0x0000000089100000, 0x0000000089100000, 0x0000000089200000|  0%| F|  |TAMS 0x0000000089100000, 0x0000000089100000| Untracked 
| 146|0x0000000089200000, 0x0000000089200000, 0x0000000089300000|  0%| F|  |TAMS 0x0000000089200000, 0x0000000089200000| Untracked 
| 147|0x0000000089300000, 0x0000000089300000, 0x0000000089400000|  0%| F|  |TAMS 0x0000000089300000, 0x0000000089300000| Untracked 
| 148|0x0000000089400000, 0x0000000089400000, 0x0000000089500000|  0%| F|  |TAMS 0x0000000089400000, 0x0000000089400000| Untracked 
| 149|0x0000000089500000, 0x0000000089500000, 0x0000000089600000|  0%| F|  |TAMS 0x0000000089500000, 0x0000000089500000| Untracked 
| 150|0x0000000089600000, 0x00000000896f10c0, 0x0000000089700000| 94%| E|  |TAMS 0x0000000089600000, 0x0000000089600000| Complete 
| 151|0x0000000089700000, 0x0000000089800000, 0x0000000089800000|100%| E|CS|TAMS 0x0000000089700000, 0x0000000089700000| Complete 
| 152|0x0000000089800000, 0x0000000089900000, 0x0000000089900000|100%| E|CS|TAMS 0x0000000089800000, 0x0000000089800000| Complete 
| 153|0x0000000089900000, 0x0000000089a00000, 0x0000000089a00000|100%| E|CS|TAMS 0x0000000089900000, 0x0000000089900000| Complete 
| 154|0x0000000089a00000, 0x0000000089b00000, 0x0000000089b00000|100%| E|CS|TAMS 0x0000000089a00000, 0x0000000089a00000| Complete 
| 155|0x0000000089b00000, 0x0000000089c00000, 0x0000000089c00000|100%| E|CS|TAMS 0x0000000089b00000, 0x0000000089b00000| Complete 
| 156|0x0000000089c00000, 0x0000000089d00000, 0x0000000089d00000|100%| E|CS|TAMS 0x0000000089c00000, 0x0000000089c00000| Complete 
| 157|0x0000000089d00000, 0x0000000089e00000, 0x0000000089e00000|100%| E|CS|TAMS 0x0000000089d00000, 0x0000000089d00000| Complete 
| 158|0x0000000089e00000, 0x0000000089f00000, 0x0000000089f00000|100%| E|CS|TAMS 0x0000000089e00000, 0x0000000089e00000| Complete 
| 159|0x0000000089f00000, 0x000000008a000000, 0x000000008a000000|100%| E|CS|TAMS 0x0000000089f00000, 0x0000000089f00000| Complete 
| 160|0x000000008a000000, 0x000000008a100000, 0x000000008a100000|100%| E|CS|TAMS 0x000000008a000000, 0x000000008a000000| Complete 
| 161|0x000000008a100000, 0x000000008a200000, 0x000000008a200000|100%| E|CS|TAMS 0x000000008a100000, 0x000000008a100000| Complete 
| 162|0x000000008a200000, 0x000000008a300000, 0x000000008a300000|100%| E|CS|TAMS 0x000000008a200000, 0x000000008a200000| Complete 
| 163|0x000000008a300000, 0x000000008a400000, 0x000000008a400000|100%| E|CS|TAMS 0x000000008a300000, 0x000000008a300000| Complete 
| 164|0x000000008a400000, 0x000000008a500000, 0x000000008a500000|100%| E|CS|TAMS 0x000000008a400000, 0x000000008a400000| Complete 
| 165|0x000000008a500000, 0x000000008a600000, 0x000000008a600000|100%| E|CS|TAMS 0x000000008a500000, 0x000000008a500000| Complete 
| 166|0x000000008a600000, 0x000000008a700000, 0x000000008a700000|100%| E|CS|TAMS 0x000000008a600000, 0x000000008a600000| Complete 
| 167|0x000000008a700000, 0x000000008a800000, 0x000000008a800000|100%| E|  |TAMS 0x000000008a700000, 0x000000008a700000| Complete 
| 168|0x000000008a800000, 0x000000008a900000, 0x000000008a900000|100%| E|CS|TAMS 0x000000008a800000, 0x000000008a800000| Complete 
| 169|0x000000008a900000, 0x000000008aa00000, 0x000000008aa00000|100%| E|CS|TAMS 0x000000008a900000, 0x000000008a900000| Complete 
| 170|0x000000008aa00000, 0x000000008ab00000, 0x000000008ab00000|100%| E|CS|TAMS 0x000000008aa00000, 0x000000008aa00000| Complete 
| 171|0x000000008ab00000, 0x000000008ac00000, 0x000000008ac00000|100%| E|CS|TAMS 0x000000008ab00000, 0x000000008ab00000| Complete 
| 172|0x000000008ac00000, 0x000000008ad00000, 0x000000008ad00000|100%| E|CS|TAMS 0x000000008ac00000, 0x000000008ac00000| Complete 
| 173|0x000000008ad00000, 0x000000008ae00000, 0x000000008ae00000|100%| E|CS|TAMS 0x000000008ad00000, 0x000000008ad00000| Complete 
| 174|0x000000008ae00000, 0x000000008af00000, 0x000000008af00000|100%| E|CS|TAMS 0x000000008ae00000, 0x000000008ae00000| Complete 
| 175|0x000000008af00000, 0x000000008b000000, 0x000000008b000000|100%| E|CS|TAMS 0x000000008af00000, 0x000000008af00000| Complete 
| 176|0x000000008b000000, 0x000000008b100000, 0x000000008b100000|100%| E|CS|TAMS 0x000000008b000000, 0x000000008b000000| Complete 
| 177|0x000000008b100000, 0x000000008b200000, 0x000000008b200000|100%| E|CS|TAMS 0x000000008b100000, 0x000000008b100000| Complete 
| 178|0x000000008b200000, 0x000000008b300000, 0x000000008b300000|100%| E|CS|TAMS 0x000000008b200000, 0x000000008b200000| Complete 
| 179|0x000000008b300000, 0x000000008b400000, 0x000000008b400000|100%| E|CS|TAMS 0x000000008b300000, 0x000000008b300000| Complete 
| 180|0x000000008b400000, 0x000000008b500000, 0x000000008b500000|100%| E|CS|TAMS 0x000000008b400000, 0x000000008b400000| Complete 
| 181|0x000000008b500000, 0x000000008b600000, 0x000000008b600000|100%| E|CS|TAMS 0x000000008b500000, 0x000000008b500000| Complete 
| 182|0x000000008b600000, 0x000000008b700000, 0x000000008b700000|100%| E|CS|TAMS 0x000000008b600000, 0x000000008b600000| Complete 
| 183|0x000000008b700000, 0x000000008b800000, 0x000000008b800000|100%| E|CS|TAMS 0x000000008b700000, 0x000000008b700000| Complete 
| 184|0x000000008b800000, 0x000000008b900000, 0x000000008b900000|100%| E|CS|TAMS 0x000000008b800000, 0x000000008b800000| Complete 
| 185|0x000000008b900000, 0x000000008ba00000, 0x000000008ba00000|100%| E|CS|TAMS 0x000000008b900000, 0x000000008b900000| Complete 
| 186|0x000000008ba00000, 0x000000008bb00000, 0x000000008bb00000|100%| E|CS|TAMS 0x000000008ba00000, 0x000000008ba00000| Complete 
| 187|0x000000008bb00000, 0x000000008bc00000, 0x000000008bc00000|100%| E|CS|TAMS 0x000000008bb00000, 0x000000008bb00000| Complete 
| 188|0x000000008bc00000, 0x000000008bd00000, 0x000000008bd00000|100%| E|CS|TAMS 0x000000008bc00000, 0x000000008bc00000| Complete 

Card table byte_map: [0x00000200dc640000,0x00000200dca40000] _byte_map_base: 0x00000200dc240000

Marking Bits (Prev, Next): (CMBitMap*) 0x00000200c576b7b0, (CMBitMap*) 0x00000200c576b7f0
 Prev Bits: [0x00000200dce40000, 0x00000200dee40000)
 Next Bits: [0x00000200dee40000, 0x00000200e0e40000)

Polling page: 0x00000200c4ec0000

Metaspace:

Usage:
  Non-class:     76.79 MB used.
      Class:     12.15 MB used.
       Both:     88.94 MB used.

Virtual space:
  Non-class space:      128.00 MB reserved,      77.38 MB ( 60%) committed,  2 nodes.
      Class space:      416.00 MB reserved,      12.69 MB (  3%) committed,  1 nodes.
             Both:      544.00 MB reserved,      90.06 MB ( 17%) committed. 

Chunk freelists:
   Non-Class:  1.76 MB
       Class:  3.21 MB
        Both:  4.98 MB

MaxMetaspaceSize: 512.00 MB
CompressedClassSpaceSize: 416.00 MB
Initial GC threshold: 21.00 MB
Current GC threshold: 147.94 MB
CDS: on
MetaspaceReclaimPolicy: balanced
 - commit_granule_bytes: 65536.
 - commit_granule_words: 8192.
 - virtual_space_node_default_size: 8388608.
 - enlarge_chunks_in_place: 1.
 - new_chunks_are_fully_committed: 0.
 - uncommit_free_chunks: 1.
 - use_allocation_guard: 0.
 - handle_deallocations: 1.


Internal statistics:

num_allocs_failed_limit: 6.
num_arena_births: 1628.
num_arena_deaths: 4.
num_vsnodes_births: 3.
num_vsnodes_deaths: 0.
num_space_committed: 1441.
num_space_uncommitted: 0.
num_chunks_returned_to_freelist: 11.
num_chunks_taken_from_freelist: 5784.
num_chunk_merges: 0.
num_chunk_splits: 3598.
num_chunks_enlarged: 2091.
num_inconsistent_stats: 0.

CodeHeap 'non-profiled nmethods': size=120000Kb used=8145Kb max_used=8145Kb free=111854Kb
 bounds [0x00000200d4d10000, 0x00000200d5510000, 0x00000200dc240000]
CodeHeap 'profiled nmethods': size=120000Kb used=27175Kb max_used=27797Kb free=92824Kb
 bounds [0x00000200cd240000, 0x00000200ced90000, 0x00000200d4770000]
CodeHeap 'non-nmethods': size=5760Kb used=2434Kb max_used=2488Kb free=3325Kb
 bounds [0x00000200d4770000, 0x00000200d49e0000, 0x00000200d4d10000]
 total_blobs=13833 nmethods=12877 adapters=867
 compilation: enabled
              stopped_count=0, restarted_count=0
 full_count=0

Compilation events (20 events):
Event: 97.738 Thread 0x0000020087fa3a60 nmethod 15211 0x00000200d52f9490 code [0x00000200d52f9620, 0x00000200d52f9758]
Event: 97.741 Thread 0x00000200e333e160 15216       3       org.gradle.internal.resource.UriTextResource::getLocation (10 bytes)
Event: 97.741 Thread 0x00000200e333e160 nmethod 15216 0x00000200ce162c10 code [0x00000200ce162dc0, 0x00000200ce163098]
Event: 97.741 Thread 0x00000200e333e160 15217       3       org.gradle.internal.resource.UriTextResource$UriResourceLocation::<init> (6 bytes)
Event: 97.741 Thread 0x0000020087fa3a60 15218       4       java.nio.CharBuffer::<init> (24 bytes)
Event: 97.741 Thread 0x00000200e333e160 nmethod 15217 0x00000200ce162510 code [0x00000200ce1626c0, 0x00000200ce1628d8]
Event: 97.745 Thread 0x0000020087fa3a60 nmethod 15218 0x00000200d53eaf10 code [0x00000200d53eb0a0, 0x00000200d53eb458]
Event: 97.745 Thread 0x00000200e333e160 15219       1       java.nio.channels.FileLock::acquiredBy (5 bytes)
Event: 97.746 Thread 0x00000200e333e160 nmethod 15219 0x00000200d53ea810 code [0x00000200d53ea9a0, 0x00000200d53eaa78]
Event: 97.750 Thread 0x0000020087fa3a60 15221       4       org.codehaus.groovy.reflection.CachedClass$3$$Lambda$474/0x00000200e54566d0::test (8 bytes)
Event: 97.752 Thread 0x0000020087fa3a60 nmethod 15221 0x00000200d53ea310 code [0x00000200d53ea4a0, 0x00000200d53ea678]
Event: 97.752 Thread 0x0000020087fa3a60 15222       4       org.codehaus.groovy.reflection.CachedClass$3$$Lambda$475/0x00000200e5456918::test (8 bytes)
Event: 97.754 Thread 0x00000200e333e160 15225       3       org.codehaus.groovy.reflection.ClassInfo::replaceWeakMetaClassRef (19 bytes)
Event: 97.754 Thread 0x00000200e333e160 nmethod 15225 0x00000200ce28b910 code [0x00000200ce28bae0, 0x00000200ce28be98]
Event: 97.757 Thread 0x00000200e333e160 15226       3       java.io.FilterInputStream::close (8 bytes)
Event: 97.757 Thread 0x00000200e333e160 nmethod 15226 0x00000200ce28b210 code [0x00000200ce28b3c0, 0x00000200ce28b588]
Event: 97.763 Thread 0x00000200e333e160 15227       3       org.gradle.api.internal.project.DefaultProject_Decorated::getProjectConfigurator (32 bytes)
Event: 97.763 Thread 0x00000200e333e160 nmethod 15227 0x00000200ce777910 code [0x00000200ce777ac0, 0x00000200ce777ee8]
Event: 97.764 Thread 0x00000200e333e160 15228       3       org.gradle.internal.operations.BuildOperationDescriptor::displayName (10 bytes)
Event: 97.764 Thread 0x00000200e333e160 nmethod 15228 0x00000200ce777210 code [0x00000200ce7773c0, 0x00000200ce777758]

GC Heap History (20 events):
Event: 40.019 GC heap before
{Heap before GC invocations=34 (full 0):
 garbage-first heap   total 137216K, used 92302K [0x0000000080000000, 0x0000000100000000)
  region size 1024K, 20 young (20480K), 4 survivors (4096K)
 Metaspace       used 75182K, committed 76160K, reserved 491520K
  class space    used 10292K, committed 10752K, reserved 425984K
}
Event: 40.025 GC heap after
{Heap after GC invocations=35 (full 0):
 garbage-first heap   total 137216K, used 77325K [0x0000000080000000, 0x0000000100000000)
  region size 1024K, 3 young (3072K), 3 survivors (3072K)
 Metaspace       used 75182K, committed 76160K, reserved 491520K
  class space    used 10292K, committed 10752K, reserved 425984K
}
Event: 40.606 GC heap before
{Heap before GC invocations=36 (full 0):
 garbage-first heap   total 153600K, used 118285K [0x0000000080000000, 0x0000000100000000)
  region size 1024K, 35 young (35840K), 3 survivors (3072K)
 Metaspace       used 76821K, committed 77760K, reserved 557056K
  class space    used 10489K, committed 10944K, reserved 425984K
}
Event: 40.610 GC heap after
{Heap after GC invocations=37 (full 0):
 garbage-first heap   total 153600K, used 87768K [0x0000000080000000, 0x0000000100000000)
  region size 1024K, 5 young (5120K), 5 survivors (5120K)
 Metaspace       used 76821K, committed 77760K, reserved 557056K
  class space    used 10489K, committed 10944K, reserved 425984K
}
Event: 42.465 GC heap before
{Heap before GC invocations=37 (full 0):
 garbage-first heap   total 153600K, used 122584K [0x0000000080000000, 0x0000000100000000)
  region size 1024K, 39 young (39936K), 5 survivors (5120K)
 Metaspace       used 78851K, committed 79872K, reserved 557056K
  class space    used 10827K, committed 11328K, reserved 425984K
}
Event: 42.476 GC heap after
{Heap after GC invocations=38 (full 0):
 garbage-first heap   total 153600K, used 90362K [0x0000000080000000, 0x0000000100000000)
  region size 1024K, 5 young (5120K), 5 survivors (5120K)
 Metaspace       used 78851K, committed 79872K, reserved 557056K
  class space    used 10827K, committed 11328K, reserved 425984K
}
Event: 44.210 GC heap before
{Heap before GC invocations=39 (full 0):
 garbage-first heap   total 153600K, used 125178K [0x0000000080000000, 0x0000000100000000)
  region size 1024K, 39 young (39936K), 5 survivors (5120K)
 Metaspace       used 81049K, committed 82048K, reserved 557056K
  class space    used 11123K, committed 11584K, reserved 425984K
}
Event: 44.225 GC heap after
{Heap after GC invocations=40 (full 0):
 garbage-first heap   total 153600K, used 93119K [0x0000000080000000, 0x0000000100000000)
  region size 1024K, 5 young (5120K), 5 survivors (5120K)
 Metaspace       used 81049K, committed 82048K, reserved 557056K
  class space    used 11123K, committed 11584K, reserved 425984K
}
Event: 45.261 GC heap before
{Heap before GC invocations=40 (full 0):
 garbage-first heap   total 153600K, used 125887K [0x0000000080000000, 0x0000000100000000)
  region size 1024K, 38 young (38912K), 5 survivors (5120K)
 Metaspace       used 83299K, committed 84288K, reserved 557056K
  class space    used 11454K, committed 11968K, reserved 425984K
}
Event: 45.280 GC heap after
{Heap after GC invocations=41 (full 0):
 garbage-first heap   total 153600K, used 96705K [0x0000000080000000, 0x0000000100000000)
  region size 1024K, 4 young (4096K), 4 survivors (4096K)
 Metaspace       used 83299K, committed 84288K, reserved 557056K
  class space    used 11454K, committed 11968K, reserved 425984K
}
Event: 45.830 GC heap before
{Heap before GC invocations=42 (full 0):
 garbage-first heap   total 168960K, used 125377K [0x0000000080000000, 0x0000000100000000)
  region size 1024K, 33 young (33792K), 4 survivors (4096K)
 Metaspace       used 85417K, committed 86464K, reserved 557056K
  class space    used 11691K, committed 12160K, reserved 425984K
}
Event: 45.842 GC heap after
{Heap after GC invocations=43 (full 0):
 garbage-first heap   total 168960K, used 100900K [0x0000000080000000, 0x0000000100000000)
  region size 1024K, 4 young (4096K), 4 survivors (4096K)
 Metaspace       used 85417K, committed 86464K, reserved 557056K
  class space    used 11691K, committed 12160K, reserved 425984K
}
Event: 69.176 GC heap before
{Heap before GC invocations=43 (full 0):
 garbage-first heap   total 168960K, used 136740K [0x0000000080000000, 0x0000000100000000)
  region size 1024K, 40 young (40960K), 4 survivors (4096K)
 Metaspace       used 88324K, committed 89344K, reserved 557056K
  class space    used 12114K, committed 12608K, reserved 425984K
}
Event: 69.186 GC heap after
{Heap after GC invocations=44 (full 0):
 garbage-first heap   total 168960K, used 102455K [0x0000000080000000, 0x0000000100000000)
  region size 1024K, 2 young (2048K), 2 survivors (2048K)
 Metaspace       used 88324K, committed 89344K, reserved 557056K
  class space    used 12114K, committed 12608K, reserved 425984K
}
Event: 82.496 GC heap before
{Heap before GC invocations=45 (full 0):
 garbage-first heap   total 188416K, used 138295K [0x0000000080000000, 0x0000000100000000)
  region size 1024K, 37 young (37888K), 2 survivors (2048K)
 Metaspace       used 89142K, committed 90176K, reserved 557056K
  class space    used 12220K, committed 12736K, reserved 425984K
}
Event: 82.506 GC heap after
{Heap after GC invocations=46 (full 0):
 garbage-first heap   total 188416K, used 105925K [0x0000000080000000, 0x0000000100000000)
  region size 1024K, 5 young (5120K), 5 survivors (5120K)
 Metaspace       used 89142K, committed 90176K, reserved 557056K
  class space    used 12220K, committed 12736K, reserved 425984K
}
Event: 82.788 GC heap before
{Heap before GC invocations=46 (full 0):
 garbage-first heap   total 188416K, used 110021K [0x0000000080000000, 0x0000000100000000)
  region size 1024K, 9 young (9216K), 5 survivors (5120K)
 Metaspace       used 89180K, committed 90304K, reserved 557056K
  class space    used 12220K, committed 12736K, reserved 425984K
}
Event: 82.796 GC heap after
{Heap after GC invocations=47 (full 0):
 garbage-first heap   total 188416K, used 106248K [0x0000000080000000, 0x0000000100000000)
  region size 1024K, 1 young (1024K), 1 survivors (1024K)
 Metaspace       used 89180K, committed 90304K, reserved 557056K
  class space    used 12220K, committed 12736K, reserved 425984K
}
Event: 84.249 GC heap before
{Heap before GC invocations=47 (full 0):
 garbage-first heap   total 188416K, used 152328K [0x0000000080000000, 0x0000000100000000)
  region size 1024K, 47 young (48128K), 1 survivors (1024K)
 Metaspace       used 89730K, committed 90816K, reserved 557056K
  class space    used 12256K, committed 12800K, reserved 425984K
}
Event: 84.256 GC heap after
{Heap after GC invocations=48 (full 0):
 garbage-first heap   total 188416K, used 110390K [0x0000000080000000, 0x0000000100000000)
  region size 1024K, 5 young (5120K), 5 survivors (5120K)
 Metaspace       used 89730K, committed 90816K, reserved 557056K
  class space    used 12256K, committed 12800K, reserved 425984K
}

Dll operation events (18 events):
Event: 0.016 Loaded shared library C:\Program Files\Eclipse Adoptium\jdk-17.0.14.7-hotspot\bin\java.dll
Event: 0.035 Loaded shared library C:\Program Files\Eclipse Adoptium\jdk-17.0.14.7-hotspot\bin\jsvml.dll
Event: 0.114 Loaded shared library C:\Program Files\Eclipse Adoptium\jdk-17.0.14.7-hotspot\bin\zip.dll
Event: 0.119 Loaded shared library C:\Program Files\Eclipse Adoptium\jdk-17.0.14.7-hotspot\bin\instrument.dll
Event: 0.129 Loaded shared library C:\Program Files\Eclipse Adoptium\jdk-17.0.14.7-hotspot\bin\net.dll
Event: 0.132 Loaded shared library C:\Program Files\Eclipse Adoptium\jdk-17.0.14.7-hotspot\bin\nio.dll
Event: 0.138 Loaded shared library C:\Program Files\Eclipse Adoptium\jdk-17.0.14.7-hotspot\bin\zip.dll
Event: 0.410 Loaded shared library C:\Program Files\Eclipse Adoptium\jdk-17.0.14.7-hotspot\bin\jimage.dll
Event: 0.507 Loaded shared library C:\Program Files\Eclipse Adoptium\jdk-17.0.14.7-hotspot\bin\verify.dll
Event: 0.747 Loaded shared library C:\Users\retti\.gradle\native\68d5fa5c4cc2d200863cafc0d521ce42e7d3e7ee720ec0a83991735586a16f82\windows-amd64\native-platform.dll
Event: 0.768 Loaded shared library C:\Users\retti\.gradle\native\e376f236ea51e6404a007f0833ffe2c6e607c4080706a723a18a27aeea778392\windows-amd64\native-platform-file-events.dll
Event: 1.783 Loaded shared library C:\Program Files\Eclipse Adoptium\jdk-17.0.14.7-hotspot\bin\management.dll
Event: 1.787 Loaded shared library C:\Program Files\Eclipse Adoptium\jdk-17.0.14.7-hotspot\bin\management_ext.dll
Event: 2.033 Loaded shared library C:\Program Files\Eclipse Adoptium\jdk-17.0.14.7-hotspot\bin\extnet.dll
Event: 2.477 Loaded shared library C:\Program Files\Eclipse Adoptium\jdk-17.0.14.7-hotspot\bin\sunmscapi.dll
Event: 46.387 Loaded shared library C:\Users\retti\AppData\Local\Temp\native-platform15639349165858924786dir\native-platform.dll
Event: 46.389 Loaded shared library C:\Users\retti\AppData\Local\Temp\native-platform1694315815174179651dir\native-platform.dll
Event: 85.972 Loaded shared library C:\Program Files\Eclipse Adoptium\jdk-17.0.14.7-hotspot\bin\rmi.dll

Deoptimization events (20 events):
Event: 97.656 Thread 0x00000200852e1ec0 DEOPT PACKING pc=0x00000200d50560f8 sp=0x000000c4c4afda00
Event: 97.656 Thread 0x00000200852e1ec0 DEOPT UNPACKING pc=0x00000200d47ca1a3 sp=0x000000c4c4afd980 mode 2
Event: 97.656 Thread 0x00000200852e1ec0 Uncommon trap: trap_request=0xffffffc6 fr.pc=0x00000200d50560f8 relative=0x0000000000000338
Event: 97.656 Thread 0x00000200852e1ec0 Uncommon trap: reason=bimorphic_or_optimized_type_check action=maybe_recompile pc=0x00000200d50560f8 method=java.util.ArrayList$ArrayListSpliterator.tryAdvance(Ljava/util/function/Consumer;)Z @ 48 c2
Event: 97.656 Thread 0x00000200852e1ec0 DEOPT PACKING pc=0x00000200d50560f8 sp=0x000000c4c4afda00
Event: 97.656 Thread 0x00000200852e1ec0 DEOPT UNPACKING pc=0x00000200d47ca1a3 sp=0x000000c4c4afd980 mode 2
Event: 97.656 Thread 0x00000200852e1ec0 Uncommon trap: trap_request=0xffffffc6 fr.pc=0x00000200d50560f8 relative=0x0000000000000338
Event: 97.656 Thread 0x00000200852e1ec0 Uncommon trap: reason=bimorphic_or_optimized_type_check action=maybe_recompile pc=0x00000200d50560f8 method=java.util.ArrayList$ArrayListSpliterator.tryAdvance(Ljava/util/function/Consumer;)Z @ 48 c2
Event: 97.656 Thread 0x00000200852e1ec0 DEOPT PACKING pc=0x00000200d50560f8 sp=0x000000c4c4afda00
Event: 97.656 Thread 0x00000200852e1ec0 DEOPT UNPACKING pc=0x00000200d47ca1a3 sp=0x000000c4c4afd980 mode 2
Event: 97.694 Thread 0x00000200846d5670 Uncommon trap: trap_request=0xffffff45 fr.pc=0x00000200d50be9d0 relative=0x0000000000000490
Event: 97.694 Thread 0x00000200846d5670 Uncommon trap: reason=unstable_if action=reinterpret pc=0x00000200d50be9d0 method=sun.security.provider.DigestBase.engineUpdate([BII)V @ 1 c2
Event: 97.694 Thread 0x00000200846d5670 DEOPT PACKING pc=0x00000200d50be9d0 sp=0x000000c4c40f88f0
Event: 97.694 Thread 0x00000200846d5670 DEOPT UNPACKING pc=0x00000200d47ca1a3 sp=0x000000c4c40f88a8 mode 2
Event: 97.711 Thread 0x00000200846d5670 DEOPT PACKING pc=0x00000200ce290201 sp=0x000000c4c40f8b70
Event: 97.711 Thread 0x00000200846d5670 DEOPT UNPACKING pc=0x00000200d47cace3 sp=0x000000c4c40f80a8 mode 0
Event: 97.762 Thread 0x00000200846d5670 Uncommon trap: trap_request=0xffffffd6 fr.pc=0x00000200d5179908 relative=0x0000000000000368
Event: 97.762 Thread 0x00000200846d5670 Uncommon trap: reason=array_check action=maybe_recompile pc=0x00000200d5179908 method=java.util.LinkedHashMap.keysToArray([Ljava/lang/Object;)[Ljava/lang/Object; @ 25 c2
Event: 97.762 Thread 0x00000200846d5670 DEOPT PACKING pc=0x00000200d5179908 sp=0x000000c4c40f7680
Event: 97.762 Thread 0x00000200846d5670 DEOPT UNPACKING pc=0x00000200d47ca1a3 sp=0x000000c4c40f7628 mode 2

Classes loaded (20 events):
Event: 86.048 Loading class sun/rmi/server/LoaderHandler$Loader
Event: 86.048 Loading class sun/rmi/server/LoaderHandler$Loader done
Event: 86.050 Loading class java/rmi/server/ServerNotActiveException
Event: 86.050 Loading class java/rmi/server/ServerNotActiveException done
Event: 86.054 Loading class sun/rmi/transport/DGCAckHandler
Event: 86.055 Loading class sun/rmi/transport/DGCAckHandler done
Event: 86.081 Loading class sun/rmi/transport/DGCAckHandler$1
Event: 86.081 Loading class sun/rmi/transport/DGCAckHandler$1 done
Event: 86.104 Loading class sun/rmi/transport/tcp/TCPTransport$ConnectionHandler
Event: 86.104 Loading class sun/rmi/transport/tcp/TCPTransport$ConnectionHandler done
Event: 86.109 Loading class sun/rmi/transport/Transport$1
Event: 86.109 Loading class sun/rmi/transport/Transport$1 done
Event: 86.112 Loading class sun/rmi/transport/DGCImpl$LeaseInfo
Event: 86.113 Loading class sun/rmi/transport/DGCImpl$LeaseInfo done
Event: 86.113 Loading class sun/rmi/transport/DGCImpl$1
Event: 86.113 Loading class sun/rmi/transport/DGCImpl$1 done
Event: 86.113 Loading class sun/rmi/transport/SequenceEntry
Event: 86.113 Loading class sun/rmi/transport/SequenceEntry done
Event: 97.450 Loading class sun/nio/fs/WindowsSecurity$Privilege
Event: 97.450 Loading class sun/nio/fs/WindowsSecurity$Privilege done

Classes unloaded (2 events):
Event: 69.345 Thread 0x00000200e32ec430 Unloading class 0x00000200e5b6d400 'java/lang/invoke/LambdaForm$DMH+0x00000200e5b6d400'
Event: 69.345 Thread 0x00000200e32ec430 Unloading class 0x00000200e5b5c400 'java/lang/invoke/LambdaForm$DMH+0x00000200e5b5c400'

Classes redefined (0 events):
No events

Internal exceptions (20 events):
Event: 86.049 Thread 0x00000200868ddf90 Exception <a 'java/lang/NoSuchMethodError'{0x000000008b1de900}: static [Ljava/lang/Integer;.<clinit>()V> (0x000000008b1de900) 
thrown [s\src\hotspot\share\prims\jni.cpp, line 1112]
Event: 97.113 Thread 0x0000020085a541d0 Exception <a 'sun/nio/fs/WindowsException'{0x000000008ad02788}> (0x000000008ad02788) 
thrown [s\src\hotspot\share\prims\jni.cpp, line 516]
Event: 97.117 Thread 0x0000020085a541d0 Exception <a 'sun/nio/fs/WindowsException'{0x000000008ad05510}> (0x000000008ad05510) 
thrown [s\src\hotspot\share\prims\jni.cpp, line 516]
Event: 97.121 Thread 0x0000020085a541d0 Exception <a 'sun/nio/fs/WindowsException'{0x000000008ad08098}> (0x000000008ad08098) 
thrown [s\src\hotspot\share\prims\jni.cpp, line 516]
Event: 97.122 Thread 0x0000020085a541d0 Exception <a 'sun/nio/fs/WindowsException'{0x000000008ad0a7c8}> (0x000000008ad0a7c8) 
thrown [s\src\hotspot\share\prims\jni.cpp, line 516]
Event: 97.126 Thread 0x0000020085a541d0 Exception <a 'sun/nio/fs/WindowsException'{0x000000008ad58388}> (0x000000008ad58388) 
thrown [s\src\hotspot\share\prims\jni.cpp, line 516]
Event: 97.175 Thread 0x0000020085a541d0 Exception <a 'sun/nio/fs/WindowsException'{0x000000008ac2d288}> (0x000000008ac2d288) 
thrown [s\src\hotspot\share\prims\jni.cpp, line 516]
Event: 97.446 Thread 0x00000200852e2df0 Exception <a 'sun/nio/fs/WindowsException'{0x000000008a685230}> (0x000000008a685230) 
thrown [s\src\hotspot\share\prims\jni.cpp, line 516]
Event: 97.447 Thread 0x00000200852e28e0 Exception <a 'sun/nio/fs/WindowsException'{0x000000008a680ae0}> (0x000000008a680ae0) 
thrown [s\src\hotspot\share\prims\jni.cpp, line 516]
Event: 97.462 Thread 0x00000200852e1ec0 Exception <a 'sun/nio/fs/WindowsException'{0x000000008a521020}> (0x000000008a521020) 
thrown [s\src\hotspot\share\prims\jni.cpp, line 516]
Event: 97.468 Thread 0x0000020085a4faf0 Exception <a 'sun/nio/fs/WindowsException'{0x000000008a56fc30}> (0x000000008a56fc30) 
thrown [s\src\hotspot\share\prims\jni.cpp, line 516]
Event: 97.480 Thread 0x0000020085a4faf0 Exception <a 'sun/nio/fs/WindowsException'{0x000000008a4970b8}> (0x000000008a4970b8) 
thrown [s\src\hotspot\share\prims\jni.cpp, line 516]
Event: 97.482 Thread 0x0000020085a4faf0 Exception <a 'sun/nio/fs/WindowsException'{0x000000008a497290}> (0x000000008a497290) 
thrown [s\src\hotspot\share\prims\jni.cpp, line 516]
Event: 97.678 Thread 0x00000200852e1ec0 Exception <a 'sun/nio/fs/WindowsException'{0x0000000089b70310}> (0x0000000089b70310) 
thrown [s\src\hotspot\share\prims\jni.cpp, line 516]
Event: 97.679 Thread 0x00000200852e1ec0 Exception <a 'sun/nio/fs/WindowsException'{0x0000000089b70730}> (0x0000000089b70730) 
thrown [s\src\hotspot\share\prims\jni.cpp, line 516]
Event: 97.728 Thread 0x0000020085a4faf0 Exception <a 'sun/nio/fs/WindowsException'{0x0000000089708350}> (0x0000000089708350) 
thrown [s\src\hotspot\share\prims\jni.cpp, line 516]
Event: 97.744 Thread 0x0000020085a4faf0 Exception <a 'sun/nio/fs/WindowsException'{0x000000008979b888}> (0x000000008979b888) 
thrown [s\src\hotspot\share\prims\jni.cpp, line 516]
Event: 97.744 Thread 0x0000020085a4faf0 Exception <a 'sun/nio/fs/WindowsException'{0x000000008979b9f0}> (0x000000008979b9f0) 
thrown [s\src\hotspot\share\prims\jni.cpp, line 516]
Event: 97.753 Thread 0x00000200846d5670 Exception <a 'java/lang/ClassNotFoundException'{0x00000000897de430}: build_41pl8iooxalxm4yj1ohe2ftdyBeanInfo> (0x00000000897de430) 
thrown [s\src\hotspot\share\classfile\systemDictionary.cpp, line 256]
Event: 97.753 Thread 0x00000200846d5670 Exception <a 'java/lang/ClassNotFoundException'{0x00000000897e4dc8}: build_41pl8iooxalxm4yj1ohe2ftdyCustomizer> (0x00000000897e4dc8) 
thrown [s\src\hotspot\share\classfile\systemDictionary.cpp, line 256]

VM Operations (20 events):
Event: 84.406 Executing VM operation: G1PauseRemark
Event: 84.416 Executing VM operation: G1PauseRemark done
Event: 84.490 Executing VM operation: G1PauseCleanup
Event: 84.490 Executing VM operation: G1PauseCleanup done
Event: 84.526 Executing VM operation: HandshakeAllThreads
Event: 84.527 Executing VM operation: HandshakeAllThreads done
Event: 85.529 Executing VM operation: Cleanup
Event: 85.529 Executing VM operation: Cleanup done
Event: 85.888 Executing VM operation: HandshakeAllThreads
Event: 85.889 Executing VM operation: HandshakeAllThreads done
Event: 85.996 Executing VM operation: HandshakeAllThreads
Event: 85.996 Executing VM operation: HandshakeAllThreads done
Event: 86.996 Executing VM operation: Cleanup
Event: 86.996 Executing VM operation: Cleanup done
Event: 93.002 Executing VM operation: Cleanup
Event: 93.002 Executing VM operation: Cleanup done
Event: 97.628 Executing VM operation: HandshakeAllThreads
Event: 97.629 Executing VM operation: HandshakeAllThreads done
Event: 97.629 Executing VM operation: Cleanup
Event: 97.629 Executing VM operation: Cleanup done

Memory protections (0 events):
No events

Nmethod flushes (20 events):
Event: 84.547 Thread 0x00000200e3348340 flushing  nmethod 0x00000200ce9c6490
Event: 84.547 Thread 0x00000200e3348340 flushing  nmethod 0x00000200ce9ce510
Event: 84.548 Thread 0x00000200e3348340 flushing  nmethod 0x00000200ce9cf110
Event: 84.548 Thread 0x00000200e3348340 flushing  nmethod 0x00000200ce9d4610
Event: 84.548 Thread 0x00000200e3348340 flushing  nmethod 0x00000200ce9d5590
Event: 84.548 Thread 0x00000200e3348340 flushing  nmethod 0x00000200cea20790
Event: 84.548 Thread 0x00000200e3348340 flushing  nmethod 0x00000200cea21f90
Event: 84.548 Thread 0x00000200e3348340 flushing  nmethod 0x00000200cea22390
Event: 84.548 Thread 0x00000200e3348340 flushing  nmethod 0x00000200cea22790
Event: 84.548 Thread 0x00000200e3348340 flushing  nmethod 0x00000200cea23310
Event: 84.548 Thread 0x00000200e3348340 flushing  nmethod 0x00000200cea23990
Event: 84.548 Thread 0x00000200e3348340 flushing  nmethod 0x00000200cea28510
Event: 84.548 Thread 0x00000200e3348340 flushing  nmethod 0x00000200cea28d10
Event: 84.548 Thread 0x00000200e3348340 flushing  nmethod 0x00000200cea4ae90
Event: 84.548 Thread 0x00000200e3348340 flushing  nmethod 0x00000200cead3310
Event: 84.548 Thread 0x00000200e3348340 flushing  nmethod 0x00000200cead4610
Event: 84.548 Thread 0x00000200e3348340 flushing  nmethod 0x00000200cead6110
Event: 84.548 Thread 0x00000200e3348340 flushing  nmethod 0x00000200ceade290
Event: 84.548 Thread 0x00000200e3348340 flushing  nmethod 0x00000200ceae3b90
Event: 84.548 Thread 0x00000200e3348340 flushing  nmethod 0x00000200ceb1e690

Events (20 events):
Event: 84.386 Thread 0x0000020085a541d0 Thread added: 0x00000200868e2670
Event: 84.386 Thread 0x0000020085a541d0 Thread added: 0x00000200868e3fc0
Event: 84.395 Thread 0x0000020085a541d0 Thread added: 0x00000200868deec0
Event: 84.395 Thread 0x0000020085a541d0 Thread added: 0x00000200868e44d0
Event: 84.397 Thread 0x0000020085a541d0 Thread added: 0x00000200868de9b0
Event: 84.482 Thread 0x0000020085a50510 Thread added: 0x00000200868dfdf0
Event: 84.637 Thread 0x0000020085a541d0 Thread added: 0x00000200868ddf90
Event: 84.673 Thread 0x00000200868ddf90 Thread added: 0x00000200852e3810
Event: 85.867 Thread 0x00000200852e3810 Thread exited: 0x00000200852e3810
Event: 85.868 Thread 0x0000020087fa2520 Thread exited: 0x0000020087fa2520
Event: 85.964 Thread 0x00000200868ddf90 Thread added: 0x00000200852e3810
Event: 85.970 Thread 0x00000200868ddf90 Thread added: 0x00000200852e0570
Event: 85.973 Thread 0x00000200868ddf90 Thread added: 0x00000200852e0f90
Event: 86.037 Thread 0x00000200868ddf90 Thread added: 0x00000200ff171600
Event: 86.039 Thread 0x00000200868ddf90 Thread added: 0x00000200ff173460
Event: 86.105 Thread 0x00000200ff171600 Thread added: 0x00000200ff172a40
Event: 97.113 Thread 0x00000200e333e160 Thread added: 0x0000020087fa3a60
Event: 97.205 Thread 0x00000200846d5670 Thread added: 0x00000200ff1701c0
Event: 97.205 Thread 0x00000200846d5670 Thread added: 0x00000200ff16e360
Event: 97.206 Thread 0x00000200846d5670 Thread added: 0x00000200ff1748a0


Dynamic libraries:
0x00007ff728910000 - 0x00007ff72891e000 	C:\Program Files\Eclipse Adoptium\jdk-17.0.14.7-hotspot\bin\java.exe
0x00007fffcc0b0000 - 0x00007fffcc2c7000 	C:\WINDOWS\SYSTEM32\ntdll.dll
0x00007fffcb670000 - 0x00007fffcb734000 	C:\WINDOWS\System32\KERNEL32.DLL
0x00007fffc93f0000 - 0x00007fffc97c3000 	C:\WINDOWS\System32\KERNELBASE.dll
0x00007fffc9c40000 - 0x00007fffc9d51000 	C:\WINDOWS\System32\ucrtbase.dll
0x00007fff9ab40000 - 0x00007fff9ab57000 	C:\Program Files\Eclipse Adoptium\jdk-17.0.14.7-hotspot\bin\jli.dll
0x00007fff93390000 - 0x00007fff933ae000 	C:\Program Files\Eclipse Adoptium\jdk-17.0.14.7-hotspot\bin\VCRUNTIME140.dll
0x00007fffca610000 - 0x00007fffca7c1000 	C:\WINDOWS\System32\USER32.dll
0x00007fffc9250000 - 0x00007fffc9276000 	C:\WINDOWS\System32\win32u.dll
0x00007fffcb740000 - 0x00007fffcb769000 	C:\WINDOWS\System32\GDI32.dll
0x00007fffb92e0000 - 0x00007fffb9578000 	C:\WINDOWS\WinSxS\amd64_microsoft.windows.common-controls_6595b64144ccf1df_6.0.22621.5124_none_270e8f4f7386d69d\COMCTL32.dll
0x00007fffc9aa0000 - 0x00007fffc9bbb000 	C:\WINDOWS\System32\gdi32full.dll
0x00007fffc9a00000 - 0x00007fffc9a9a000 	C:\WINDOWS\System32\msvcp_win.dll
0x00007fffcac00000 - 0x00007fffcaca7000 	C:\WINDOWS\System32\msvcrt.dll
0x00007fffcad80000 - 0x00007fffcadb1000 	C:\WINDOWS\System32\IMM32.DLL
0x00007fffc4d20000 - 0x00007fffc4d2c000 	C:\Program Files\Eclipse Adoptium\jdk-17.0.14.7-hotspot\bin\vcruntime140_1.dll
0x00007fff8ec90000 - 0x00007fff8ed1d000 	C:\Program Files\Eclipse Adoptium\jdk-17.0.14.7-hotspot\bin\msvcp140.dll
0x00007fff4dfe0000 - 0x00007fff4ec4b000 	C:\Program Files\Eclipse Adoptium\jdk-17.0.14.7-hotspot\bin\server\jvm.dll
0x00007fffcacc0000 - 0x00007fffcad71000 	C:\WINDOWS\System32\ADVAPI32.dll
0x00007fffcb420000 - 0x00007fffcb4c8000 	C:\WINDOWS\System32\sechost.dll
0x00007fffc99d0000 - 0x00007fffc99f8000 	C:\WINDOWS\System32\bcrypt.dll
0x00007fffcadc0000 - 0x00007fffcaed4000 	C:\WINDOWS\System32\RPCRT4.dll
0x00007fffcb5f0000 - 0x00007fffcb661000 	C:\WINDOWS\System32\WS2_32.dll
0x00007fffc90b0000 - 0x00007fffc90fd000 	C:\WINDOWS\SYSTEM32\POWRPROF.dll
0x00007fffc4460000 - 0x00007fffc4494000 	C:\WINDOWS\SYSTEM32\WINMM.dll
0x00007fffc17b0000 - 0x00007fffc17ba000 	C:\WINDOWS\SYSTEM32\VERSION.dll
0x00007fffc9080000 - 0x00007fffc9093000 	C:\WINDOWS\SYSTEM32\UMPDC.dll
0x00007fffc8200000 - 0x00007fffc8218000 	C:\WINDOWS\SYSTEM32\kernel.appcore.dll
0x00007fffaa200000 - 0x00007fffaa20a000 	C:\Program Files\Eclipse Adoptium\jdk-17.0.14.7-hotspot\bin\jimage.dll
0x00007fffc6c30000 - 0x00007fffc6e62000 	C:\WINDOWS\SYSTEM32\DBGHELP.DLL
0x00007fffca860000 - 0x00007fffcabf2000 	C:\WINDOWS\System32\combase.dll
0x00007fffcb770000 - 0x00007fffcb847000 	C:\WINDOWS\System32\OLEAUT32.dll
0x00007fffb1ea0000 - 0x00007fffb1ed2000 	C:\WINDOWS\SYSTEM32\dbgcore.DLL
0x00007fffc91d0000 - 0x00007fffc924b000 	C:\WINDOWS\System32\bcryptPrimitives.dll
0x00007fffa9d80000 - 0x00007fffa9d8e000 	C:\Program Files\Eclipse Adoptium\jdk-17.0.14.7-hotspot\bin\instrument.dll
0x00007fff91330000 - 0x00007fff91355000 	C:\Program Files\Eclipse Adoptium\jdk-17.0.14.7-hotspot\bin\java.dll
0x00007fff87dd0000 - 0x00007fff87ea7000 	C:\Program Files\Eclipse Adoptium\jdk-17.0.14.7-hotspot\bin\jsvml.dll
0x00007fffc9d70000 - 0x00007fffca606000 	C:\WINDOWS\System32\SHELL32.dll
0x00007fffc97d0000 - 0x00007fffc990f000 	C:\WINDOWS\System32\wintypes.dll
0x00007fffc7100000 - 0x00007fffc7a1a000 	C:\WINDOWS\SYSTEM32\windows.storage.dll
0x00007fffcb870000 - 0x00007fffcb97a000 	C:\WINDOWS\System32\SHCORE.dll
0x00007fffcb210000 - 0x00007fffcb273000 	C:\WINDOWS\System32\shlwapi.dll
0x00007fffc9100000 - 0x00007fffc912b000 	C:\WINDOWS\SYSTEM32\profapi.dll
0x00007fff912d0000 - 0x00007fff912e8000 	C:\Program Files\Eclipse Adoptium\jdk-17.0.14.7-hotspot\bin\zip.dll
0x00007fff912b0000 - 0x00007fff912c9000 	C:\Program Files\Eclipse Adoptium\jdk-17.0.14.7-hotspot\bin\net.dll
0x00007fffc1a70000 - 0x00007fffc1b9c000 	C:\WINDOWS\SYSTEM32\WINHTTP.dll
0x00007fffc8680000 - 0x00007fffc86ea000 	C:\WINDOWS\system32\mswsock.dll
0x00007fff90da0000 - 0x00007fff90db6000 	C:\Program Files\Eclipse Adoptium\jdk-17.0.14.7-hotspot\bin\nio.dll
0x00007fffa9cf0000 - 0x00007fffa9d00000 	C:\Program Files\Eclipse Adoptium\jdk-17.0.14.7-hotspot\bin\verify.dll
0x00007fff9a780000 - 0x00007fff9a7a7000 	C:\Users\retti\.gradle\native\68d5fa5c4cc2d200863cafc0d521ce42e7d3e7ee720ec0a83991735586a16f82\windows-amd64\native-platform.dll
0x00007fff7b050000 - 0x00007fff7b194000 	C:\Users\retti\.gradle\native\e376f236ea51e6404a007f0833ffe2c6e607c4080706a723a18a27aeea778392\windows-amd64\native-platform-file-events.dll
0x00007fffa83c0000 - 0x00007fffa83ca000 	C:\Program Files\Eclipse Adoptium\jdk-17.0.14.7-hotspot\bin\management.dll
0x00007fffa7c70000 - 0x00007fffa7c7b000 	C:\Program Files\Eclipse Adoptium\jdk-17.0.14.7-hotspot\bin\management_ext.dll
0x00007fffca850000 - 0x00007fffca858000 	C:\WINDOWS\System32\PSAPI.DLL
0x00007fffc88d0000 - 0x00007fffc88eb000 	C:\WINDOWS\SYSTEM32\CRYPTSP.dll
0x00007fffc8160000 - 0x00007fffc8197000 	C:\WINDOWS\system32\rsaenh.dll
0x00007fffc8770000 - 0x00007fffc8798000 	C:\WINDOWS\SYSTEM32\USERENV.dll
0x00007fffc88f0000 - 0x00007fffc88fc000 	C:\WINDOWS\SYSTEM32\CRYPTBASE.dll
0x00007fffc7c80000 - 0x00007fffc7cad000 	C:\WINDOWS\SYSTEM32\IPHLPAPI.DLL
0x00007fffcb200000 - 0x00007fffcb209000 	C:\WINDOWS\System32\NSI.dll
0x00007fffc1a00000 - 0x00007fffc1a19000 	C:\WINDOWS\SYSTEM32\dhcpcsvc6.DLL
0x00007fffc19e0000 - 0x00007fffc19ff000 	C:\WINDOWS\SYSTEM32\dhcpcsvc.DLL
0x00007fffc7cf0000 - 0x00007fffc7df2000 	C:\WINDOWS\SYSTEM32\DNSAPI.dll
0x00007fffa73e0000 - 0x00007fffa73e9000 	C:\Program Files\Eclipse Adoptium\jdk-17.0.14.7-hotspot\bin\extnet.dll
0x00007fffa7130000 - 0x00007fffa713e000 	C:\Program Files\Eclipse Adoptium\jdk-17.0.14.7-hotspot\bin\sunmscapi.dll
0x00007fffc9280000 - 0x00007fffc93e6000 	C:\WINDOWS\System32\CRYPT32.dll
0x00007fffc8a90000 - 0x00007fffc8abd000 	C:\WINDOWS\SYSTEM32\ncrypt.dll
0x00007fffc8a50000 - 0x00007fffc8a87000 	C:\WINDOWS\SYSTEM32\NTASN1.dll
0x00007fffb3ae0000 - 0x00007fffb3ae8000 	C:\WINDOWS\system32\wshunix.dll
0x00007fffb7f40000 - 0x00007fffb7f57000 	C:\WINDOWS\system32\napinsp.dll
0x00007fffb68a0000 - 0x00007fffb68bb000 	C:\WINDOWS\system32\pnrpnsp.dll
0x00007fffa9bf0000 - 0x00007fffa9c01000 	C:\WINDOWS\System32\winrnr.dll
0x00007fffc1790000 - 0x00007fffc17a5000 	C:\WINDOWS\system32\wshbth.dll
0x00007fffaef30000 - 0x00007fffaef57000 	C:\WINDOWS\system32\nlansp_c.dll
0x00007fffbe770000 - 0x00007fffbe77a000 	C:\Windows\System32\rasadhlp.dll
0x00007fffbfb80000 - 0x00007fffbfc03000 	C:\WINDOWS\System32\fwpuclnt.dll
0x00007fffb66b0000 - 0x00007fffb66ce000 	C:\Users\retti\AppData\Local\Temp\native-platform15639349165858924786dir\native-platform.dll
0x00007fff908e0000 - 0x00007fff908fe000 	C:\Users\retti\AppData\Local\Temp\native-platform1694315815174179651dir\native-platform.dll
0x00007fffb66a0000 - 0x00007fffb66a7000 	C:\Program Files\Eclipse Adoptium\jdk-17.0.14.7-hotspot\bin\rmi.dll
0x00007fffc8310000 - 0x00007fffc8344000 	C:\WINDOWS\SYSTEM32\ntmarta.dll

dbghelp: loaded successfully - version: 4.0.5 - missing functions: none
symbol engine: initialized successfully - sym options: 0x614 - pdb path: .;C:\Program Files\Eclipse Adoptium\jdk-17.0.14.7-hotspot\bin;C:\WINDOWS\SYSTEM32;C:\WINDOWS\WinSxS\amd64_microsoft.windows.common-controls_6595b64144ccf1df_6.0.22621.5124_none_270e8f4f7386d69d;C:\Program Files\Eclipse Adoptium\jdk-17.0.14.7-hotspot\bin\server;C:\Users\retti\.gradle\native\68d5fa5c4cc2d200863cafc0d521ce42e7d3e7ee720ec0a83991735586a16f82\windows-amd64;C:\Users\retti\.gradle\native\e376f236ea51e6404a007f0833ffe2c6e607c4080706a723a18a27aeea778392\windows-amd64;C:\Users\retti\AppData\Local\Temp\native-platform15639349165858924786dir;C:\Users\retti\AppData\Local\Temp\native-platform1694315815174179651dir

VM Arguments:
jvm_args: -XX:MaxMetaspaceSize=512m --add-opens=java.base/java.util=ALL-UNNAMED --add-opens=java.base/java.lang=ALL-UNNAMED --add-opens=java.base/java.lang.invoke=ALL-UNNAMED --add-opens=java.prefs/java.util.prefs=ALL-UNNAMED --add-opens=java.base/java.nio.charset=ALL-UNNAMED --add-opens=java.base/java.net=ALL-UNNAMED --add-opens=java.base/java.util.concurrent.atomic=ALL-UNNAMED -Xmx2048m -Dfile.encoding=utf8 -Duser.country=US -Duser.language=en -Duser.variant -javaagent:C:\Users\retti\.gradle\wrapper\dists\gradle-8.3-all\6en3ugtfdg5xnpx44z4qbwgas\gradle-8.3\lib\agents\gradle-instrumentation-agent-8.3.jar 
java_command: org.gradle.launcher.daemon.bootstrap.GradleDaemon 8.3
java_class_path (initial): C:\Users\retti\.gradle\wrapper\dists\gradle-8.3-all\6en3ugtfdg5xnpx44z4qbwgas\gradle-8.3\lib\gradle-launcher-8.3.jar
Launcher Type: SUN_STANDARD

[Global flags]
     intx CICompilerCount                          = 3                                         {product} {ergonomic}
   size_t CompressedClassSpaceSize                 = 436207616                                 {product} {ergonomic}
     uint ConcGCThreads                            = 1                                         {product} {ergonomic}
     uint G1ConcRefinementThreads                  = 4                                         {product} {ergonomic}
   size_t G1HeapRegionSize                         = 1048576                                   {product} {ergonomic}
    uintx GCDrainStackTargetSize                   = 64                                        {product} {ergonomic}
   size_t InitialHeapSize                          = 132120576                                 {product} {ergonomic}
   size_t MarkStackSize                            = 4194304                                   {product} {ergonomic}
   size_t MaxHeapSize                              = 2147483648                                {product} {command line}
   size_t MaxMetaspaceSize                         = 536870912                                 {product} {command line}
   size_t MaxNewSize                               = 1287651328                                {product} {ergonomic}
   size_t MinHeapDeltaBytes                        = 1048576                                   {product} {ergonomic}
   size_t MinHeapSize                              = 8388608                                   {product} {ergonomic}
    uintx NonNMethodCodeHeapSize                   = 5832780                                {pd product} {ergonomic}
    uintx NonProfiledCodeHeapSize                  = 122912730                              {pd product} {ergonomic}
    uintx ProfiledCodeHeapSize                     = 122912730                              {pd product} {ergonomic}
    uintx ReservedCodeCacheSize                    = 251658240                              {pd product} {ergonomic}
     bool SegmentedCodeCache                       = true                                      {product} {ergonomic}
   size_t SoftMaxHeapSize                          = 2147483648                             {manageable} {ergonomic}
     bool UseCompressedClassPointers               = true                           {product lp64_product} {ergonomic}
     bool UseCompressedOops                        = true                           {product lp64_product} {ergonomic}
     bool UseG1GC                                  = true                                      {product} {ergonomic}
     bool UseLargePagesIndividualAllocation        = false                                  {pd product} {ergonomic}

Logging:
Log output configuration:
 #0: stdout all=warning uptime,level,tags
 #1: stderr all=off uptime,level,tags

Environment Variables:
JAVA_HOME=C:\Program Files\Eclipse Adoptium\jdk-17.0.14.7-hotspot
PATH=C:\Program Files\Eclipse Adoptium\jdk-17.0.14.7-hotspot\bin;C:\Program Files\Eclipse Adoptium\jdk-17.0.14.7-hotspot\bin;C:\Program Files\Eclipse Adoptium\jdk-21.0.6.7-hotspot\bin;c:\Program Files\MongoDB\Server\8.0\bin;c:\Users\retti\AppData\Local\Programs\cursor\resources\app\bin;C:\WINDOWS\system32;C:\WINDOWS;C:\WINDOWS\System32\Wbem;C:\WINDOWS\System32\WindowsPowerShell\v1.0\;C:\WINDOWS\System32\OpenSSH\;C:\Program Files\Git\cmd;C:\ProgramData\chocolatey\bin;C:\Program Files\nodejs\;C:\Users\retti\AppData\Local\Android\Sdk\platform-tools;C:\Program Files\MySQL\MySQL Shell 8.0\bin\;C:\Users\retti\AppData\Local\Programs\Python\Python312\Scripts\;C:\Users\retti\AppData\Local\Programs\Python\Python312\;C:\Users\retti\AppData\Local\Microsoft\WindowsApps;C:\Users\retti\AppData\Roaming\npm;c:\Users\retti\AppData\Local\Programs\cursor\resources\app\bin;c:\Users\retti\AppData\Local\Programs\cursor\resources\app\bin;C:\Program Files\MongoDB\mongosh-2.4.2-win32-x64;C:\Program Files\MongoDB\mongosh-2.4.2-win32-x64\bin;C:\Program Files\Eclipse Adoptium\jdk-17.0.14.7-hotspot\bin;C:\stripe-cli\;C:\strip-cli;C:\Users\retti\AppData\Local\Programs\Python\Python312\Scripts\;C:\Users\retti\AppData\Local\Programs\Python\Python312\;C:\Users\retti\AppData\Local\Microsoft\WindowsApps;;C:\Users\retti\AppData\Local\Programs\Microsoft VS Code\bin;C:\Users\retti\AppData\Roaming\npm;C:\Users\retti\AppData\Local\Programs\cursor\resources\app\bin
USERNAME=Biruk'sPC
OS=Windows_NT
PROCESSOR_IDENTIFIER=Intel64 Family 6 Model 126 Stepping 5, GenuineIntel
TMP=C:\Users\retti\AppData\Local\Temp
TEMP=C:\Users\retti\AppData\Local\Temp



Periodic native trim disabled


---------------  S Y S T E M  ---------------

OS:
 Windows 11 , 64 bit Build 22621 (10.0.22621.5124)
OS uptime: 1 days 18:47 hours

CPU: total 4 (initial active 4) (2 cores per cpu, 2 threads per core) family 6 model 126 stepping 5 microcode 0x86, cx8, cmov, fxsr, ht, mmx, 3dnowpref, sse, sse2, sse3, ssse3, sse4.1, sse4.2, popcnt, lzcnt, tsc, tscinvbit, avx, avx2, aes, erms, clmul, bmi1, bmi2, adx, avx512f, avx512dq, avx512cd, avx512bw, avx512vl, sha, fma, vzeroupper, avx512_vpopcntdq, avx512_vpclmulqdq, avx512_vaes, avx512_vnni, clflush, clflushopt, avx512_vbmi2, avx512_vbmi
Processor Information for all 4 processors :
  Max Mhz: 1190, Current Mhz: 1190, Mhz Limit: 1190

Memory: 4k page, system-wide physical 7987M (392M free)
TotalPageFile size 14188M (AvailPageFile size 0M)
current process WorkingSet (physical memory assigned to process): 457M, peak: 485M
current process commit charge ("private bytes"): 488M, peak: 517M

vm_info: OpenJDK 64-Bit Server VM (17.0.14+7) for windows-amd64 JRE (17.0.14+7), built on Jan 21 2025 23:40:15 by "admin" with MS VC++ 17.7 (VS2022)

END.
